
           Lattice Mapping Report File for Design Module 'shiftRL'


Design Information
------------------

Command line:   map -a MachXO2 -p LCMXO2-7000HE -t TQFP144 -s 5 -oc Commercial
     shiftRL00_shiftRL0.ngd -o shiftRL00_shiftRL0_map.ncd -pr
     shiftRL00_shiftRL0.prf -mp shiftRL00_shiftRL0.mrp -lpf C:/Users/ESCOM/Docum
     ents/AC/2P/shiftRL00/shiftRL00/shiftRL0/shiftRL00_shiftRL0_synplify.lpf
     -lpf C:/Users/ESCOM/Documents/AC/2P/shiftRL00/shiftRL00/shiftRL00.lpf -c 0
     -gui -msgset C:/Users/ESCOM/Documents/AC/2P/shiftRL00/shiftRL00/promote.xml
     
Target Vendor:  LATTICE
Target Device:  LCMXO2-7000HETQFP144
Target Performance:   5
Mapper:  xo2c00,  version:  Diamond (64-bit) 3.12.0.240.2
Mapped on:  10/21/21  15:21:00

Design Summary
--------------

   Number of registers:     42 out of  7209 (1%)
      PFU registers:           34 out of  6864 (0%)
      PIO registers:            8 out of   345 (2%)
   Number of SLICEs:        56 out of  3432 (2%)
      SLICEs as Logic/ROM:     56 out of  3432 (2%)
      SLICEs as RAM:            0 out of  2574 (0%)
      SLICEs as Carry:         12 out of  3432 (0%)
   Number of LUT4s:        111 out of  6864 (2%)
      Number used as logic LUTs:         87
      Number used as distributed RAM:     0
      Number used as ripple logic:       24
      Number used as shift registers:     0
   Number of PIO sites used: 33 + 4(JTAG) out of 115 (32%)
   Number of block RAMs:  0 out of 26 (0%)
   Number of GSRs:        0 out of 1 (0%)
   EFB used :        No
   JTAG used :       No
   Readback used :   No
   Oscillator used : Yes
   Startup used :    No
   POR :             On
   Bandgap :         On
   Number of Power Controller:  0 out of 1 (0%)
   Number of Dynamic Bank Controller (BCINRD):  0 out of 6 (0%)
   Number of Dynamic Bank Controller (BCLVDSO):  0 out of 1 (0%)
   Number of DCCA:  0 out of 8 (0%)
   Number of DCMA:  0 out of 2 (0%)
   Number of PLLs:  0 out of 2 (0%)
   Number of DQSDLLs:  0 out of 2 (0%)
   Number of CLKDIVC:  0 out of 4 (0%)
   Number of ECLKSYNCA:  0 out of 4 (0%)
   Number of ECLKBRIDGECS:  0 out of 2 (0%)
   Notes:-
      1. Total number of LUT4s = (Number of logic LUT4s) + 2*(Number of
     distributed RAMs) + 2*(Number of ripple logic)
      2. Number of logic LUT4s does not include count of distributed RAM and
     ripple logic.
   Number of clocks:  2
     Net clk0_c: 14 loads, 14 rising, 0 falling (Driver: SLR00/OS01/oscout )

                                    Page 1




Design:  shiftRL                                       Date:  10/21/21  15:21:00

Design Summary (cont)
---------------------
     Net SLR00/sclk: 13 loads, 13 rising, 0 falling (Driver: SLR00/OS00/OSCInst0
     )
   Number of Clock Enables:  1
     Net N_9: 12 loads, 4 LSLICEs
   Number of LSRs:  2
     Net SLR01.pshift.outs18: 10 loads, 2 LSLICEs
     Net SLR00/OS01/un1_oscout42_RNITMDB1: 12 loads, 12 LSLICEs
   Number of nets driven by tri-state buffers:  0
   Top 10 highest fanout non-clock nets:
     Net SLR01.pshift.outs18: 18 loads
     Net N_9: 12 loads
     Net SLR00/OS01/un1_oscout42_RNITMDB1: 12 loads
     Net cdiv0_c[4]: 8 loads
     Net SLR00/OS01/sdiv[20]: 8 loads
     Net SLR00/OS01/sdiv[21]: 8 loads
     Net en0_c[1]: 7 loads
     Net SLR01/N_45: 7 loads
     Net cdiv0_c[0]: 6 loads
     Net en0_c[2]: 6 loads




   Number of warnings:  0
   Number of errors:    0
     

Design Errors/Warnings
----------------------

   No errors or warnings present.

IO (PIO) Attributes
-------------------

+---------------------+-----------+-----------+------------+
| IO Name             | Direction | Levelmode | IO         |
|                     |           |  IO_TYPE  | Register   |
+---------------------+-----------+-----------+------------+
| clk0                | OUTPUT    | LVCMOS25  |            |
+---------------------+-----------+-----------+------------+
| cdiv0[0]            | INPUT     | LVCMOS25  |            |
+---------------------+-----------+-----------+------------+
| out0[7]             | OUTPUT    | LVCMOS25  | OUT        |
+---------------------+-----------+-----------+------------+
| out0[6]             | OUTPUT    | LVCMOS25  | OUT        |
+---------------------+-----------+-----------+------------+
| out0[5]             | OUTPUT    | LVCMOS25  | OUT        |
+---------------------+-----------+-----------+------------+
| out0[4]             | OUTPUT    | LVCMOS25  | OUT        |
+---------------------+-----------+-----------+------------+
| out0[3]             | OUTPUT    | LVCMOS25  | OUT        |
+---------------------+-----------+-----------+------------+
| out0[2]             | OUTPUT    | LVCMOS25  | OUT        |
+---------------------+-----------+-----------+------------+
| out0[1]             | OUTPUT    | LVCMOS25  | OUT        |

                                    Page 2




Design:  shiftRL                                       Date:  10/21/21  15:21:00

IO (PIO) Attributes (cont)
--------------------------
+---------------------+-----------+-----------+------------+
| out0[0]             | OUTPUT    | LVCMOS25  | OUT        |
+---------------------+-----------+-----------+------------+
| in0[7]              | INPUT     | LVCMOS25  |            |
+---------------------+-----------+-----------+------------+
| in0[6]              | INPUT     | LVCMOS25  |            |
+---------------------+-----------+-----------+------------+
| in0[5]              | INPUT     | LVCMOS25  |            |
+---------------------+-----------+-----------+------------+
| in0[4]              | INPUT     | LVCMOS25  |            |
+---------------------+-----------+-----------+------------+
| in0[3]              | INPUT     | LVCMOS25  |            |
+---------------------+-----------+-----------+------------+
| in0[2]              | INPUT     | LVCMOS25  |            |
+---------------------+-----------+-----------+------------+
| in0[1]              | INPUT     | LVCMOS25  |            |
+---------------------+-----------+-----------+------------+
| in0[0]              | INPUT     | LVCMOS25  |            |
+---------------------+-----------+-----------+------------+
| control0[2]         | INPUT     | LVCMOS25  |            |
+---------------------+-----------+-----------+------------+
| control0[1]         | INPUT     | LVCMOS25  |            |
+---------------------+-----------+-----------+------------+
| control0[0]         | INPUT     | LVCMOS25  |            |
+---------------------+-----------+-----------+------------+
| en0[7]              | INPUT     | LVCMOS25  |            |
+---------------------+-----------+-----------+------------+
| en0[6]              | INPUT     | LVCMOS25  |            |
+---------------------+-----------+-----------+------------+
| en0[5]              | INPUT     | LVCMOS25  |            |
+---------------------+-----------+-----------+------------+
| en0[4]              | INPUT     | LVCMOS25  |            |
+---------------------+-----------+-----------+------------+
| en0[3]              | INPUT     | LVCMOS25  |            |
+---------------------+-----------+-----------+------------+
| en0[2]              | INPUT     | LVCMOS25  |            |
+---------------------+-----------+-----------+------------+
| en0[1]              | INPUT     | LVCMOS25  |            |
+---------------------+-----------+-----------+------------+
| en0[0]              | INPUT     | LVCMOS25  |            |
+---------------------+-----------+-----------+------------+
| cdiv0[4]            | INPUT     | LVCMOS25  |            |
+---------------------+-----------+-----------+------------+
| cdiv0[3]            | INPUT     | LVCMOS25  |            |
+---------------------+-----------+-----------+------------+
| cdiv0[2]            | INPUT     | LVCMOS25  |            |
+---------------------+-----------+-----------+------------+
| cdiv0[1]            | INPUT     | LVCMOS25  |            |
+---------------------+-----------+-----------+------------+

Removed logic
-------------

Block VCC undriven or does not drive anything - clipped.
Block GSR_INST undriven or does not drive anything - clipped.
Block GND undriven or does not drive anything - clipped.

                                    Page 3




Design:  shiftRL                                       Date:  10/21/21  15:21:00

Removed logic (cont)
--------------------
Block SLR00/OS01/VCC undriven or does not drive anything - clipped.
Block SLR01/GND undriven or does not drive anything - clipped.
Block SLR01/VCC undriven or does not drive anything - clipped.
Signal SLR00/OS00/GND undriven or does not drive anything - clipped.
Signal SLR00/OS01/GND undriven or does not drive anything - clipped.
Signal VCC undriven or does not drive anything - clipped.
Signal SLR00/OS00/OSCInst0_SEDSTDBY undriven or does not drive anything -
     clipped.
Signal SLR00/OS01/un1_sdiv_s_21_0_S1 undriven or does not drive anything -
     clipped.
Signal SLR00/OS01/un1_sdiv_s_21_0_COUT undriven or does not drive anything -
     clipped.
Signal SLR00/OS01/un1_sdiv_cry_0_0_S0 undriven or does not drive anything -
     clipped.
Signal SLR00/OS01/N_3 undriven or does not drive anything - clipped.
Block SLR00/OS00/GND was optimized away.
Block SLR00/OS01/GND was optimized away.

     

OSC Summary
-----------

OSC 1:                                     Pin/Node Value
  OSC Instance Name:                                SLR00/OS00/OSCInst0
  OSC Type:                                         OSCH
  STDBY Input:                                      NONE
  OSC Output:                              NODE     SLR00/sclk
  OSC Nominal Frequency (MHz):                      2.08

ASIC Components
---------------

Instance Name: SLR00/OS00/OSCInst0
         Type: OSCH

Run Time and Memory Usage
-------------------------

   Total CPU Time: 2 secs  
   Total REAL Time: 3 secs  
   Peak Memory Usage: 56 MB
        














                                    Page 4


Copyright (c) 1991-1994 by NeoCAD Inc. All rights reserved.
     Copyright (c) 1995 AT&T Corp.   All rights reserved.
     Copyright (c) 1995-2001 Lucent Technologies Inc.  All rights reserved.
     Copyright (c) 2001 Agere Systems   All rights reserved.
     Copyright (c) 2002-2020 Lattice Semiconductor Corporation,  All rights
     reserved.
