Running in Lattice mode

Starting:    C:\lscc\diamond\3.12\synpbase\bin64\mbin\synbatch.exe
Install:     C:\lscc\diamond\3.12\synpbase
Hostname:    DESKTOP-GREMORY
Date:        Wed Sep 22 23:35:23 2021
Version:     Q-2020.03L-SP1

Arguments:   -product synplify_pro -batch mult4bit00_mult4bit000_synplify.tcl
ProductType: synplify_pro




log file: "F:\Materias\Arqui\Practica 11.- Multiplicador 8 bits\mult4bit000\mult4bit00_mult4bit000.srr"
Running: hdl_info_gen in foreground

Generating HDL info...
Copied F:\Materias\Arqui\Practica 11.- Multiplicador 8 bits\mult4bit000\mult4bit00_mult4bit000.srr to F:\Materias\Arqui\Practica 11.- Multiplicador 8 bits\mult4bit000\mult4bit00_mult4bit000.srf

hdl_info_gen completed
# Wed Sep 22 23:35:24 2021

Return Code: 0
Run Time:00h:00m:01s
log file: "F:\Materias\Arqui\Practica 11.- Multiplicador 8 bits\mult4bit000\mult4bit00_mult4bit000.srr"
Running: mult4bit000 in foreground

Running proj_1|mult4bit000

Running Flow: compile (Compile) on proj_1|mult4bit000
# Wed Sep 22 23:35:24 2021

Running Flow: compile_flow (Compile Process) on proj_1|mult4bit000
# Wed Sep 22 23:35:24 2021

Running: compiler (Compile Input) on proj_1|mult4bit000
# Wed Sep 22 23:35:24 2021
Copied F:\Materias\Arqui\Practica 11.- Multiplicador 8 bits\mult4bit000\synwork\mult4bit00_mult4bit000_comp.srs to F:\Materias\Arqui\Practica 11.- Multiplicador 8 bits\mult4bit000\mult4bit00_mult4bit000.srs

compiler completed
# Wed Sep 22 23:35:27 2021

Return Code: 0
Run Time:00h:00m:03s

Running: multi_srs_gen (Multi-srs Generator) on proj_1|mult4bit000
# Wed Sep 22 23:35:27 2021

multi_srs_gen completed
# Wed Sep 22 23:35:27 2021

Return Code: 0
Run Time:00h:00m:00s
Copied F:\Materias\Arqui\Practica 11.- Multiplicador 8 bits\mult4bit000\synwork\mult4bit00_mult4bit000_mult.srs to F:\Materias\Arqui\Practica 11.- Multiplicador 8 bits\mult4bit000\mult4bit00_mult4bit000.srs
Copied F:\Materias\Arqui\Practica 11.- Multiplicador 8 bits\mult4bit000\mult4bit00_mult4bit000.srr to F:\Materias\Arqui\Practica 11.- Multiplicador 8 bits\mult4bit000\mult4bit00_mult4bit000.srf
Complete: Compile Process on proj_1|mult4bit000

Running: premap (Premap) on proj_1|mult4bit000
# Wed Sep 22 23:35:27 2021

premap completed
# Wed Sep 22 23:35:29 2021

Return Code: 0
Run Time:00h:00m:02s
Complete: Compile on proj_1|mult4bit000

Running Flow: map (Map) on proj_1|mult4bit000
# Wed Sep 22 23:35:29 2021

Running: fpga_mapper (Map & Optimize) on proj_1|mult4bit000
# Wed Sep 22 23:35:29 2021
Copied F:\Materias\Arqui\Practica 11.- Multiplicador 8 bits\mult4bit000\synwork\mult4bit00_mult4bit000_m.srm to F:\Materias\Arqui\Practica 11.- Multiplicador 8 bits\mult4bit000\mult4bit00_mult4bit000.srm

fpga_mapper completed
# Wed Sep 22 23:35:33 2021

Return Code: 0
Run Time:00h:00m:04s
Complete: Map on proj_1|mult4bit000
Copied F:\Materias\Arqui\Practica 11.- Multiplicador 8 bits\mult4bit000\mult4bit00_mult4bit000.srr to F:\Materias\Arqui\Practica 11.- Multiplicador 8 bits\mult4bit000\mult4bit00_mult4bit000.srf
Complete: Logic Synthesis on proj_1|mult4bit000
TCL script complete: "mult4bit00_mult4bit000_synplify.tcl"
exit status=0
exit status=0
Save changes for project:
F:\Materias\Arqui\Practica 11.- Multiplicador 8 bits\mult4bit000\proj_1.prj
batch mode default:no
