
            Lattice Mapping Report File for Design Module 'osc00'


Design Information
------------------

Command line:   map -a MachXO2 -p LCMXO2-7000HE -t TQFP144 -s 5 -oc Commercial
     osc00_osc0.ngd -o osc00_osc0_map.ncd -pr osc00_osc0.prf -mp osc00_osc0.mrp
     -lpf C:/Users/Emanuel/Documents/ESCOM/7 SEPTIMO SEMESTRE/Arquitectura de co
     mputadoras/1erP/06-proyectDiamond-1erParc/10-osc00-vhdl/osc0/osc00_osc0_syn
     plify.lpf -lpf C:/Users/Emanuel/Documents/ESCOM/7 SEPTIMO
     SEMESTRE/Arquitectura de
     computadoras/1erP/06-proyectDiamond-1erParc/10-osc00-vhdl/osc00.lpf -c 0
     -gui 
Target Vendor:  LATTICE
Target Device:  LCMXO2-7000HETQFP144
Target Performance:   5
Mapper:  xo2c00,  version:  Diamond (64-bit) 3.12.0.240.2
Mapped on:  03/11/22  23:45:25

Design Summary
--------------

   Number of registers:     23 out of  7209 (0%)
      PFU registers:           23 out of  6864 (0%)
      PIO registers:            0 out of   345 (0%)
   Number of SLICEs:        36 out of  3432 (1%)
      SLICEs as Logic/ROM:     36 out of  3432 (1%)
      SLICEs as RAM:            0 out of  2574 (0%)
      SLICEs as Carry:         12 out of  3432 (0%)
   Number of LUT4s:         72 out of  6864 (1%)
      Number used as logic LUTs:         48
      Number used as distributed RAM:     0
      Number used as ripple logic:       24
      Number used as shift registers:     0
   Number of PIO sites used: 6 + 4(JTAG) out of 115 (9%)
   Number of block RAMs:  0 out of 26 (0%)
   Number of GSRs:        0 out of 1 (0%)
   EFB used :        No
   JTAG used :       No
   Readback used :   No
   Oscillator used : Yes
   Startup used :    No
   POR :             On
   Bandgap :         On
   Number of Power Controller:  0 out of 1 (0%)
   Number of Dynamic Bank Controller (BCINRD):  0 out of 6 (0%)
   Number of Dynamic Bank Controller (BCLVDSO):  0 out of 1 (0%)
   Number of DCCA:  0 out of 8 (0%)
   Number of DCMA:  0 out of 2 (0%)
   Number of PLLs:  0 out of 2 (0%)
   Number of DQSDLLs:  0 out of 2 (0%)
   Number of CLKDIVC:  0 out of 4 (0%)
   Number of ECLKSYNCA:  0 out of 4 (0%)
   Number of ECLKBRIDGECS:  0 out of 2 (0%)
   Notes:-
      1. Total number of LUT4s = (Number of logic LUT4s) + 2*(Number of
     distributed RAMs) + 2*(Number of ripple logic)
      2. Number of logic LUT4s does not include count of distributed RAM and
     ripple logic.
   Number of clocks:  1

                                    Page 1




Design:  osc00                                         Date:  03/11/22  23:45:25

Design Summary (cont)
---------------------
     Net sclk: 13 loads, 13 rising, 0 falling (Driver: D00/OSCInst0 )
   Number of Clock Enables:  0
   Number of LSRs:  1
     Net D01/un1_sdiv61_RNISBNF: 12 loads, 12 LSLICEs
   Number of nets driven by tri-state buffers:  0
   Top 10 highest fanout non-clock nets:
     Net D01/un1_sdiv61_RNISBNF: 12 loads
     Net cdiv_c[1]: 8 loads
     Net D01/sdiv[19]: 8 loads
     Net D01/sdiv[18]: 7 loads
     Net cdiv_c[0]: 6 loads
     Net D01/N_3_19: 6 loads
     Net D01/sdiv[16]: 6 loads
     Net D01/sdiv[17]: 6 loads
     Net D01/sdiv[20]: 6 loads
     Net D01/sdiv[21]: 6 loads




   Number of warnings:  0
   Number of errors:    0
     

Design Errors/Warnings
----------------------

   No errors or warnings present.

IO (PIO) Attributes
-------------------

+---------------------+-----------+-----------+------------+
| IO Name             | Direction | Levelmode | IO         |
|                     |           |  IO_TYPE  | Register   |
+---------------------+-----------+-----------+------------+
| oscout0             | OUTPUT    | LVCMOS25  |            |
+---------------------+-----------+-----------+------------+
| cdiv[0]             | INPUT     | LVCMOS25  |            |
+---------------------+-----------+-----------+------------+
| cdiv[4]             | INPUT     | LVCMOS25  |            |
+---------------------+-----------+-----------+------------+
| cdiv[3]             | INPUT     | LVCMOS25  |            |
+---------------------+-----------+-----------+------------+
| cdiv[2]             | INPUT     | LVCMOS25  |            |
+---------------------+-----------+-----------+------------+
| cdiv[1]             | INPUT     | LVCMOS25  |            |
+---------------------+-----------+-----------+------------+

Removed logic
-------------

Block VCC undriven or does not drive anything - clipped.
Block GSR_INST undriven or does not drive anything - clipped.
Block GND undriven or does not drive anything - clipped.
Block D01/VCC undriven or does not drive anything - clipped.

                                    Page 2




Design:  osc00                                         Date:  03/11/22  23:45:25

Removed logic (cont)
--------------------
Signal D00/GND undriven or does not drive anything - clipped.
Signal D01/GND undriven or does not drive anything - clipped.
Signal VCC undriven or does not drive anything - clipped.
Signal D00/OSCInst0_SEDSTDBY undriven or does not drive anything - clipped.
Signal D01/un1_sdiv_s_21_0_S1 undriven or does not drive anything - clipped.
Signal D01/un1_sdiv_s_21_0_COUT undriven or does not drive anything - clipped.
Signal D01/un1_sdiv_cry_0_0_S0 undriven or does not drive anything - clipped.
Signal D01/N_1 undriven or does not drive anything - clipped.
Block D00/GND was optimized away.
Block D01/GND was optimized away.

     

OSC Summary
-----------

OSC 1:                                     Pin/Node Value
  OSC Instance Name:                                D00/OSCInst0
  OSC Type:                                         OSCH
  STDBY Input:                                      NONE
  OSC Output:                              NODE     sclk
  OSC Nominal Frequency (MHz):                      2.08

ASIC Components
---------------

Instance Name: D00/OSCInst0
         Type: OSCH

Run Time and Memory Usage
-------------------------

   Total CPU Time: 0 secs  
   Total REAL Time: 0 secs  
   Peak Memory Usage: 57 MB
        





















                                    Page 3


Copyright (c) 1991-1994 by NeoCAD Inc. All rights reserved.
     Copyright (c) 1995 AT&T Corp.   All rights reserved.
     Copyright (c) 1995-2001 Lucent Technologies Inc.  All rights reserved.
     Copyright (c) 2001 Agere Systems   All rights reserved.
     Copyright (c) 2002-2020 Lattice Semiconductor Corporation,  All rights
     reserved.
