
synpwrap -msg -prj "osc00_osc0_synplify.tcl" -log "osc00_osc0.srf"
Copyright (C) 1992-2020 Lattice Semiconductor Corporation. All rights reserved.
Lattice Diamond Version 3.12.0.240.2
    <postMsg mid="2011000" type="Info"    dynamic="0" navigation="0"  />

==contents of osc00_osc0.srf
#Build: Synplify Pro (R) Q-2020.03L-SP1, Build 182R, Oct 29 2020
#install: C:\lscc\diamond\3.12\synpbase
#OS: Windows 8 6.2
#Hostname: DESKTOP-4OJJTR2

# Thu Mar 10 09:09:58 2022

#Implementation: osc0


Copyright (C) 1994-2020 Synopsys, Inc.
This Synopsys software and all associated documentation are proprietary to Synopsys, Inc.
and may only be used pursuant to the terms and conditions of a written license agreement
with Synopsys, Inc. All other use, reproduction, modification, or distribution of the
Synopsys software or the associated documentation is strictly prohibited.
Tool: Synplify Pro (R)
Build: Q-2020.03L-SP1
Install: C:\lscc\diamond\3.12\synpbase
OS: Windows 6.2

Hostname: DESKTOP-4OJJTR2

Implementation : osc0
Synopsys HDL Compiler, Version comp202003synp2, Build 182R, Built Oct 29 2020 10:49:53, @

@N|Running in 64-bit mode
###########################################################[

Copyright (C) 1994-2020 Synopsys, Inc.
This Synopsys software and all associated documentation are proprietary to Synopsys, Inc.
and may only be used pursuant to the terms and conditions of a written license agreement
with Synopsys, Inc. All other use, reproduction, modification, or distribution of the
Synopsys software or the associated documentation is strictly prohibited.
Tool: Synplify Pro (R)
Build: Q-2020.03L-SP1
Install: C:\lscc\diamond\3.12\synpbase
OS: Windows 6.2

Hostname: DESKTOP-4OJJTR2

Implementation : osc0
Synopsys VHDL Compiler, Version comp202003synp2, Build 182R, Built Oct 29 2020 10:49:53, @

@N|Running in 64-bit mode
@N:"C:\Users\braya\Downloads\Arquitectura de computadoras\06-projectDiamond-1erParc\08-osc00\osc00.vhdl":7:7:7:11|Top entity is set to osc00.
VHDL syntax check successful!
@N: CD630 :"C:\Users\braya\Downloads\Arquitectura de computadoras\06-projectDiamond-1erParc\08-osc00\osc00.vhdl":7:7:7:11|Synthesizing work.osc00.osc0.
@N: CD630 :"C:\Users\braya\Downloads\Arquitectura de computadoras\06-projectDiamond-1erParc\08-osc00\div00.vhdl":8:7:8:11|Synthesizing work.div00.div0.
@N: CD364 :"C:\Users\braya\Downloads\Arquitectura de computadoras\06-projectDiamond-1erParc\08-osc00\div00.vhdl":28:3:28:8|Removing redundant assignment.
@N: CD364 :"C:\Users\braya\Downloads\Arquitectura de computadoras\06-projectDiamond-1erParc\08-osc00\div00.vhdl":36:3:36:8|Removing redundant assignment.
@N: CD364 :"C:\Users\braya\Downloads\Arquitectura de computadoras\06-projectDiamond-1erParc\08-osc00\div00.vhdl":44:3:44:8|Removing redundant assignment.
@N: CD364 :"C:\Users\braya\Downloads\Arquitectura de computadoras\06-projectDiamond-1erParc\08-osc00\div00.vhdl":52:3:52:8|Removing redundant assignment.
@N: CD364 :"C:\Users\braya\Downloads\Arquitectura de computadoras\06-projectDiamond-1erParc\08-osc00\div00.vhdl":60:3:60:8|Removing redundant assignment.
@N: CD364 :"C:\Users\braya\Downloads\Arquitectura de computadoras\06-projectDiamond-1erParc\08-osc00\div00.vhdl":68:3:68:8|Removing redundant assignment.
@N: CD364 :"C:\Users\braya\Downloads\Arquitectura de computadoras\06-projectDiamond-1erParc\08-osc00\div00.vhdl":76:3:76:8|Removing redundant assignment.
@N: CD364 :"C:\Users\braya\Downloads\Arquitectura de computadoras\06-projectDiamond-1erParc\08-osc00\div00.vhdl":84:3:84:8|Removing redundant assignment.
Post processing for work.div00.div0
Running optimization stage 1 on div00 .......
@N: CD630 :"C:\Users\braya\Downloads\Arquitectura de computadoras\06-projectDiamond-1erParc\08-osc00\oscint00.vhdl":6:7:6:14|Synthesizing work.oscint00.oscint0.
@W: CD276 :"C:\lscc\diamond\3.12\cae_library\synthesis\vhdl\machxo2.vhd":2297:8:2297:15|Map for port sedstdby of component osch not found
@N: CD630 :"C:\lscc\diamond\3.12\cae_library\synthesis\vhdl\machxo2.vhd":2291:10:2291:13|Synthesizing work.osch.syn_black_box.
Post processing for work.osch.syn_black_box
Post processing for work.oscint00.oscint0
Running optimization stage 1 on oscint00 .......
Post processing for work.osc00.osc0
Running optimization stage 1 on osc00 .......
Running optimization stage 2 on oscint00 .......
Running optimization stage 2 on div00 .......
Running optimization stage 2 on osc00 .......

For a summary of runtime and memory usage per design unit, please see file:
==========================================================
@L: C:\Users\braya\Downloads\Arquitectura de computadoras\06-projectDiamond-1erParc\08-osc00\osc0\synwork\layer0.rt.csv


At c_vhdl Exit (Real Time elapsed 0h:00m:01s; CPU Time elapsed 0h:00m:00s; Memory used current: 97MB peak: 98MB)

Process took 0h:00m:01s realtime, 0h:00m:01s cputime

Process completed successfully.
# Thu Mar 10 09:10:00 2022

###########################################################]
###########################################################[

Copyright (C) 1994-2020 Synopsys, Inc.
This Synopsys software and all associated documentation are proprietary to Synopsys, Inc.
and may only be used pursuant to the terms and conditions of a written license agreement
with Synopsys, Inc. All other use, reproduction, modification, or distribution of the
Synopsys software or the associated documentation is strictly prohibited.
Tool: Synplify Pro (R)
Build: Q-2020.03L-SP1
Install: C:\lscc\diamond\3.12\synpbase
OS: Windows 6.2

Hostname: DESKTOP-4OJJTR2

Implementation : osc0
Synopsys Synopsys Netlist Linker, Version comp202003synp2, Build 182R, Built Oct 29 2020 10:49:53, @

@N|Running in 64-bit mode

At syn_nfilter Exit (Real Time elapsed 0h:00m:00s; CPU Time elapsed 0h:00m:00s; Memory used current: 91MB peak: 92MB)

Process took 0h:00m:01s realtime, 0h:00m:01s cputime

Process completed successfully.
# Thu Mar 10 09:10:01 2022

###########################################################]

For a summary of runtime and memory usage for all design units, please see file:
==========================================================
@L: C:\Users\braya\Downloads\Arquitectura de computadoras\06-projectDiamond-1erParc\08-osc00\osc0\synwork\osc00_osc0_comp.rt.csv

@END

At c_hdl Exit (Real Time elapsed 0h:00m:02s; CPU Time elapsed 0h:00m:00s; Memory used current: 28MB peak: 29MB)

Process took 0h:00m:02s realtime, 0h:00m:01s cputime

Process completed successfully.
# Thu Mar 10 09:10:01 2022

###########################################################]
###########################################################[

Copyright (C) 1994-2020 Synopsys, Inc.
This Synopsys software and all associated documentation are proprietary to Synopsys, Inc.
and may only be used pursuant to the terms and conditions of a written license agreement
with Synopsys, Inc. All other use, reproduction, modification, or distribution of the
Synopsys software or the associated documentation is strictly prohibited.
Tool: Synplify Pro (R)
Build: Q-2020.03L-SP1
Install: C:\lscc\diamond\3.12\synpbase
OS: Windows 6.2

Hostname: DESKTOP-4OJJTR2

Implementation : osc0
Synopsys Synopsys Netlist Linker, Version comp202003synp2, Build 182R, Built Oct 29 2020 10:49:53, @

@N|Running in 64-bit mode

At syn_nfilter Exit (Real Time elapsed 0h:00m:00s; CPU Time elapsed 0h:00m:00s; Memory used current: 90MB peak: 90MB)

Process took 0h:00m:01s realtime, 0h:00m:01s cputime

Process completed successfully.
# Thu Mar 10 09:10:02 2022

###########################################################]
Premap Report

# Thu Mar 10 09:10:04 2022


Copyright (C) 1994-2020 Synopsys, Inc.
This Synopsys software and all associated documentation are proprietary to Synopsys, Inc.
and may only be used pursuant to the terms and conditions of a written license agreement
with Synopsys, Inc. All other use, reproduction, modification, or distribution of the
Synopsys software or the associated documentation is strictly prohibited.
Tool: Synplify Pro (R)
Build: Q-2020.03L-SP1
Install: C:\lscc\diamond\3.12\synpbase
OS: Windows 6.2

Hostname: DESKTOP-4OJJTR2

Implementation : osc0
Synopsys Lattice Technology Pre-mapping, Version map202003lat, Build 172R, Built Nov  2 2020 09:31:45, @


Mapper Startup Complete (Real Time elapsed 0h:00m:00s; CPU Time elapsed 0h:00m:00s; Memory used current: 117MB peak: 117MB)

@A: MF827 |No constraint file specified.
@L: C:\Users\braya\Downloads\Arquitectura de computadoras\06-projectDiamond-1erParc\08-osc00\osc0\osc00_osc0_scck.rpt 
See clock summary report "C:\Users\braya\Downloads\Arquitectura de computadoras\06-projectDiamond-1erParc\08-osc00\osc0\osc00_osc0_scck.rpt"
@N: MF916 |Option synthesis_strategy=base is enabled. 
@N: MF248 |Running in 64-bit mode.
@N: MF666 |Clock conversion enabled. (Command "set_option -fix_gated_and_generated_clocks 1" in the project file.)

Design Input Complete (Real Time elapsed 0h:00m:01s; CPU Time elapsed 0h:00m:00s; Memory used current: 126MB peak: 129MB)


Mapper Initialization Complete (Real Time elapsed 0h:00m:01s; CPU Time elapsed 0h:00m:00s; Memory used current: 126MB peak: 129MB)


Start loading timing files (Real Time elapsed 0h:00m:01s; CPU Time elapsed 0h:00m:00s; Memory used current: 138MB peak: 138MB)


Finished loading timing files (Real Time elapsed 0h:00m:01s; CPU Time elapsed 0h:00m:00s; Memory used current: 138MB peak: 140MB)


Starting clock optimization phase (Real Time elapsed 0h:00m:02s; CPU Time elapsed 0h:00m:00s; Memory used current: 169MB peak: 169MB)


Finished clock optimization phase (Real Time elapsed 0h:00m:02s; CPU Time elapsed 0h:00m:00s; Memory used current: 170MB peak: 170MB)


Starting clock optimization report phase (Real Time elapsed 0h:00m:02s; CPU Time elapsed 0h:00m:00s; Memory used current: 170MB peak: 170MB)


Finished clock optimization report phase (Real Time elapsed 0h:00m:02s; CPU Time elapsed 0h:00m:00s; Memory used current: 170MB peak: 170MB)

@N: FX1184 |Applying syn_allowed_resources blockrams=26 on top level netlist osc00 

Finished netlist restructuring (Real Time elapsed 0h:00m:02s; CPU Time elapsed 0h:00m:00s; Memory used current: 170MB peak: 170MB)



Clock Summary
******************

          Start                               Requested     Requested     Clock        Clock                   Clock
Level     Clock                               Frequency     Period        Type         Group                   Load 
--------------------------------------------------------------------------------------------------------------------
0 -       oscint00|osc_int_inferred_clock     2.1 MHz       480.769       inferred     Inferred_clkgroup_0     23   
====================================================================================================================



Clock Load Summary
***********************

                                    Clock     Source                     Clock Pin        Non-clock Pin     Non-clock Pin
Clock                               Load      Pin                        Seq Example      Seq Example       Comb Example 
-------------------------------------------------------------------------------------------------------------------------
oscint00|osc_int_inferred_clock     23        D00.OSCInst0.OSC(OSCH)     D01.oscout.C     -                 -            
=========================================================================================================================

@W: MT529 :"c:\users\braya\downloads\arquitectura de computadoras\06-projectdiamond-1erparc\08-osc00\div00.vhdl":20:4:20:5|Found inferred clock oscint00|osc_int_inferred_clock which controls 23 sequential elements including D01.sdiv[21:0]. This clock has no specified timing constraint which may prevent conversion of gated or generated clocks and may adversely impact design performance. 

ICG Latch Removal Summary:
Number of ICG latches removed: 0
Number of ICG latches not removed:	0


@S |Clock Optimization Summary



#### START OF PREMAP CLOCK OPTIMIZATION REPORT #####[

1 non-gated/non-generated clock tree(s) driving 23 clock pin(s) of sequential element(s)
0 gated/generated clock tree(s) driving 0 clock pin(s) of sequential element(s)
0 instances converted, 0 sequential instances remain driven by gated/generated clocks

============================ Non-Gated/Non-Generated Clocks ============================
Clock Tree ID     Driving Element      Drive Element Type     Fanout     Sample Instance
----------------------------------------------------------------------------------------
@KP:ckid0_0       D00.OSCInst0.OSC     OSCH                   23         D01.sdiv[21:0] 
========================================================================================


##### END OF CLOCK OPTIMIZATION REPORT ######

@N: FX1143 |Skipping assigning INTERNAL_VREF to iobanks, because the table of mapping from pin to iobank is not initialized.
Finished Pre Mapping Phase.

Starting constraint checker (Real Time elapsed 0h:00m:03s; CPU Time elapsed 0h:00m:01s; Memory used current: 170MB peak: 170MB)


Finished constraint checker preprocessing (Real Time elapsed 0h:00m:03s; CPU Time elapsed 0h:00m:01s; Memory used current: 170MB peak: 171MB)


Finished constraint checker (Real Time elapsed 0h:00m:03s; CPU Time elapsed 0h:00m:01s; Memory used current: 171MB peak: 171MB)

Pre-mapping successful!

At Mapper Exit (Real Time elapsed 0h:00m:03s; CPU Time elapsed 0h:00m:01s; Memory used current: 91MB peak: 173MB)

Process took 0h:00m:03s realtime, 0h:00m:01s cputime
# Thu Mar 10 09:10:07 2022

###########################################################]
Map & Optimize Report

# Thu Mar 10 09:10:08 2022


Copyright (C) 1994-2020 Synopsys, Inc.
This Synopsys software and all associated documentation are proprietary to Synopsys, Inc.
and may only be used pursuant to the terms and conditions of a written license agreement
with Synopsys, Inc. All other use, reproduction, modification, or distribution of the
Synopsys software or the associated documentation is strictly prohibited.
Tool: Synplify Pro (R)
Build: Q-2020.03L-SP1
Install: C:\lscc\diamond\3.12\synpbase
OS: Windows 6.2

Hostname: DESKTOP-4OJJTR2

Implementation : osc0
Synopsys Lattice Technology Mapper, Version map202003lat, Build 172R, Built Nov  2 2020 09:31:45, @


Mapper Startup Complete (Real Time elapsed 0h:00m:00s; CPU Time elapsed 0h:00m:00s; Memory used current: 117MB peak: 117MB)

@N: MF916 |Option synthesis_strategy=base is enabled. 
@N: MF248 |Running in 64-bit mode.
@N: MF666 |Clock conversion enabled. (Command "set_option -fix_gated_and_generated_clocks 1" in the project file.)

Design Input Complete (Real Time elapsed 0h:00m:00s; CPU Time elapsed 0h:00m:00s; Memory used current: 119MB peak: 129MB)


Mapper Initialization Complete (Real Time elapsed 0h:00m:00s; CPU Time elapsed 0h:00m:00s; Memory used current: 119MB peak: 129MB)


Start loading timing files (Real Time elapsed 0h:00m:00s; CPU Time elapsed 0h:00m:00s; Memory used current: 133MB peak: 133MB)


Finished loading timing files (Real Time elapsed 0h:00m:00s; CPU Time elapsed 0h:00m:00s; Memory used current: 135MB peak: 137MB)



Starting Optimization and Mapping (Real Time elapsed 0h:00m:00s; CPU Time elapsed 0h:00m:00s; Memory used current: 167MB peak: 167MB)


Available hyper_sources - for debug and ip models
	None Found


Finished RTL optimizations (Real Time elapsed 0h:00m:01s; CPU Time elapsed 0h:00m:00s; Memory used current: 170MB peak: 170MB)


Starting factoring (Real Time elapsed 0h:00m:01s; CPU Time elapsed 0h:00m:00s; Memory used current: 172MB peak: 172MB)


Finished factoring (Real Time elapsed 0h:00m:01s; CPU Time elapsed 0h:00m:01s; Memory used current: 172MB peak: 173MB)


Finished generic timing optimizations - Pass 1 (Real Time elapsed 0h:00m:01s; CPU Time elapsed 0h:00m:01s; Memory used current: 174MB peak: 174MB)


Starting Early Timing Optimization (Real Time elapsed 0h:00m:01s; CPU Time elapsed 0h:00m:01s; Memory used current: 174MB peak: 174MB)


Finished Early Timing Optimization (Real Time elapsed 0h:00m:01s; CPU Time elapsed 0h:00m:01s; Memory used current: 174MB peak: 175MB)


Finished generic timing optimizations - Pass 2 (Real Time elapsed 0h:00m:01s; CPU Time elapsed 0h:00m:01s; Memory used current: 174MB peak: 175MB)


Finished preparing to map (Real Time elapsed 0h:00m:01s; CPU Time elapsed 0h:00m:01s; Memory used current: 175MB peak: 175MB)


Finished technology mapping (Real Time elapsed 0h:00m:02s; CPU Time elapsed 0h:00m:01s; Memory used current: 180MB peak: 180MB)

Pass		 CPU time		Worst Slack		Luts / Registers
------------------------------------------------------------
   1		0h:00m:01s		   468.24ns		  48 /        23

Finished technology timing optimizations and critical path resynthesis (Real Time elapsed 0h:00m:02s; CPU Time elapsed 0h:00m:01s; Memory used current: 180MB peak: 180MB)

@N: FX164 |The option to pack registers in the IOB has not been specified. Please set syn_useioff attribute.  

Finished restoring hierarchy (Real Time elapsed 0h:00m:02s; CPU Time elapsed 0h:00m:01s; Memory used current: 180MB peak: 180MB)


Start Writing Netlists (Real Time elapsed 0h:00m:02s; CPU Time elapsed 0h:00m:01s; Memory used current: 145MB peak: 181MB)

Writing Analyst data base C:\Users\braya\Downloads\Arquitectura de computadoras\06-projectDiamond-1erParc\08-osc00\osc0\synwork\osc00_osc0_m.srm

Finished Writing Netlist Databases (Real Time elapsed 0h:00m:02s; CPU Time elapsed 0h:00m:02s; Memory used current: 181MB peak: 181MB)

Writing EDIF Netlist and constraint files
@N: FX1056 |Writing EDF file: C:\Users\braya\Downloads\Arquitectura de computadoras\06-projectDiamond-1erParc\08-osc00\osc0\osc00_osc0.edi
@N: BW106 |Synplicity Constraint File capacitance units using default value of 1pF 

Finished Writing EDIF Netlist and constraint files (Real Time elapsed 0h:00m:03s; CPU Time elapsed 0h:00m:02s; Memory used current: 185MB peak: 185MB)


Start final timing analysis (Real Time elapsed 0h:00m:03s; CPU Time elapsed 0h:00m:02s; Memory used current: 185MB peak: 186MB)

@W: MT420 |Found inferred clock oscint00|osc_int_inferred_clock with period 480.77ns. Please declare a user-defined clock on net D00.sclk.


##### START OF TIMING REPORT #####[
# Timing report written on Thu Mar 10 09:10:11 2022
#


Top view:               osc00
Requested Frequency:    2.1 MHz
Wire load mode:         top
Paths requested:        5
Constraint File(s):    
@N: MT320 |This timing report is an estimate of place and route data. For final timing results, use the FPGA vendor place and route report.

@N: MT322 |Clock constraints include only register-to-register paths associated with each individual clock.



Performance Summary
*******************


Worst slack in design: 467.485

                                    Requested     Estimated     Requested     Estimated                 Clock        Clock              
Starting Clock                      Frequency     Frequency     Period        Period        Slack       Type         Group              
----------------------------------------------------------------------------------------------------------------------------------------
oscint00|osc_int_inferred_clock     2.1 MHz       75.3 MHz      480.769       13.284        467.485     inferred     Inferred_clkgroup_0
========================================================================================================================================





Clock Relationships
*******************

Clocks                                                            |    rise  to  rise     |    fall  to  fall   |    rise  to  fall   |    fall  to  rise 
----------------------------------------------------------------------------------------------------------------------------------------------------------
Starting                         Ending                           |  constraint  slack    |  constraint  slack  |  constraint  slack  |  constraint  slack
----------------------------------------------------------------------------------------------------------------------------------------------------------
oscint00|osc_int_inferred_clock  oscint00|osc_int_inferred_clock  |  480.769     467.485  |  No paths    -      |  No paths    -      |  No paths    -    
==========================================================================================================================================================
 Note: 'No paths' indicates there are no paths in the design for that pair of clock edges.
       'Diff grp' indicates that paths exist but the starting clock and ending clock are in different clock groups.



Interface Information 
*********************

No IO constraint found



====================================
Detailed Report for Clock: oscint00|osc_int_inferred_clock
====================================



Starting Points with Worst Slack
********************************

                 Starting                                                             Arrival            
Instance         Reference                           Type        Pin     Net          Time        Slack  
                 Clock                                                                                   
---------------------------------------------------------------------------------------------------------
D01.sdiv[8]      oscint00|osc_int_inferred_clock     FD1S3IX     Q       sdiv[8]      1.108       467.485
D01.sdiv[9]      oscint00|osc_int_inferred_clock     FD1S3IX     Q       sdiv[9]      1.108       467.485
D01.sdiv[10]     oscint00|osc_int_inferred_clock     FD1S3IX     Q       sdiv[10]     1.108       467.485
D01.sdiv[11]     oscint00|osc_int_inferred_clock     FD1S3IX     Q       sdiv[11]     1.108       467.485
D01.sdiv[12]     oscint00|osc_int_inferred_clock     FD1S3IX     Q       sdiv[12]     1.148       467.517
D01.sdiv[13]     oscint00|osc_int_inferred_clock     FD1S3IX     Q       sdiv[13]     1.148       467.517
D01.sdiv[14]     oscint00|osc_int_inferred_clock     FD1S3IX     Q       sdiv[14]     1.148       467.517
D01.sdiv[15]     oscint00|osc_int_inferred_clock     FD1S3IX     Q       sdiv[15]     1.148       467.517
D01.sdiv[0]      oscint00|osc_int_inferred_clock     FD1S3IX     Q       sdiv[0]      1.044       467.549
D01.sdiv[1]      oscint00|osc_int_inferred_clock     FD1S3IX     Q       sdiv[1]      1.044       467.549
=========================================================================================================


Ending Points with Worst Slack
******************************

                 Starting                                                                Required            
Instance         Reference                           Type        Pin     Net             Time         Slack  
                 Clock                                                                                       
-------------------------------------------------------------------------------------------------------------
D01.sdiv[21]     oscint00|osc_int_inferred_clock     FD1S3IX     D       sdiv_11[21]     480.664      467.485
D01.sdiv[19]     oscint00|osc_int_inferred_clock     FD1S3IX     D       sdiv_11[19]     480.664      467.627
D01.sdiv[20]     oscint00|osc_int_inferred_clock     FD1S3IX     D       sdiv_11[20]     480.664      467.627
D01.sdiv[17]     oscint00|osc_int_inferred_clock     FD1S3IX     D       sdiv_11[17]     480.664      467.770
D01.sdiv[18]     oscint00|osc_int_inferred_clock     FD1S3IX     D       sdiv_11[18]     480.664      467.770
D01.sdiv[15]     oscint00|osc_int_inferred_clock     FD1S3IX     D       sdiv_11[15]     480.664      467.913
D01.sdiv[16]     oscint00|osc_int_inferred_clock     FD1S3IX     D       sdiv_11[16]     480.664      467.913
D01.sdiv[13]     oscint00|osc_int_inferred_clock     FD1S3IX     D       sdiv_11[13]     480.664      468.056
D01.sdiv[14]     oscint00|osc_int_inferred_clock     FD1S3IX     D       sdiv_11[14]     480.664      468.056
D01.sdiv[11]     oscint00|osc_int_inferred_clock     FD1S3IX     D       sdiv_11[11]     480.664      468.199
=============================================================================================================



Worst Path Information
***********************


Path information for path number 1: 
      Requested Period:                      480.769
    - Setup time:                            0.106
    + Clock delay at ending point:           0.000 (ideal)
    = Required time:                         480.664

    - Propagation time:                      13.179
    - Clock delay at starting point:         0.000 (ideal)
    = Slack (critical) :                     467.485

    Number of logic level(s):                19
    Starting point:                          D01.sdiv[8] / Q
    Ending point:                            D01.sdiv[21] / D
    The start point is clocked by            oscint00|osc_int_inferred_clock [rising] (rise=0.000 fall=240.385 period=480.769) on pin CK
    The end   point is clocked by            oscint00|osc_int_inferred_clock [rising] (rise=0.000 fall=240.385 period=480.769) on pin CK

Instance / Net                                 Pin      Pin               Arrival      No. of    
Name                              Type         Name     Dir     Delay     Time         Fan Out(s)
-------------------------------------------------------------------------------------------------
D01.sdiv[8]                       FD1S3IX      Q        Out     1.108     1.108 r      -         
sdiv[8]                           Net          -        -       -         -            3         
D01.pdiv\.sdiv15lto19_i_a2_13     ORCALUT4     A        In      0.000     1.108 r      -         
D01.pdiv\.sdiv15lto19_i_a2_13     ORCALUT4     Z        Out     1.089     2.197 f      -         
N_3_13                            Net          -        -       -         -            2         
D01.pdiv\.sdiv15lto19_i_a2_18     ORCALUT4     B        In      0.000     2.197 f      -         
D01.pdiv\.sdiv15lto19_i_a2_18     ORCALUT4     Z        Out     1.233     3.429 f      -         
N_3_19                            Net          -        -       -         -            6         
D01.pdiv\.sdiv15lto19_i_a2        ORCALUT4     A        In      0.000     3.429 f      -         
D01.pdiv\.sdiv15lto19_i_a2        ORCALUT4     Z        Out     1.017     4.446 f      -         
N_6                               Net          -        -       -         -            1         
D01.oscout_0_sqmuxa_1             ORCALUT4     A        In      0.000     4.446 f      -         
D01.oscout_0_sqmuxa_1             ORCALUT4     Z        Out     1.089     5.535 r      -         
oscout_0_sqmuxa_1                 Net          -        -       -         -            2         
D01.un1_sdiv69_2_0                ORCALUT4     A        In      0.000     5.535 r      -         
D01.un1_sdiv69_2_0                ORCALUT4     Z        Out     1.017     6.552 r      -         
un1_sdiv69_2_0                    Net          -        -       -         -            1         
D01.un1_sdiv69_4                  ORCALUT4     D        In      0.000     6.552 r      -         
D01.un1_sdiv69_4                  ORCALUT4     Z        Out     1.089     7.641 r      -         
un1_sdiv69_4                      Net          -        -       -         -            2         
D01.un1_sdiv69_i                  ORCALUT4     B        In      0.000     7.641 r      -         
D01.un1_sdiv69_i                  ORCALUT4     Z        Out     1.017     8.657 f      -         
un1_sdiv69_i                      Net          -        -       -         -            1         
D01.un1_sdiv_cry_0_0              CCU2D        B0       In      0.000     8.657 f      -         
D01.un1_sdiv_cry_0_0              CCU2D        COUT     Out     1.544     10.202 r     -         
un1_sdiv_cry_0                    Net          -        -       -         -            1         
D01.un1_sdiv_cry_1_0              CCU2D        CIN      In      0.000     10.202 r     -         
D01.un1_sdiv_cry_1_0              CCU2D        COUT     Out     0.143     10.345 r     -         
un1_sdiv_cry_2                    Net          -        -       -         -            1         
D01.un1_sdiv_cry_3_0              CCU2D        CIN      In      0.000     10.345 r     -         
D01.un1_sdiv_cry_3_0              CCU2D        COUT     Out     0.143     10.488 r     -         
un1_sdiv_cry_4                    Net          -        -       -         -            1         
D01.un1_sdiv_cry_5_0              CCU2D        CIN      In      0.000     10.488 r     -         
D01.un1_sdiv_cry_5_0              CCU2D        COUT     Out     0.143     10.630 r     -         
un1_sdiv_cry_6                    Net          -        -       -         -            1         
D01.un1_sdiv_cry_7_0              CCU2D        CIN      In      0.000     10.630 r     -         
D01.un1_sdiv_cry_7_0              CCU2D        COUT     Out     0.143     10.773 r     -         
un1_sdiv_cry_8                    Net          -        -       -         -            1         
D01.un1_sdiv_cry_9_0              CCU2D        CIN      In      0.000     10.773 r     -         
D01.un1_sdiv_cry_9_0              CCU2D        COUT     Out     0.143     10.916 r     -         
un1_sdiv_cry_10                   Net          -        -       -         -            1         
D01.un1_sdiv_cry_11_0             CCU2D        CIN      In      0.000     10.916 r     -         
D01.un1_sdiv_cry_11_0             CCU2D        COUT     Out     0.143     11.059 r     -         
un1_sdiv_cry_12                   Net          -        -       -         -            1         
D01.un1_sdiv_cry_13_0             CCU2D        CIN      In      0.000     11.059 r     -         
D01.un1_sdiv_cry_13_0             CCU2D        COUT     Out     0.143     11.201 r     -         
un1_sdiv_cry_14                   Net          -        -       -         -            1         
D01.un1_sdiv_cry_15_0             CCU2D        CIN      In      0.000     11.201 r     -         
D01.un1_sdiv_cry_15_0             CCU2D        COUT     Out     0.143     11.344 r     -         
un1_sdiv_cry_16                   Net          -        -       -         -            1         
D01.un1_sdiv_cry_17_0             CCU2D        CIN      In      0.000     11.344 r     -         
D01.un1_sdiv_cry_17_0             CCU2D        COUT     Out     0.143     11.487 r     -         
un1_sdiv_cry_18                   Net          -        -       -         -            1         
D01.un1_sdiv_cry_19_0             CCU2D        CIN      In      0.000     11.487 r     -         
D01.un1_sdiv_cry_19_0             CCU2D        COUT     Out     0.143     11.630 r     -         
un1_sdiv_cry_20                   Net          -        -       -         -            1         
D01.un1_sdiv_s_21_0               CCU2D        CIN      In      0.000     11.630 r     -         
D01.un1_sdiv_s_21_0               CCU2D        S0       Out     1.549     13.179 r     -         
sdiv_11[21]                       Net          -        -       -         -            1         
D01.sdiv[21]                      FD1S3IX      D        In      0.000     13.179 r     -         
=================================================================================================



##### END OF TIMING REPORT #####]

Timing exceptions that could not be applied

Finished final timing analysis (Real Time elapsed 0h:00m:03s; CPU Time elapsed 0h:00m:03s; Memory used current: 185MB peak: 186MB)


Finished timing report (Real Time elapsed 0h:00m:03s; CPU Time elapsed 0h:00m:03s; Memory used current: 185MB peak: 186MB)

---------------------------------------
Resource Usage Report
Part: lcmxo2_7000he-5

Register bits: 23 of 6864 (0%)
PIC Latch:       0
I/O cells:       6


Details:
CCU2D:          12
FD1S3AX:        1
FD1S3IX:        22
GSR:            1
IB:             5
OB:             1
ORCALUT4:       48
OSCH:           1
PUR:            1
VHI:            2
VLO:            3
Mapper successful!

At Mapper Exit (Real Time elapsed 0h:00m:04s; CPU Time elapsed 0h:00m:03s; Memory used current: 64MB peak: 186MB)

Process took 0h:00m:04s realtime, 0h:00m:03s cputime
# Thu Mar 10 09:10:12 2022

###########################################################]


Synthesis exit by 0.

edif2ngd  -l "MachXO2" -d LCMXO2-7000HE -path "C:/Users/braya/Downloads/Arquitectura de computadoras/06-projectDiamond-1erParc/08-osc00/osc0" -path "C:/Users/braya/Downloads/Arquitectura de computadoras/06-projectDiamond-1erParc/08-osc00"   "C:/Users/braya/Downloads/Arquitectura de computadoras/06-projectDiamond-1erParc/08-osc00/osc0/osc00_osc0.edi" "osc00_osc0.ngo"   
edif2ngd:  version Diamond (64-bit) 3.12.0.240.2

Copyright (c) 1991-1994 by NeoCAD Inc. All rights reserved.
Copyright (c) 1995 AT&T Corp.   All rights reserved.
Copyright (c) 1995-2001 Lucent Technologies Inc.  All rights reserved.
Copyright (c) 2001 Agere Systems   All rights reserved.
Copyright (c) 2002-2020 Lattice Semiconductor Corporation,  All rights reserved.
Writing the design to osc00_osc0.ngo...

Total CPU Time: 0 secs  
Total REAL Time: 0 secs  
Peak Memory Usage: 10 MB


ngdbuild  -a "MachXO2" -d LCMXO2-7000HE  -p "C:/lscc/diamond/3.12/ispfpga/xo2c00/data"  -p "C:/Users/braya/Downloads/Arquitectura de computadoras/06-projectDiamond-1erParc/08-osc00/osc0" -p "C:/Users/braya/Downloads/Arquitectura de computadoras/06-projectDiamond-1erParc/08-osc00"  "osc00_osc0.ngo" "osc00_osc0.ngd"  	
ngdbuild:  version Diamond (64-bit) 3.12.0.240.2

Copyright (c) 1991-1994 by NeoCAD Inc. All rights reserved.
Copyright (c) 1995 AT&T Corp.   All rights reserved.
Copyright (c) 1995-2001 Lucent Technologies Inc.  All rights reserved.
Copyright (c) 2001 Agere Systems   All rights reserved.
Copyright (c) 2002-2020 Lattice Semiconductor Corporation,  All rights reserved.
Reading 'osc00_osc0.ngo' ...
Loading NGL library 'C:/lscc/diamond/3.12/ispfpga/xo2c00a/data/xo2alib.ngl'...
Loading NGL library 'C:/lscc/diamond/3.12/ispfpga/xo2c00/data/xo2clib.ngl'...
Loading NGL library 'C:/lscc/diamond/3.12/ispfpga/mg5g00/data/mg5glib.ngl'...
Loading NGL library 'C:/lscc/diamond/3.12/ispfpga/or5g00/data/orc5glib.ngl'...


Running DRC...

    <postMsg mid="1166052" type="Warning" dynamic="2" navigation="1" arg0="logical" arg1="D00/OSCInst0_SEDSTDBY" arg2="D00/OSCInst0_SEDSTDBY"  />
    <postMsg mid="1163101" type="Warning" dynamic="1" navigation="0" arg0="1"  />

Design Results:
     96 blocks expanded
Complete the first expansion.
Writing 'osc00_osc0.ngd' ...
Total CPU Time: 0 secs 
Total REAL Time: 0 secs 
Peak Memory Usage: 17 MB


map -a "MachXO2" -p LCMXO2-7000HE -t TQFP144 -s 5 -oc Commercial   "osc00_osc0.ngd" -o "osc00_osc0_map.ncd" -pr "osc00_osc0.prf" -mp "osc00_osc0.mrp" -lpf "C:/Users/braya/Downloads/Arquitectura de computadoras/06-projectDiamond-1erParc/08-osc00/osc0/osc00_osc0_synplify.lpf" -lpf "C:/Users/braya/Downloads/Arquitectura de computadoras/06-projectDiamond-1erParc/08-osc00/osc00.lpf"  -c 0           
map:  version Diamond (64-bit) 3.12.0.240.2

Copyright (c) 1991-1994 by NeoCAD Inc. All rights reserved.
Copyright (c) 1995 AT&T Corp.   All rights reserved.
Copyright (c) 1995-2001 Lucent Technologies Inc.  All rights reserved.
Copyright (c) 2001 Agere Systems   All rights reserved.
Copyright (c) 2002-2020 Lattice Semiconductor Corporation,  All rights reserved.
   Process the file: osc00_osc0.ngd
   Picdevice="LCMXO2-7000HE"

   Pictype="TQFP144"

   Picspeed=5

   Remove unused logic

   Do not produce over sized NCDs.

Part used: LCMXO2-7000HETQFP144, Performance used: 5.

Loading device for application map from file 'xo2c7000.nph' in environment: C:/lscc/diamond/3.12/ispfpga.
Package Status:                     Final          Version 1.39.

Running general design DRC...

Removing unused logic...

Optimizing...




Design Summary:
   Number of registers:     23 out of  7209 (0%)
      PFU registers:           23 out of  6864 (0%)
      PIO registers:            0 out of   345 (0%)
   Number of SLICEs:        36 out of  3432 (1%)
      SLICEs as Logic/ROM:     36 out of  3432 (1%)
      SLICEs as RAM:            0 out of  2574 (0%)
      SLICEs as Carry:         12 out of  3432 (0%)
   Number of LUT4s:         72 out of  6864 (1%)
      Number used as logic LUTs:         48
      Number used as distributed RAM:     0
      Number used as ripple logic:       24
      Number used as shift registers:     0
   Number of PIO sites used: 6 + 4(JTAG) out of 115 (9%)
   Number of block RAMs:  0 out of 26 (0%)
   Number of GSRs:        0 out of 1 (0%)
   EFB used :        No
   JTAG used :       No
   Readback used :   No
   Oscillator used : Yes
   Startup used :    No
   POR :             On
   Bandgap :         On
   Number of Power Controller:  0 out of 1 (0%)
   Number of Dynamic Bank Controller (BCINRD):  0 out of 6 (0%)
   Number of Dynamic Bank Controller (BCLVDSO):  0 out of 1 (0%)
   Number of DCCA:  0 out of 8 (0%)
   Number of DCMA:  0 out of 2 (0%)
   Number of PLLs:  0 out of 2 (0%)
   Number of DQSDLLs:  0 out of 2 (0%)
   Number of CLKDIVC:  0 out of 4 (0%)
   Number of ECLKSYNCA:  0 out of 4 (0%)
   Number of ECLKBRIDGECS:  0 out of 2 (0%)
   Notes:-
      1. Total number of LUT4s = (Number of logic LUT4s) + 2*(Number of distributed RAMs) + 2*(Number of ripple logic)
      2. Number of logic LUT4s does not include count of distributed RAM and ripple logic.
   Number of clocks:  1
     Net sclk: 13 loads, 13 rising, 0 falling (Driver: D00/OSCInst0 )
   Number of Clock Enables:  0
   Number of LSRs:  1
     Net D01/un1_sdiv61_RNISBNF: 12 loads, 12 LSLICEs
   Number of nets driven by tri-state buffers:  0
   Top 10 highest fanout non-clock nets:
     Net D01/un1_sdiv61_RNISBNF: 12 loads
     Net cdiv_c[1]: 8 loads
     Net D01/sdiv[19]: 8 loads
     Net D01/sdiv[18]: 7 loads
     Net cdiv_c[0]: 6 loads
     Net D01/N_3_19: 6 loads
     Net D01/sdiv[16]: 6 loads
     Net D01/sdiv[17]: 6 loads
     Net D01/sdiv[20]: 6 loads
     Net D01/sdiv[21]: 6 loads
 

   Number of warnings:  0
   Number of errors:    0



Total CPU Time: 0 secs  
Total REAL Time: 2 secs  
Peak Memory Usage: 35 MB

Dumping design to file osc00_osc0_map.ncd.

mpartrce -p "osc00_osc0.p2t" -f "osc00_osc0.p3t" -tf "osc00_osc0.pt" "osc00_osc0_map.ncd" "osc00_osc0.ncd"

---- MParTrce Tool ----
Removing old design directory at request of -rem command line option to this program.
Running par. Please wait . . .

Lattice Place and Route Report for Design "osc00_osc0_map.ncd"
Thu Mar 10 09:10:18 2022

PAR: Place And Route Diamond (64-bit) 3.12.0.240.2.
Command Line: par -w -l 5 -i 6 -t 1 -c 0 -e 0 -gui -exp parUseNBR=1:parCDP=0:parCDR=0:parPathBased=OFF:parASE=1 osc00_osc0_map.ncd osc00_osc0.dir/5_1.ncd osc00_osc0.prf
Preference file: osc00_osc0.prf.
Placement level-cost: 5-1.
Routing Iterations: 6

Loading design for application par from file osc00_osc0_map.ncd.
Design name: osc00
NCD version: 3.3
Vendor:      LATTICE
Device:      LCMXO2-7000HE
Package:     TQFP144
Performance: 5
Loading device for application par from file 'xo2c7000.nph' in environment: C:/lscc/diamond/3.12/ispfpga.
Package Status:                     Final          Version 1.39.
Performance Hardware Data Status:   Final          Version 34.4.
License checked out.


Ignore Preference Error(s):  True
Device utilization summary:

   PIO (prelim)    6+4(JTAG)/336     3% used
                   6+4(JTAG)/115     9% bonded

   SLICE             36/3432          1% used

   OSC                1/1           100% used


Number of Signals: 110
Number of Connections: 256

Pin Constraint Summary:
   0 out of 6 pins locked (0% locked).

The following 1 signal is selected to use the primary clock routing resources:
    sclk (driver: D00/OSCInst0, clk load #: 13)


The following 1 signal is selected to use the secondary clock routing resources:
    D01/un1_sdiv61_RNISBNF (driver: D01/SLICE_13, clk load #: 0, sr load #: 12, ce load #: 0)

No signal is selected as Global Set/Reset.
.
Starting Placer Phase 0.
..........
Finished Placer Phase 0.  REAL time: 2 secs 

Starting Placer Phase 1.
...................
Placer score = 9990.
Finished Placer Phase 1.  REAL time: 6 secs 

Starting Placer Phase 2.
.
Placer score =  9990
Finished Placer Phase 2.  REAL time: 6 secs 


------------------ Clock Report ------------------

Global Clock Resources:
  CLK_PIN    : 0 out of 8 (0%)
  PLL        : 0 out of 2 (0%)
  DCM        : 0 out of 2 (0%)
  DCC        : 0 out of 8 (0%)

Global Clocks:
  PRIMARY "sclk" from OSC on comp "D00/OSCInst0" on site "OSC", clk load = 13
  SECONDARY "D01/un1_sdiv61_RNISBNF" from F0 on comp "D01/SLICE_13" on site "R21C20A", clk load = 0, ce load = 0, sr load = 12

  PRIMARY  : 1 out of 8 (12%)
  SECONDARY: 1 out of 8 (12%)

Edge Clocks:
  No edge clock selected.

--------------- End of Clock Report ---------------


I/O Usage Summary (final):
   6 + 4(JTAG) out of 336 (3.0%) PIO sites used.
   6 + 4(JTAG) out of 115 (8.7%) bonded PIO sites used.
   Number of PIO comps: 6; differential: 0.
   Number of Vref pins used: 0.

I/O Bank Usage Summary:
+----------+---------------+------------+-----------+
| I/O Bank | Usage         | Bank Vccio | Bank Vref |
+----------+---------------+------------+-----------+
| 0        | 0 / 28 (  0%) | -          | -         |
| 1        | 0 / 29 (  0%) | -          | -         |
| 2        | 6 / 29 ( 20%) | 2.5V       | -         |
| 3        | 0 / 9 (  0%)  | -          | -         |
| 4        | 0 / 10 (  0%) | -          | -         |
| 5        | 0 / 10 (  0%) | -          | -         |
+----------+---------------+------------+-----------+

Total placer CPU time: 4 secs 

Dumping design to file osc00_osc0.dir/5_1.ncd.

0 connections routed; 256 unrouted.
Starting router resource preassignment

Completed router resource preassignment. Real time: 8 secs 

Start NBR router at 09:10:26 03/10/22

*****************************************************************
Info: NBR allows conflicts(one node used by more than one signal)
      in the earlier iterations. In each iteration, it tries to  
      solve the conflicts while keeping the critical connections 
      routed as short as possible. The routing process is said to
      be completed when no conflicts exist and all connections   
      are routed.                                                
Note: NBR uses a different method to calculate timing slacks. The
      worst slack and total negative slack may not be the same as
      that in TRCE report. You should always run TRCE to verify  
      your design.                                               
*****************************************************************

Start NBR special constraint process at 09:10:26 03/10/22

Start NBR section for initial routing at 09:10:26 03/10/22
Level 4, iteration 1
3(0.00%) conflicts; 0(0.00%) untouched conn; 0 (nbr) score; 
Estimated worst slack/total negative slack<setup>: 465.718ns/0.000ns; real time: 8 secs 

Info: Initial congestion level at 75% usage is 0
Info: Initial congestion area  at 75% usage is 0 (0.00%)

Start NBR section for normal routing at 09:10:26 03/10/22
Level 4, iteration 1
1(0.00%) conflict; 0(0.00%) untouched conn; 0 (nbr) score; 
Estimated worst slack/total negative slack<setup>: 465.718ns/0.000ns; real time: 8 secs 
Level 4, iteration 2
0(0.00%) conflict; 0(0.00%) untouched conn; 0 (nbr) score; 
Estimated worst slack/total negative slack<setup>: 465.718ns/0.000ns; real time: 8 secs 

Start NBR section for setup/hold timing optimization with effort level 3 at 09:10:26 03/10/22

Start NBR section for re-routing at 09:10:26 03/10/22
Level 4, iteration 1
0(0.00%) conflict; 0(0.00%) untouched conn; 0 (nbr) score; 
Estimated worst slack/total negative slack<setup>: 465.718ns/0.000ns; real time: 8 secs 

Start NBR section for post-routing at 09:10:26 03/10/22

End NBR router with 0 unrouted connection

NBR Summary
-----------
  Number of unrouted connections : 0 (0.00%)
  Number of connections with timing violations : 0 (0.00%)
  Estimated worst slack<setup> : 465.718ns
  Timing score<setup> : 0
-----------
Notes: The timing info is calculated for SETUP only and all PAR_ADJs are ignored.



Total CPU time 6 secs 
Total REAL time: 9 secs 
Completely routed.
End of route.  256 routed (100.00%); 0 unrouted.

Hold time timing score: 0, hold timing errors: 0

Timing score: 0 

Dumping design to file osc00_osc0.dir/5_1.ncd.


PAR_SUMMARY::Run status = Completed
PAR_SUMMARY::Number of unrouted conns = 0
PAR_SUMMARY::Worst  slack<setup/<ns>> = 465.718
PAR_SUMMARY::Timing score<setup/<ns>> = 0.000
PAR_SUMMARY::Worst  slack<hold /<ns>> = 0.379
PAR_SUMMARY::Timing score<hold /<ns>> = 0.000
PAR_SUMMARY::Number of errors = 0

Total CPU  time to completion: 7 secs 
Total REAL time to completion: 9 secs 

par done!

Note: user must run 'Trace' for timing closure signoff.

Copyright (c) 1991-1994 by NeoCAD Inc. All rights reserved.
Copyright (c) 1995 AT&T Corp.   All rights reserved.
Copyright (c) 1995-2001 Lucent Technologies Inc.  All rights reserved.
Copyright (c) 2001 Agere Systems   All rights reserved.
Copyright (c) 2002-2020 Lattice Semiconductor Corporation,  All rights reserved.
Exiting par with exit code 0
Exiting mpartrce with exit code 0

trce -f "osc00_osc0.pt" -o "osc00_osc0.twr" "osc00_osc0.ncd" "osc00_osc0.prf"
trce:  version Diamond (64-bit) 3.12.0.240.2

Copyright (c) 1991-1994 by NeoCAD Inc. All rights reserved.
Copyright (c) 1995 AT&T Corp.   All rights reserved.
Copyright (c) 1995-2001 Lucent Technologies Inc.  All rights reserved.
Copyright (c) 2001 Agere Systems   All rights reserved.
Copyright (c) 2002-2020 Lattice Semiconductor Corporation,  All rights reserved.

Loading design for application trce from file osc00_osc0.ncd.
Design name: osc00
NCD version: 3.3
Vendor:      LATTICE
Device:      LCMXO2-7000HE
Package:     TQFP144
Performance: 5
Loading device for application trce from file 'xo2c7000.nph' in environment: C:/lscc/diamond/3.12/ispfpga.
Package Status:                     Final          Version 1.39.
Performance Hardware Data Status:   Final          Version 34.4.
Setup and Hold Report

--------------------------------------------------------------------------------
Lattice TRACE Report - Setup, Version Diamond (64-bit) 3.12.0.240.2
Thu Mar 10 09:10:28 2022

Copyright (c) 1991-1994 by NeoCAD Inc. All rights reserved.
Copyright (c) 1995 AT&T Corp.   All rights reserved.
Copyright (c) 1995-2001 Lucent Technologies Inc.  All rights reserved.
Copyright (c) 2001 Agere Systems   All rights reserved.
Copyright (c) 2002-2020 Lattice Semiconductor Corporation,  All rights reserved.

Report Information
------------------
Command line:    trce -v 10 -gt -sethld -sp 5 -sphld m -o osc00_osc0.twr -gui osc00_osc0.ncd osc00_osc0.prf 
Design file:     osc00_osc0.ncd
Preference file: osc00_osc0.prf
Device,speed:    LCMXO2-7000HE,5
Report level:    verbose report, limited to 10 items per preference
--------------------------------------------------------------------------------

BLOCK ASYNCPATHS
BLOCK RESETPATHS
--------------------------------------------------------------------------------



Timing summary (Setup):
---------------

Timing errors: 0  Score: 0
Cumulative negative slack: 0

Constraints cover 5825 paths, 1 nets, and 203 connections (79.30% coverage)

--------------------------------------------------------------------------------
Lattice TRACE Report - Hold, Version Diamond (64-bit) 3.12.0.240.2
Thu Mar 10 09:10:28 2022

Copyright (c) 1991-1994 by NeoCAD Inc. All rights reserved.
Copyright (c) 1995 AT&T Corp.   All rights reserved.
Copyright (c) 1995-2001 Lucent Technologies Inc.  All rights reserved.
Copyright (c) 2001 Agere Systems   All rights reserved.
Copyright (c) 2002-2020 Lattice Semiconductor Corporation,  All rights reserved.

Report Information
------------------
Command line:    trce -v 10 -gt -sethld -sp 5 -sphld m -o osc00_osc0.twr -gui osc00_osc0.ncd osc00_osc0.prf 
Design file:     osc00_osc0.ncd
Preference file: osc00_osc0.prf
Device,speed:    LCMXO2-7000HE,m
Report level:    verbose report, limited to 10 items per preference
--------------------------------------------------------------------------------

BLOCK ASYNCPATHS
BLOCK RESETPATHS
--------------------------------------------------------------------------------



Timing summary (Hold):
---------------

Timing errors: 0  Score: 0
Cumulative negative slack: 0

Constraints cover 5825 paths, 1 nets, and 203 connections (79.30% coverage)



Timing summary (Setup and Hold):
---------------

Timing errors: 0 (setup), 0 (hold)
Score: 0 (setup), 0 (hold)
Cumulative negative slack: 0 (0+0)
--------------------------------------------------------------------------------

--------------------------------------------------------------------------------

Total CPU Time: 0 secs 
Total REAL Time: 0 secs 
Peak Memory Usage: 66 MB


tmcheck -par "osc00_osc0.par" 

bitgen -f "osc00_osc0.t2b" -w "osc00_osc0.ncd"  -jedec "osc00_osc0.prf"


BITGEN: Bitstream Generator Diamond (64-bit) 3.12.0.240.2
Copyright (c) 1991-1994 by NeoCAD Inc. All rights reserved.
Copyright (c) 1995 AT&T Corp.   All rights reserved.
Copyright (c) 1995-2001 Lucent Technologies Inc.  All rights reserved.
Copyright (c) 2001 Agere Systems   All rights reserved.
Copyright (c) 2002-2020 Lattice Semiconductor Corporation,  All rights reserved.


Loading design for application Bitgen from file osc00_osc0.ncd.
Design name: osc00
NCD version: 3.3
Vendor:      LATTICE
Device:      LCMXO2-7000HE
Package:     TQFP144
Performance: 5
Loading device for application Bitgen from file 'xo2c7000.nph' in environment: C:/lscc/diamond/3.12/ispfpga.
Package Status:                     Final          Version 1.39.
Performance Hardware Data Status:   Final          Version 34.4.

Running DRC.
DRC detected 0 errors and 0 warnings.
Reading Preference File from osc00_osc0.prf.

Preference Summary:
+---------------------------------+---------------------------------+
|  Preference                     |  Current Setting                |
+---------------------------------+---------------------------------+
|                         RamCfg  |                        Reset**  |
+---------------------------------+---------------------------------+
|                     MCCLK_FREQ  |                         2.08**  |
+---------------------------------+---------------------------------+
|                  CONFIG_SECURE  |                          OFF**  |
+---------------------------------+---------------------------------+
|                          INBUF  |                           ON**  |
+---------------------------------+---------------------------------+
|                      JTAG_PORT  |                       ENABLE**  |
+---------------------------------+---------------------------------+
|                       SDM_PORT  |                      DISABLE**  |
+---------------------------------+---------------------------------+
|                 SLAVE_SPI_PORT  |                      DISABLE**  |
+---------------------------------+---------------------------------+
|                MASTER_SPI_PORT  |                      DISABLE**  |
+---------------------------------+---------------------------------+
|                       I2C_PORT  |                      DISABLE**  |
+---------------------------------+---------------------------------+
|        MUX_CONFIGURATION_PORTS  |                      DISABLE**  |
+---------------------------------+---------------------------------+
|                  CONFIGURATION  |                          CFG**  |
+---------------------------------+---------------------------------+
|                COMPRESS_CONFIG  |                           ON**  |
+---------------------------------+---------------------------------+
|                        MY_ASSP  |                          OFF**  |
+---------------------------------+---------------------------------+
|               ONE_TIME_PROGRAM  |                          OFF**  |
+---------------------------------+---------------------------------+
|                 ENABLE_TRANSFR  |                      DISABLE**  |
+---------------------------------+---------------------------------+
|                  SHAREDEBRINIT  |                      DISABLE**  |
+---------------------------------+---------------------------------+
|            BACKGROUND_RECONFIG  |                          OFF**  |
+---------------------------------+---------------------------------+
 *  Default setting.
 ** The specified setting matches the default setting.


Creating bit map...
 
Bitstream Status: Final           Version 1.95.
 
Saving bit stream in "osc00_osc0.jed".
 
===========
UFM Summary.
===========
UFM Size:        2046 Pages (128*2046 Bits).
UFM Utilization: General Purpose Flash Memory.
 
Available General Purpose Flash Memory: 2046 Pages (Page 0 to Page 2045).
Initialized UFM Pages:                     0 Page.
 
Total CPU Time: 3 secs 
Total REAL Time: 4 secs 
Peak Memory Usage: 289 MB
