Running in Lattice mode

Starting:    C:\lscc\diamond\3.12\synpbase\bin64\mbin\synbatch.exe
Install:     C:\lscc\diamond\3.12\synpbase
Hostname:    DESKTOP-4OJJTR2
Date:        Thu Mar 10 09:09:55 2022
Version:     Q-2020.03L-SP1

Arguments:   -product synplify_pro -batch osc00_osc0_synplify.tcl
ProductType: synplify_pro




log file: "C:\Users\braya\Downloads\Arquitectura de computadoras\06-projectDiamond-1erParc\08-osc00\osc0\osc00_osc0.srr"
Running: hdl_info_gen in foreground

Generating HDL info...

hdl_info_gen completed
# Thu Mar 10 09:09:57 2022

Return Code: 0
Run Time:00h:00m:01s
log file: "C:\Users\braya\Downloads\Arquitectura de computadoras\06-projectDiamond-1erParc\08-osc00\osc0\osc00_osc0.srr"
Running: osc0 in foreground

Running proj_1|osc0

Running Flow: compile (Compile) on proj_1|osc0
# Thu Mar 10 09:09:58 2022

Running Flow: compile_flow (Compile Process) on proj_1|osc0
# Thu Mar 10 09:09:58 2022

Running: compiler (Compile Input) on proj_1|osc0
# Thu Mar 10 09:09:58 2022
Copied C:\Users\braya\Downloads\Arquitectura de computadoras\06-projectDiamond-1erParc\08-osc00\osc0\synwork\osc00_osc0_comp.srs to C:\Users\braya\Downloads\Arquitectura de computadoras\06-projectDiamond-1erParc\08-osc00\osc0\osc00_osc0.srs

compiler completed
# Thu Mar 10 09:10:02 2022

Return Code: 0
Run Time:00h:00m:04s

Running: multi_srs_gen (Multi-srs Generator) on proj_1|osc0
# Thu Mar 10 09:10:02 2022

multi_srs_gen completed
# Thu Mar 10 09:10:02 2022

Return Code: 0
Run Time:00h:00m:00s
Copied C:\Users\braya\Downloads\Arquitectura de computadoras\06-projectDiamond-1erParc\08-osc00\osc0\synwork\osc00_osc0_mult.srs to C:\Users\braya\Downloads\Arquitectura de computadoras\06-projectDiamond-1erParc\08-osc00\osc0\osc00_osc0.srs
Copied C:\Users\braya\Downloads\Arquitectura de computadoras\06-projectDiamond-1erParc\08-osc00\osc0\osc00_osc0.srr to C:\Users\braya\Downloads\Arquitectura de computadoras\06-projectDiamond-1erParc\08-osc00\osc0\osc00_osc0.srf
Complete: Compile Process on proj_1|osc0

Running: premap (Premap) on proj_1|osc0
# Thu Mar 10 09:10:02 2022

premap completed with warnings
# Thu Mar 10 09:10:07 2022

Return Code: 1
Run Time:00h:00m:05s
Complete: Compile on proj_1|osc0

Running Flow: map (Map) on proj_1|osc0
# Thu Mar 10 09:10:07 2022

Running: fpga_mapper (Map & Optimize) on proj_1|osc0
# Thu Mar 10 09:10:07 2022
Copied C:\Users\braya\Downloads\Arquitectura de computadoras\06-projectDiamond-1erParc\08-osc00\osc0\synwork\osc00_osc0_m.srm to C:\Users\braya\Downloads\Arquitectura de computadoras\06-projectDiamond-1erParc\08-osc00\osc0\osc00_osc0.srm

fpga_mapper completed with warnings
# Thu Mar 10 09:10:12 2022

Return Code: 1
Run Time:00h:00m:05s
Complete: Map on proj_1|osc0
Copied C:\Users\braya\Downloads\Arquitectura de computadoras\06-projectDiamond-1erParc\08-osc00\osc0\osc00_osc0.srr to C:\Users\braya\Downloads\Arquitectura de computadoras\06-projectDiamond-1erParc\08-osc00\osc0\osc00_osc0.srf
Complete: Logic Synthesis on proj_1|osc0
TCL script complete: "osc00_osc0_synplify.tcl"
exit status=0
exit status=0
Save changes for project:
C:\Users\braya\Downloads\Arquitectura de computadoras\06-projectDiamond-1erParc\08-osc00\osc0\proj_1.prj
batch mode default:no
