
Copyright (C) 1994-2020 Synopsys, Inc.
This Synopsys software and all associated documentation are proprietary to Synopsys, Inc.
and may only be used pursuant to the terms and conditions of a written license agreement
with Synopsys, Inc. All other use, reproduction, modification, or distribution of the
Synopsys software or the associated documentation is strictly prohibited.
Tool: Synplify Pro (R)
Build: Q-2020.03L-SP1
Install: C:\lscc\diamond\3.12\synpbase
OS: Windows 6.2

Hostname: DESKTOP-4OJJTR2

Implementation : divOsc00
Synopsys HDL compiler and linker, Version comp202003synp2, Build 182R, Built Oct 29 2020 10:49:53, @

Modified Files: 20
FID:  path (prevtimestamp, timestamp)
16       C:\Users\Natalia\Desktop\Practicas_Arqui_Comp-main (2)\Practicas_Arqui_Comp-main\Parcial01\12_13_divOsc00\div00.vhd (2021-09-23 10:15:32, N/A)
17       C:\Users\Natalia\Desktop\Practicas_Arqui_Comp-main (2)\Practicas_Arqui_Comp-main\Parcial01\12_13_divOsc00\divOsc00.vhd (2021-09-23 10:15:32, N/A)
18       C:\Users\Natalia\Desktop\Practicas_Arqui_Comp-main (2)\Practicas_Arqui_Comp-main\Parcial01\12_13_divOsc00\osc00.vhd (2021-09-23 10:15:32, N/A)
19       C:\Users\Natalia\Desktop\Practicas_Arqui_Comp-main (2)\Practicas_Arqui_Comp-main\Parcial01\12_13_divOsc00\packageOsc00.vhd (2021-09-23 10:15:32, N/A)
20       C:\Users\braya\Downloads\Arquitectura de computadoras\06-projectDiamond-1erParc\12_13_divOsc00\div00.vhd (N/A, 2021-09-27 11:33:20)
21       C:\Users\braya\Downloads\Arquitectura de computadoras\06-projectDiamond-1erParc\12_13_divOsc00\divOsc00.vhd (N/A, 2021-09-23 08:15:32)
22       C:\Users\braya\Downloads\Arquitectura de computadoras\06-projectDiamond-1erParc\12_13_divOsc00\osc00.vhd (N/A, 2021-09-23 08:15:32)
23       C:\Users\braya\Downloads\Arquitectura de computadoras\06-projectDiamond-1erParc\12_13_divOsc00\packageOsc00.vhd (N/A, 2021-09-23 08:15:32)
0        C:\lscc\diamond\3.12\cae_library\synthesis\vhdl\machxo2.vhd (2018-11-14 23:32:12, 2018-11-15 00:32:12)
1        C:\lscc\diamond\3.12\synpbase\lib\cpld\lattice.vhd (2020-10-29 09:20:44, 2020-10-29 10:20:44)
2        C:\lscc\diamond\3.12\synpbase\lib\lucent\machxo2.vhd (2020-10-29 09:20:54, 2020-10-29 10:20:54)
3        C:\lscc\diamond\3.12\synpbase\lib\vhd\arith.vhd (2020-10-29 09:23:10, 2020-10-29 10:23:10)
4        C:\lscc\diamond\3.12\synpbase\lib\vhd\hyperents.vhd (2020-10-29 09:23:10, 2020-10-29 10:23:10)
5        C:\lscc\diamond\3.12\synpbase\lib\vhd\location.map (2020-11-02 16:26:20, 2020-11-02 17:26:20)
6        C:\lscc\diamond\3.12\synpbase\lib\vhd\numeric.vhd (2020-10-29 09:23:10, 2020-10-29 10:23:10)
7        C:\lscc\diamond\3.12\synpbase\lib\vhd\snps_haps_pkg.vhd (2020-10-29 09:23:10, 2020-10-29 10:23:10)
8        C:\lscc\diamond\3.12\synpbase\lib\vhd\std.vhd (2020-10-29 09:23:10, 2020-10-29 10:23:10)
9        C:\lscc\diamond\3.12\synpbase\lib\vhd\std1164.vhd (2020-10-29 09:23:10, 2020-10-29 10:23:10)
10       C:\lscc\diamond\3.12\synpbase\lib\vhd\umr_capim.vhd (2020-10-29 09:23:10, 2020-10-29 10:23:10)
11       C:\lscc\diamond\3.12\synpbase\lib\vhd\unsigned.vhd (2020-10-29 09:23:10, 2020-10-29 10:23:10)

*******************************************************************
Modules that may have changed as a result of file changes: 3
MID:  lib.cell.view
0        work.div00.div0 may have changed because the following files changed:
                        C:\Users\braya\Downloads\Arquitectura de computadoras\06-projectDiamond-1erParc\12_13_divOsc00\div00.vhd (N/A, 2021-09-27 11:33:20) <-- (architecture and entity definition)
                        C:\Users\braya\Downloads\Arquitectura de computadoras\06-projectDiamond-1erParc\12_13_divOsc00\divOsc00.vhd (N/A, 2021-09-23 08:15:32) <-- (may instantiate this module)
2        work.divosc00.divosc0 may have changed because the following files changed:
                        C:\Users\braya\Downloads\Arquitectura de computadoras\06-projectDiamond-1erParc\12_13_divOsc00\divOsc00.vhd (N/A, 2021-09-23 08:15:32) <-- (architecture and entity definition)
4        work.osc00.osc0 may have changed because the following files changed:
                        C:\Users\braya\Downloads\Arquitectura de computadoras\06-projectDiamond-1erParc\12_13_divOsc00\divOsc00.vhd (N/A, 2021-09-23 08:15:32) <-- (may instantiate this module)
                        C:\Users\braya\Downloads\Arquitectura de computadoras\06-projectDiamond-1erParc\12_13_divOsc00\osc00.vhd (N/A, 2021-09-23 08:15:32) <-- (architecture and entity definition)

*******************************************************************
Unmodified files: 0
FID:  path (timestamp)

*******************************************************************
Unchanged modules: 0
MID:  lib.cell.view
