
Copyright (C) 1994-2020 Synopsys, Inc.
This Synopsys software and all associated documentation are proprietary to Synopsys, Inc.
and may only be used pursuant to the terms and conditions of a written license agreement
with Synopsys, Inc. All other use, reproduction, modification, or distribution of the
Synopsys software or the associated documentation is strictly prohibited.
Tool: Synplify Pro (R)
Build: Q-2020.03L-SP1
Install: C:\lscc\diamond\3.12\synpbase
OS: Windows 6.2

Hostname: DESKTOP-4OJJTR2

Implementation : barrelRL0
Synopsys HDL compiler and linker, Version comp202003synp2, Build 182R, Built Oct 29 2020 10:49:53, @

Modified Files: 1
FID:  path (prevtimestamp, timestamp)
23       C:\Users\braya\Downloads\06-proyectDiamond-1erParc\20-barrelRL00\barrelRL00.vhdl (2022-03-15 22:13:14, 2022-03-20 00:08:23)

*******************************************************************
Modules that may have changed as a result of file changes: 5
MID:  lib.cell.view
0        work.barrelrl.barrel may have changed because the following files changed:
                        C:\Users\braya\Downloads\06-proyectDiamond-1erParc\20-barrelRL00\barrelRL00.vhdl (2022-03-15 22:13:14, 2022-03-20 00:08:23) <-- (may instantiate this module)
2        work.barrelrl00.barrelrl0 may have changed because the following files changed:
                        C:\Users\braya\Downloads\06-proyectDiamond-1erParc\20-barrelRL00\barrelRL00.vhdl (2022-03-15 22:13:14, 2022-03-20 00:08:23) <-- (architecture and entity definition)
4        work.div00.div0 may have changed because the following files changed:
                        C:\Users\braya\Downloads\06-proyectDiamond-1erParc\20-barrelRL00\barrelRL00.vhdl (2022-03-15 22:13:14, 2022-03-20 00:08:23) <-- (may instantiate this module)
6        work.osc00.osc0 may have changed because the following files changed:
                        C:\Users\braya\Downloads\06-proyectDiamond-1erParc\20-barrelRL00\barrelRL00.vhdl (2022-03-15 22:13:14, 2022-03-20 00:08:23) <-- (may instantiate this module)
8        work.oscint00.oscint0 may have changed because the following files changed:
                        C:\Users\braya\Downloads\06-proyectDiamond-1erParc\20-barrelRL00\barrelRL00.vhdl (2022-03-15 22:13:14, 2022-03-20 00:08:23) <-- (may instantiate this module)

*******************************************************************
Unmodified files: 17
FID:  path (timestamp)
18       C:\Users\braya\Downloads\06-proyectDiamond-1erParc\10-osc00-vhdl\div00.vhdl (2022-03-10 15:11:00)
19       C:\Users\braya\Downloads\06-proyectDiamond-1erParc\10-osc00-vhdl\osc00.vhdl (2022-03-10 15:11:00)
20       C:\Users\braya\Downloads\06-proyectDiamond-1erParc\10-osc00-vhdl\oscint00.vhdl (2022-03-10 15:11:00)
21       C:\Users\braya\Downloads\06-proyectDiamond-1erParc\10-osc00-vhdl\packageosc00.vhdl (2022-03-10 15:11:00)
22       C:\Users\braya\Downloads\06-proyectDiamond-1erParc\20-barrelRL00\barrelRL.vhdl (2022-03-19 23:58:04)
24       C:\Users\braya\Downloads\06-proyectDiamond-1erParc\20-barrelRL00\packagebarrelRL00.vhdl (2022-03-15 22:13:14)
7        C:\lscc\diamond\3.12\cae_library\synthesis\vhdl\machxo2.vhd (2018-11-15 00:32:12)
8        C:\lscc\diamond\3.12\synpbase\lib\cpld\lattice.vhd (2020-10-29 10:20:44)
9        C:\lscc\diamond\3.12\synpbase\lib\vhd\arith.vhd (2020-10-29 10:23:10)
10       C:\lscc\diamond\3.12\synpbase\lib\vhd\hyperents.vhd (2020-10-29 10:23:10)
11       C:\lscc\diamond\3.12\synpbase\lib\vhd\location.map (2020-11-02 17:26:20)
12       C:\lscc\diamond\3.12\synpbase\lib\vhd\numeric.vhd (2020-10-29 10:23:10)
13       C:\lscc\diamond\3.12\synpbase\lib\vhd\snps_haps_pkg.vhd (2020-10-29 10:23:10)
14       C:\lscc\diamond\3.12\synpbase\lib\vhd\std.vhd (2020-10-29 10:23:10)
15       C:\lscc\diamond\3.12\synpbase\lib\vhd\std1164.vhd (2020-10-29 10:23:10)
16       C:\lscc\diamond\3.12\synpbase\lib\vhd\umr_capim.vhd (2020-10-29 10:23:10)
17       C:\lscc\diamond\3.12\synpbase\lib\vhd\unsigned.vhd (2020-10-29 10:23:10)

*******************************************************************
Unchanged modules: 0
MID:  lib.cell.view
