Running in Lattice mode

Starting:    C:\lscc\diamond\3.12\synpbase\bin64\mbin\synbatch.exe
Install:     C:\lscc\diamond\3.12\synpbase
Hostname:    DESKTOP-4OJJTR2
Date:        Mon Apr 25 19:55:07 2022
Version:     Q-2020.03L-SP1

Arguments:   -product synplify_pro -batch key00_key0_synplify.tcl
ProductType: synplify_pro




log file: "C:\Users\braya\Downloads\Arquitectura de computadoras\Pruebas\GELACIO_ARQUITECTURA\Practicas 2do Parcial\PRACTICAS 2DO PARCIAL\key00B\key0\key00_key0.srr"
Running: hdl_info_gen in foreground

Generating HDL info...
Copied C:\Users\braya\Downloads\Arquitectura de computadoras\Pruebas\GELACIO_ARQUITECTURA\Practicas 2do Parcial\PRACTICAS 2DO PARCIAL\key00B\key0\key00_key0.srr to C:\Users\braya\Downloads\Arquitectura de computadoras\Pruebas\GELACIO_ARQUITECTURA\Practicas 2do Parcial\PRACTICAS 2DO PARCIAL\key00B\key0\key00_key0.srf

hdl_info_gen completed
# Mon Apr 25 19:55:09 2022

Return Code: 0
Run Time:00h:00m:01s
log file: "C:\Users\braya\Downloads\Arquitectura de computadoras\Pruebas\GELACIO_ARQUITECTURA\Practicas 2do Parcial\PRACTICAS 2DO PARCIAL\key00B\key0\key00_key0.srr"
Running: key0 in foreground

Running proj_1|key0

Running Flow: compile (Compile) on proj_1|key0
# Mon Apr 25 19:55:09 2022

Running Flow: compile_flow (Compile Process) on proj_1|key0
# Mon Apr 25 19:55:09 2022

Running: compiler (Compile Input) on proj_1|key0
# Mon Apr 25 19:55:09 2022
Copied C:\Users\braya\Downloads\Arquitectura de computadoras\Pruebas\GELACIO_ARQUITECTURA\Practicas 2do Parcial\PRACTICAS 2DO PARCIAL\key00B\key0\synwork\key00_key0_comp.srs to C:\Users\braya\Downloads\Arquitectura de computadoras\Pruebas\GELACIO_ARQUITECTURA\Practicas 2do Parcial\PRACTICAS 2DO PARCIAL\key00B\key0\key00_key0.srs

compiler completed
# Mon Apr 25 19:55:13 2022

Return Code: 0
Run Time:00h:00m:04s

Running: multi_srs_gen (Multi-srs Generator) on proj_1|key0
# Mon Apr 25 19:55:13 2022

multi_srs_gen completed
# Mon Apr 25 19:55:13 2022

Return Code: 0
Run Time:00h:00m:00s
Copied C:\Users\braya\Downloads\Arquitectura de computadoras\Pruebas\GELACIO_ARQUITECTURA\Practicas 2do Parcial\PRACTICAS 2DO PARCIAL\key00B\key0\synwork\key00_key0_mult.srs to C:\Users\braya\Downloads\Arquitectura de computadoras\Pruebas\GELACIO_ARQUITECTURA\Practicas 2do Parcial\PRACTICAS 2DO PARCIAL\key00B\key0\key00_key0.srs
Copied C:\Users\braya\Downloads\Arquitectura de computadoras\Pruebas\GELACIO_ARQUITECTURA\Practicas 2do Parcial\PRACTICAS 2DO PARCIAL\key00B\key0\key00_key0.srr to C:\Users\braya\Downloads\Arquitectura de computadoras\Pruebas\GELACIO_ARQUITECTURA\Practicas 2do Parcial\PRACTICAS 2DO PARCIAL\key00B\key0\key00_key0.srf
Complete: Compile Process on proj_1|key0

Running: premap (Premap) on proj_1|key0
# Mon Apr 25 19:55:13 2022

premap completed with warnings
# Mon Apr 25 19:55:17 2022

Return Code: 1
Run Time:00h:00m:04s
Complete: Compile on proj_1|key0

Running Flow: map (Map) on proj_1|key0
# Mon Apr 25 19:55:17 2022

Running: fpga_mapper (Map & Optimize) on proj_1|key0
# Mon Apr 25 19:55:17 2022
Copied C:\Users\braya\Downloads\Arquitectura de computadoras\Pruebas\GELACIO_ARQUITECTURA\Practicas 2do Parcial\PRACTICAS 2DO PARCIAL\key00B\key0\synwork\key00_key0_m.srm to C:\Users\braya\Downloads\Arquitectura de computadoras\Pruebas\GELACIO_ARQUITECTURA\Practicas 2do Parcial\PRACTICAS 2DO PARCIAL\key00B\key0\key00_key0.srm

fpga_mapper completed with warnings
# Mon Apr 25 19:55:21 2022

Return Code: 1
Run Time:00h:00m:04s
Complete: Map on proj_1|key0
Copied C:\Users\braya\Downloads\Arquitectura de computadoras\Pruebas\GELACIO_ARQUITECTURA\Practicas 2do Parcial\PRACTICAS 2DO PARCIAL\key00B\key0\key00_key0.srr to C:\Users\braya\Downloads\Arquitectura de computadoras\Pruebas\GELACIO_ARQUITECTURA\Practicas 2do Parcial\PRACTICAS 2DO PARCIAL\key00B\key0\key00_key0.srf
Complete: Logic Synthesis on proj_1|key0
TCL script complete: "key00_key0_synplify.tcl"
exit status=0
exit status=0
Save changes for project:
C:\Users\braya\Downloads\Arquitectura de computadoras\Pruebas\GELACIO_ARQUITECTURA\Practicas 2do Parcial\PRACTICAS 2DO PARCIAL\key00B\key0\proj_1.prj
batch mode default:no
