
Copyright (C) 1994-2020 Synopsys, Inc.
This Synopsys software and all associated documentation are proprietary to Synopsys, Inc.
and may only be used pursuant to the terms and conditions of a written license agreement
with Synopsys, Inc. All other use, reproduction, modification, or distribution of the
Synopsys software or the associated documentation is strictly prohibited.
Tool: Synplify Pro (R)
Build: Q-2020.03L-SP1
Install: C:\lscc\diamond\3.12\synpbase
OS: Windows 6.2

Hostname: DESKTOP-4OJJTR2

Implementation : shiftrLR0
Synopsys HDL compiler and linker, Version comp202003synp2, Build 182R, Built Oct 29 2020 10:49:53, @

Modified Files: 18
FID:  path (prevtimestamp, timestamp)
0        C:\Users\braya\Downloads\06-proyectDiamond-1erParc\14-shiftrLR00\packageshiftrLR00.vhdl (N/A, 2022-03-19 23:36:50)
1        C:\Users\braya\Downloads\06-proyectDiamond-1erParc\14-shiftrLR00\shiftrLR.vhdl (N/A, 2022-03-19 23:35:34)
2        C:\Users\braya\Downloads\06-proyectDiamond-1erParc\14-shiftrLR00\shiftrLR00.vhdl (N/A, 2022-03-19 23:38:05)
3        C:\Users\braya\Downloads\06-proyectDiamond-1erParc\14-shiftrLR00\shiftrLR0\source\div00.vhdl (N/A, 2022-03-10 15:11:00)
4        C:\Users\braya\Downloads\06-proyectDiamond-1erParc\14-shiftrLR00\shiftrLR0\source\osc00.vhdl (N/A, 2022-03-10 15:11:00)
5        C:\Users\braya\Downloads\06-proyectDiamond-1erParc\14-shiftrLR00\shiftrLR0\source\oscint00.vhdl (N/A, 2022-03-10 15:11:00)
6        C:\Users\braya\Downloads\06-proyectDiamond-1erParc\14-shiftrLR00\shiftrLR0\source\packageosc00.vhdl (N/A, 2022-03-10 15:11:00)
7        C:\lscc\diamond\3.12\cae_library\synthesis\vhdl\machxo2.vhd (N/A, 2018-11-15 00:32:12)
8        C:\lscc\diamond\3.12\synpbase\lib\cpld\lattice.vhd (N/A, 2020-10-29 10:20:44)
9        C:\lscc\diamond\3.12\synpbase\lib\vhd\arith.vhd (N/A, 2020-10-29 10:23:10)
10       C:\lscc\diamond\3.12\synpbase\lib\vhd\hyperents.vhd (N/A, 2020-10-29 10:23:10)
11       C:\lscc\diamond\3.12\synpbase\lib\vhd\location.map (N/A, 2020-11-02 17:26:20)
12       C:\lscc\diamond\3.12\synpbase\lib\vhd\numeric.vhd (N/A, 2020-10-29 10:23:10)
13       C:\lscc\diamond\3.12\synpbase\lib\vhd\snps_haps_pkg.vhd (N/A, 2020-10-29 10:23:10)
14       C:\lscc\diamond\3.12\synpbase\lib\vhd\std.vhd (N/A, 2020-10-29 10:23:10)
15       C:\lscc\diamond\3.12\synpbase\lib\vhd\std1164.vhd (N/A, 2020-10-29 10:23:10)
16       C:\lscc\diamond\3.12\synpbase\lib\vhd\umr_capim.vhd (N/A, 2020-10-29 10:23:10)
17       C:\lscc\diamond\3.12\synpbase\lib\vhd\unsigned.vhd (N/A, 2020-10-29 10:23:10)

*******************************************************************
Modules that may have changed as a result of file changes: 5
MID:  lib.cell.view
0        work.div00.div0 may have changed because the following files changed:
                        C:\Users\braya\Downloads\06-proyectDiamond-1erParc\14-shiftrLR00\shiftrLR00.vhdl (N/A, 2022-03-19 23:38:05) <-- (may instantiate this module)
                        C:\Users\braya\Downloads\06-proyectDiamond-1erParc\14-shiftrLR00\shiftrLR0\source\div00.vhdl (N/A, 2022-03-10 15:11:00) <-- (architecture and entity definition)
                        C:\Users\braya\Downloads\06-proyectDiamond-1erParc\14-shiftrLR00\shiftrLR0\source\osc00.vhdl (N/A, 2022-03-10 15:11:00) <-- (may instantiate this module)
2        work.osc00.osc0 may have changed because the following files changed:
                        C:\Users\braya\Downloads\06-proyectDiamond-1erParc\14-shiftrLR00\shiftrLR00.vhdl (N/A, 2022-03-19 23:38:05) <-- (may instantiate this module)
                        C:\Users\braya\Downloads\06-proyectDiamond-1erParc\14-shiftrLR00\shiftrLR0\source\osc00.vhdl (N/A, 2022-03-10 15:11:00) <-- (architecture and entity definition)
4        work.oscint00.oscint0 may have changed because the following files changed:
                        C:\Users\braya\Downloads\06-proyectDiamond-1erParc\14-shiftrLR00\shiftrLR00.vhdl (N/A, 2022-03-19 23:38:05) <-- (may instantiate this module)
                        C:\Users\braya\Downloads\06-proyectDiamond-1erParc\14-shiftrLR00\shiftrLR0\source\osc00.vhdl (N/A, 2022-03-10 15:11:00) <-- (may instantiate this module)
                        C:\Users\braya\Downloads\06-proyectDiamond-1erParc\14-shiftrLR00\shiftrLR0\source\oscint00.vhdl (N/A, 2022-03-10 15:11:00) <-- (architecture and entity definition)
6        work.shiftrlr.shift may have changed because the following files changed:
                        C:\Users\braya\Downloads\06-proyectDiamond-1erParc\14-shiftrLR00\shiftrLR.vhdl (N/A, 2022-03-19 23:35:34) <-- (architecture and entity definition)
                        C:\Users\braya\Downloads\06-proyectDiamond-1erParc\14-shiftrLR00\shiftrLR00.vhdl (N/A, 2022-03-19 23:38:05) <-- (may instantiate this module)
8        work.shiftrlr00.shiftrlr0 may have changed because the following files changed:
                        C:\Users\braya\Downloads\06-proyectDiamond-1erParc\14-shiftrLR00\shiftrLR00.vhdl (N/A, 2022-03-19 23:38:05) <-- (architecture and entity definition)

*******************************************************************
Unmodified files: 0
FID:  path (timestamp)

*******************************************************************
Unchanged modules: 0
MID:  lib.cell.view
