
Copyright (C) 1994-2020 Synopsys, Inc.
This Synopsys software and all associated documentation are proprietary to Synopsys, Inc.
and may only be used pursuant to the terms and conditions of a written license agreement
with Synopsys, Inc. All other use, reproduction, modification, or distribution of the
Synopsys software or the associated documentation is strictly prohibited.
Tool: Synplify Pro (R)
Build: Q-2020.03L-SP1
Install: C:\lscc\diamond\3.12\synpbase
OS: Windows 6.2

Hostname: DESKTOP-4OJJTR2

Implementation : ram0

# Written on Wed May 11 21:06:38 2022

##### DESIGN INFO #######################################################

Top View:                "ram00"
Constraint File(s):      (none)




##### SUMMARY ############################################################

Found 0 issues in 0 out of 0 constraints


##### DETAILS ############################################################



Clock Relationships
*******************

Starting                            Ending                              |     rise to rise     |     fall to fall     |     rise to fall     |     fall to rise                     
-----------------------------------------------------------------------------------------------------------------------------------------------------------------------------------
oscint00|osc_int_inferred_clock     oscint00|osc_int_inferred_clock     |     480.769          |     No paths         |     No paths         |     No paths                         
div00|oscout_derived_clock          div00|oscout_derived_clock          |     480.769          |     No paths         |     No paths         |     No paths                         
===================================================================================================================================================================================
 Note: 'No paths' indicates there are no paths in the design for that pair of clock edges.
       'Diff grp' indicates that paths exist but the starting clock and ending clock are in different clock groups.


Unconstrained Start/End Points
******************************

p:cdiv0[0]
p:cdiv0[1]
p:cdiv0[2]
p:cdiv0[3]
p:cdiv0[4]
p:contR0[0]
p:contR0[1]
p:contR0[2]
p:contR0[3]
p:contR0[4]
p:contR0[5]
p:contW0[0]
p:contW0[1]
p:contW0[2]
p:contW0[3]
p:contW0[4]
p:contW0[5]
p:inkey0[0]
p:inkey0[1]
p:inkey0[2]
p:inkey0[3]
p:outr0[0]
p:outr0[1]
p:outr0[2]
p:outr0[3]
p:outtransist0[0]
p:outtransist0[1]
p:outtransist0[2]
p:outtransist0[3]
p:outword0[0]
p:outword0[1]
p:outword0[2]
p:outword0[3]
p:outword0[4]
p:outword0[5]
p:outword0[6]
p:re0
p:rw0


Inapplicable constraints
************************

(none)


Applicable constraints with issues
**********************************

(none)


Constraints with matching wildcard expressions
**********************************************

(none)


Library Report
**************


# End of Constraint Checker Report
