Running in Lattice mode

Starting:    C:\lscc\diamond\3.12\synpbase\bin64\mbin\synbatch.exe
Install:     C:\lscc\diamond\3.12\synpbase
Hostname:    DESKTOP-4OJJTR2
Date:        Wed Mar  2 20:59:32 2022
Version:     Q-2020.03L-SP1

Arguments:   -product synplify_pro -batch adder8bit00_adder8bit0_synplify.tcl
ProductType: synplify_pro




Copied C:\Users\braya\Downloads\Arquitectura de computadoras\06-projectDiamond-1erParc\adder8bit00\adder8bit0\adder8bit00_adder8bit0.srr to C:\Users\braya\Downloads\Arquitectura de computadoras\06-projectDiamond-1erParc\adder8bit00\adder8bit0\backup\adder8bit00_adder8bit0.srr
log file: "C:\Users\braya\Downloads\Arquitectura de computadoras\06-projectDiamond-1erParc\adder8bit00\adder8bit0\adder8bit00_adder8bit0.srr"
Running: hdl_info_gen in foreground

Generating HDL info...
Copied C:\Users\braya\Downloads\Arquitectura de computadoras\06-projectDiamond-1erParc\adder8bit00\adder8bit0\adder8bit00_adder8bit0.srr to C:\Users\braya\Downloads\Arquitectura de computadoras\06-projectDiamond-1erParc\adder8bit00\adder8bit0\adder8bit00_adder8bit0.srf

hdl_info_gen completed
# Wed Mar  2 20:59:35 2022

Return Code: 0
Run Time:00h:00m:01s
log file: "C:\Users\braya\Downloads\Arquitectura de computadoras\06-projectDiamond-1erParc\adder8bit00\adder8bit0\adder8bit00_adder8bit0.srr"
Running: adder8bit0 in foreground

Running proj_1|adder8bit0

Running Flow: compile (Compile) on proj_1|adder8bit0
# Wed Mar  2 20:59:35 2022

Running Flow: compile_flow (Compile Process) on proj_1|adder8bit0
# Wed Mar  2 20:59:35 2022

Running: compiler (Compile Input) on proj_1|adder8bit0
# Wed Mar  2 20:59:35 2022
Copied C:\Users\braya\Downloads\Arquitectura de computadoras\06-projectDiamond-1erParc\adder8bit00\adder8bit0\synwork\adder8bit00_adder8bit0_comp.srs to C:\Users\braya\Downloads\Arquitectura de computadoras\06-projectDiamond-1erParc\adder8bit00\adder8bit0\adder8bit00_adder8bit0.srs

compiler completed
# Wed Mar  2 20:59:39 2022

Return Code: 0
Run Time:00h:00m:04s

Running: multi_srs_gen (Multi-srs Generator) on proj_1|adder8bit0
# Wed Mar  2 20:59:39 2022

multi_srs_gen completed
# Wed Mar  2 20:59:39 2022

Return Code: 0
Run Time:00h:00m:00s
Copied C:\Users\braya\Downloads\Arquitectura de computadoras\06-projectDiamond-1erParc\adder8bit00\adder8bit0\synwork\adder8bit00_adder8bit0_mult.srs to C:\Users\braya\Downloads\Arquitectura de computadoras\06-projectDiamond-1erParc\adder8bit00\adder8bit0\adder8bit00_adder8bit0.srs
Copied C:\Users\braya\Downloads\Arquitectura de computadoras\06-projectDiamond-1erParc\adder8bit00\adder8bit0\adder8bit00_adder8bit0.srr to C:\Users\braya\Downloads\Arquitectura de computadoras\06-projectDiamond-1erParc\adder8bit00\adder8bit0\adder8bit00_adder8bit0.srf
Complete: Compile Process on proj_1|adder8bit0

Running: premap (Premap) on proj_1|adder8bit0
# Wed Mar  2 20:59:39 2022

premap completed
# Wed Mar  2 20:59:42 2022

Return Code: 0
Run Time:00h:00m:03s
Complete: Compile on proj_1|adder8bit0

Running Flow: map (Map) on proj_1|adder8bit0
# Wed Mar  2 20:59:42 2022

Running: fpga_mapper (Map & Optimize) on proj_1|adder8bit0
# Wed Mar  2 20:59:42 2022
Copied C:\Users\braya\Downloads\Arquitectura de computadoras\06-projectDiamond-1erParc\adder8bit00\adder8bit0\synwork\adder8bit00_adder8bit0_m.srm to C:\Users\braya\Downloads\Arquitectura de computadoras\06-projectDiamond-1erParc\adder8bit00\adder8bit0\adder8bit00_adder8bit0.srm

fpga_mapper completed
# Wed Mar  2 20:59:45 2022

Return Code: 0
Run Time:00h:00m:03s
Complete: Map on proj_1|adder8bit0
Copied C:\Users\braya\Downloads\Arquitectura de computadoras\06-projectDiamond-1erParc\adder8bit00\adder8bit0\adder8bit00_adder8bit0.srr to C:\Users\braya\Downloads\Arquitectura de computadoras\06-projectDiamond-1erParc\adder8bit00\adder8bit0\adder8bit00_adder8bit0.srf
Complete: Logic Synthesis on proj_1|adder8bit0
TCL script complete: "adder8bit00_adder8bit0_synplify.tcl"
exit status=0
exit status=0
Save changes for project:
C:\Users\braya\Downloads\Arquitectura de computadoras\06-projectDiamond-1erParc\adder8bit00\adder8bit0\proj_1.prj
batch mode default:no
