
synpwrap -msg -prj "fsmoore00_fsmoore0_synplify.tcl" -log "fsmoore00_fsmoore0.srf"
Copyright (C) 1992-2020 Lattice Semiconductor Corporation. All rights reserved.
Lattice Diamond Version 3.12.0.240.2
    <postMsg mid="2011000" type="Info"    dynamic="0" navigation="0"  />

==contents of fsmoore00_fsmoore0.srf
#Build: Synplify Pro (R) Q-2020.03L-SP1, Build 182R, Oct 29 2020
#install: C:\lscc\diamond\3.12\synpbase
#OS: Windows 8 6.2
#Hostname: DESKTOP-4OJJTR2

# Wed Jun  1 22:45:16 2022

#Implementation: fsmoore0


Copyright (C) 1994-2020 Synopsys, Inc.
This Synopsys software and all associated documentation are proprietary to Synopsys, Inc.
and may only be used pursuant to the terms and conditions of a written license agreement
with Synopsys, Inc. All other use, reproduction, modification, or distribution of the
Synopsys software or the associated documentation is strictly prohibited.
Tool: Synplify Pro (R)
Build: Q-2020.03L-SP1
Install: C:\lscc\diamond\3.12\synpbase
OS: Windows 6.2

Hostname: DESKTOP-4OJJTR2

Implementation : fsmoore0
Synopsys HDL Compiler, Version comp202003synp2, Build 182R, Built Oct 29 2020 10:49:53, @

@N|Running in 64-bit mode
###########################################################[

Copyright (C) 1994-2020 Synopsys, Inc.
This Synopsys software and all associated documentation are proprietary to Synopsys, Inc.
and may only be used pursuant to the terms and conditions of a written license agreement
with Synopsys, Inc. All other use, reproduction, modification, or distribution of the
Synopsys software or the associated documentation is strictly prohibited.
Tool: Synplify Pro (R)
Build: Q-2020.03L-SP1
Install: C:\lscc\diamond\3.12\synpbase
OS: Windows 6.2

Hostname: DESKTOP-4OJJTR2

Implementation : fsmoore0
Synopsys VHDL Compiler, Version comp202003synp2, Build 182R, Built Oct 29 2020 10:49:53, @

@N|Running in 64-bit mode
@N:"C:\Users\braya\Downloads\Arquitectura de computadoras\09-Project3erParcial\fsmoore00\fsmoore00.vhdl":8:7:8:15|Top entity is set to fsmoore00.
File C:\lscc\diamond\3.12\synpbase\lib\cpld\lattice.vhd changed - recompiling
File C:\Users\braya\Downloads\Arquitectura de computadoras\09-Project3erParcial\fsmoore00\fsmoore0\source\div00.vhdl changed - recompiling
File C:\Users\braya\Downloads\Arquitectura de computadoras\09-Project3erParcial\fsmoore00\fsmoore0\source\packageosc00.vhdl changed - recompiling
File C:\Users\braya\Downloads\Arquitectura de computadoras\09-Project3erParcial\fsmoore00\contRead00.vhdl changed - recompiling
File C:\Users\braya\Downloads\Arquitectura de computadoras\09-Project3erParcial\fsmoore00\memrom00.vhdl changed - recompiling
File C:\Users\braya\Downloads\Arquitectura de computadoras\09-Project3erParcial\fsmoore00\fsm00.vhdl changed - recompiling
File C:\Users\braya\Downloads\Arquitectura de computadoras\09-Project3erParcial\fsmoore00\packagefsm00.vhdl changed - recompiling
File C:\Users\braya\Downloads\Arquitectura de computadoras\09-Project3erParcial\fsmoore00\fsmoore0\source\osc00.vhdl changed - recompiling
File C:\Users\braya\Downloads\Arquitectura de computadoras\09-Project3erParcial\fsmoore00\fsmoore00.vhdl changed - recompiling
VHDL syntax check successful!
File C:\Users\braya\Downloads\Arquitectura de computadoras\09-Project3erParcial\fsmoore00\contRead00.vhdl changed - recompiling
File C:\Users\braya\Downloads\Arquitectura de computadoras\09-Project3erParcial\fsmoore00\fsm00.vhdl changed - recompiling
@N: CD630 :"C:\Users\braya\Downloads\Arquitectura de computadoras\09-Project3erParcial\fsmoore00\fsmoore00.vhdl":8:7:8:15|Synthesizing work.fsmoore00.fsmoore0.
@N: CD630 :"C:\Users\braya\Downloads\Arquitectura de computadoras\09-Project3erParcial\fsmoore00\fsm00.vhdl":6:7:6:11|Synthesizing work.fsm00.fsm0.
@N: CD231 :"C:\Users\braya\Downloads\Arquitectura de computadoras\09-Project3erParcial\fsmoore00\fsm00.vhdl":15:13:15:14|Using onehot encoding for type estados. For example, enumeration a is mapped to "10000000".
@W: CG296 :"C:\Users\braya\Downloads\Arquitectura de computadoras\09-Project3erParcial\fsmoore00\fsm00.vhdl":19:6:19:12|Incomplete sensitivity list; assuming completeness. Make sure all referenced variables in message CG290 are included in the sensitivity list.
@W: CG290 :"C:\Users\braya\Downloads\Arquitectura de computadoras\09-Project3erParcial\fsmoore00\fsm00.vhdl":22:8:22:12|Referenced variable enfsm is not in sensitivity list.
@W: CG296 :"C:\Users\braya\Downloads\Arquitectura de computadoras\09-Project3erParcial\fsmoore00\fsm00.vhdl":39:6:39:12|Incomplete sensitivity list; assuming completeness. Make sure all referenced variables in message CG290 are included in the sensitivity list.
@W: CG290 :"C:\Users\braya\Downloads\Arquitectura de computadoras\09-Project3erParcial\fsmoore00\fsm00.vhdl":45:10:45:14|Referenced variable e_act is not in sensitivity list.
@W: CG290 :"C:\Users\braya\Downloads\Arquitectura de computadoras\09-Project3erParcial\fsmoore00\fsm00.vhdl":41:8:41:12|Referenced variable enfsm is not in sensitivity list.
Post processing for work.fsm00.fsm0
Running optimization stage 1 on fsm00 .......
@W: CL117 :"C:\Users\braya\Downloads\Arquitectura de computadoras\09-Project3erParcial\fsmoore00\fsm00.vhdl":41:3:41:6|Latch generated from process for signal E_sig(0 to 7); possible missing assignment in an if or case statement.
@N: CD630 :"C:\Users\braya\Downloads\Arquitectura de computadoras\09-Project3erParcial\fsmoore00\memrom00.vhdl":8:7:8:14|Synthesizing work.memrom00.memrom0.
@W: CG296 :"C:\Users\braya\Downloads\Arquitectura de computadoras\09-Project3erParcial\fsmoore00\memrom00.vhdl":51:7:51:13|Incomplete sensitivity list; assuming completeness. Make sure all referenced variables in message CG290 are included in the sensitivity list.
@W: CG290 :"C:\Users\braya\Downloads\Arquitectura de computadoras\09-Project3erParcial\fsmoore00\memrom00.vhdl":53:9:53:13|Referenced variable encro is not in sensitivity list.
Post processing for work.memrom00.memrom0
Running optimization stage 1 on memrom00 .......
@N: CD630 :"C:\Users\braya\Downloads\Arquitectura de computadoras\09-Project3erParcial\fsmoore00\contRead00.vhdl":11:7:11:16|Synthesizing work.contread00.contread0.
Post processing for work.contread00.contread0
Running optimization stage 1 on contRead00 .......
@N: CD630 :"C:\Users\braya\Downloads\Arquitectura de computadoras\09-Project3erParcial\fsmoore00\fsmoore0\source\osc00.vhdl":7:7:7:11|Synthesizing work.osc00.osc0.
@N: CD630 :"C:\Users\braya\Downloads\Arquitectura de computadoras\09-Project3erParcial\fsmoore00\fsmoore0\source\div00.vhdl":8:7:8:11|Synthesizing work.div00.div0.
@N: CD364 :"C:\Users\braya\Downloads\Arquitectura de computadoras\09-Project3erParcial\fsmoore00\fsmoore0\source\div00.vhdl":28:3:28:8|Removing redundant assignment.
@N: CD364 :"C:\Users\braya\Downloads\Arquitectura de computadoras\09-Project3erParcial\fsmoore00\fsmoore0\source\div00.vhdl":36:3:36:8|Removing redundant assignment.
@N: CD364 :"C:\Users\braya\Downloads\Arquitectura de computadoras\09-Project3erParcial\fsmoore00\fsmoore0\source\div00.vhdl":44:3:44:8|Removing redundant assignment.
@N: CD364 :"C:\Users\braya\Downloads\Arquitectura de computadoras\09-Project3erParcial\fsmoore00\fsmoore0\source\div00.vhdl":52:3:52:8|Removing redundant assignment.
@N: CD364 :"C:\Users\braya\Downloads\Arquitectura de computadoras\09-Project3erParcial\fsmoore00\fsmoore0\source\div00.vhdl":60:3:60:8|Removing redundant assignment.
@N: CD364 :"C:\Users\braya\Downloads\Arquitectura de computadoras\09-Project3erParcial\fsmoore00\fsmoore0\source\div00.vhdl":68:3:68:8|Removing redundant assignment.
@N: CD364 :"C:\Users\braya\Downloads\Arquitectura de computadoras\09-Project3erParcial\fsmoore00\fsmoore0\source\div00.vhdl":76:3:76:8|Removing redundant assignment.
@N: CD364 :"C:\Users\braya\Downloads\Arquitectura de computadoras\09-Project3erParcial\fsmoore00\fsmoore0\source\div00.vhdl":84:3:84:8|Removing redundant assignment.
Post processing for work.div00.div0
Running optimization stage 1 on div00 .......
@N: CD630 :"C:\Users\braya\Downloads\Arquitectura de computadoras\09-Project3erParcial\fsmoore00\fsmoore0\source\oscint00.vhdl":6:7:6:14|Synthesizing work.oscint00.oscint0.
@W: CD276 :"C:\lscc\diamond\3.12\cae_library\synthesis\vhdl\machxo2.vhd":2297:8:2297:15|Map for port sedstdby of component osch not found
@N: CD630 :"C:\lscc\diamond\3.12\cae_library\synthesis\vhdl\machxo2.vhd":2291:10:2291:13|Synthesizing work.osch.syn_black_box.
Post processing for work.osch.syn_black_box
Post processing for work.oscint00.oscint0
Running optimization stage 1 on oscint00 .......
Post processing for work.osc00.osc0
Running optimization stage 1 on osc00 .......
Post processing for work.fsmoore00.fsmoore0
Running optimization stage 1 on fsmoore00 .......
Running optimization stage 2 on oscint00 .......
Running optimization stage 2 on div00 .......
Running optimization stage 2 on osc00 .......
Running optimization stage 2 on contRead00 .......
Running optimization stage 2 on memrom00 .......
Running optimization stage 2 on fsm00 .......
Running optimization stage 2 on fsmoore00 .......

For a summary of runtime and memory usage per design unit, please see file:
==========================================================
@L: C:\Users\braya\Downloads\Arquitectura de computadoras\09-Project3erParcial\fsmoore00\fsmoore0\synwork\layer0.rt.csv


At c_vhdl Exit (Real Time elapsed 0h:00m:02s; CPU Time elapsed 0h:00m:01s; Memory used current: 98MB peak: 99MB)

Process took 0h:00m:02s realtime, 0h:00m:01s cputime

Process completed successfully.
# Wed Jun  1 22:45:20 2022

###########################################################]
###########################################################[

Copyright (C) 1994-2020 Synopsys, Inc.
This Synopsys software and all associated documentation are proprietary to Synopsys, Inc.
and may only be used pursuant to the terms and conditions of a written license agreement
with Synopsys, Inc. All other use, reproduction, modification, or distribution of the
Synopsys software or the associated documentation is strictly prohibited.
Tool: Synplify Pro (R)
Build: Q-2020.03L-SP1
Install: C:\lscc\diamond\3.12\synpbase
OS: Windows 6.2

Hostname: DESKTOP-4OJJTR2

Implementation : fsmoore0
Synopsys Synopsys Netlist Linker, Version comp202003synp2, Build 182R, Built Oct 29 2020 10:49:53, @

@N|Running in 64-bit mode
File C:\Users\braya\Downloads\Arquitectura de computadoras\09-Project3erParcial\fsmoore00\fsmoore0\synwork\layer0.srs changed - recompiling

At syn_nfilter Exit (Real Time elapsed 0h:00m:00s; CPU Time elapsed 0h:00m:00s; Memory used current: 90MB peak: 90MB)

Process took 0h:00m:01s realtime, 0h:00m:01s cputime

Process completed successfully.
# Wed Jun  1 22:45:21 2022

###########################################################]

For a summary of runtime and memory usage for all design units, please see file:
==========================================================
@L: C:\Users\braya\Downloads\Arquitectura de computadoras\09-Project3erParcial\fsmoore00\fsmoore0\synwork\fsmoore00_fsmoore0_comp.rt.csv

@END

At c_hdl Exit (Real Time elapsed 0h:00m:03s; CPU Time elapsed 0h:00m:01s; Memory used current: 23MB peak: 23MB)

Process took 0h:00m:03s realtime, 0h:00m:01s cputime

Process completed successfully.
# Wed Jun  1 22:45:21 2022

###########################################################]
###########################################################[

Copyright (C) 1994-2020 Synopsys, Inc.
This Synopsys software and all associated documentation are proprietary to Synopsys, Inc.
and may only be used pursuant to the terms and conditions of a written license agreement
with Synopsys, Inc. All other use, reproduction, modification, or distribution of the
Synopsys software or the associated documentation is strictly prohibited.
Tool: Synplify Pro (R)
Build: Q-2020.03L-SP1
Install: C:\lscc\diamond\3.12\synpbase
OS: Windows 6.2

Hostname: DESKTOP-4OJJTR2

Implementation : fsmoore0
Synopsys Synopsys Netlist Linker, Version comp202003synp2, Build 182R, Built Oct 29 2020 10:49:53, @

@N|Running in 64-bit mode
File C:\Users\braya\Downloads\Arquitectura de computadoras\09-Project3erParcial\fsmoore00\fsmoore0\synwork\fsmoore00_fsmoore0_comp.srs changed - recompiling

At syn_nfilter Exit (Real Time elapsed 0h:00m:00s; CPU Time elapsed 0h:00m:00s; Memory used current: 90MB peak: 90MB)

Process took 0h:00m:01s realtime, 0h:00m:01s cputime

Process completed successfully.
# Wed Jun  1 22:45:23 2022

###########################################################]
Premap Report

# Wed Jun  1 22:45:24 2022


Copyright (C) 1994-2020 Synopsys, Inc.
This Synopsys software and all associated documentation are proprietary to Synopsys, Inc.
and may only be used pursuant to the terms and conditions of a written license agreement
with Synopsys, Inc. All other use, reproduction, modification, or distribution of the
Synopsys software or the associated documentation is strictly prohibited.
Tool: Synplify Pro (R)
Build: Q-2020.03L-SP1
Install: C:\lscc\diamond\3.12\synpbase
OS: Windows 6.2

Hostname: DESKTOP-4OJJTR2

Implementation : fsmoore0
Synopsys Lattice Technology Pre-mapping, Version map202003lat, Build 172R, Built Nov  2 2020 09:31:45, @


Mapper Startup Complete (Real Time elapsed 0h:00m:00s; CPU Time elapsed 0h:00m:00s; Memory used current: 117MB peak: 117MB)

@A: MF827 |No constraint file specified.
@L: C:\Users\braya\Downloads\Arquitectura de computadoras\09-Project3erParcial\fsmoore00\fsmoore0\fsmoore00_fsmoore0_scck.rpt 
See clock summary report "C:\Users\braya\Downloads\Arquitectura de computadoras\09-Project3erParcial\fsmoore00\fsmoore0\fsmoore00_fsmoore0_scck.rpt"
@N: MF916 |Option synthesis_strategy=base is enabled. 
@N: MF248 |Running in 64-bit mode.
@N: MF666 |Clock conversion enabled. (Command "set_option -fix_gated_and_generated_clocks 1" in the project file.)

Design Input Complete (Real Time elapsed 0h:00m:00s; CPU Time elapsed 0h:00m:00s; Memory used current: 125MB peak: 129MB)


Mapper Initialization Complete (Real Time elapsed 0h:00m:00s; CPU Time elapsed 0h:00m:00s; Memory used current: 125MB peak: 129MB)


Start loading timing files (Real Time elapsed 0h:00m:00s; CPU Time elapsed 0h:00m:00s; Memory used current: 138MB peak: 138MB)


Finished loading timing files (Real Time elapsed 0h:00m:00s; CPU Time elapsed 0h:00m:00s; Memory used current: 138MB peak: 140MB)

@N: FX493 |Applying initial value "0" on instance var0.
@W: FX474 |User-specified initial value defined for some sequential elements which can prevent optimum synthesis results from being achieved. 

Starting clock optimization phase (Real Time elapsed 0h:00m:01s; CPU Time elapsed 0h:00m:00s; Memory used current: 170MB peak: 170MB)


Finished clock optimization phase (Real Time elapsed 0h:00m:01s; CPU Time elapsed 0h:00m:00s; Memory used current: 170MB peak: 171MB)


Starting clock optimization report phase (Real Time elapsed 0h:00m:01s; CPU Time elapsed 0h:00m:00s; Memory used current: 170MB peak: 171MB)


Finished clock optimization report phase (Real Time elapsed 0h:00m:01s; CPU Time elapsed 0h:00m:00s; Memory used current: 171MB peak: 171MB)

@N: FX1184 |Applying syn_allowed_resources blockrams=26 on top level netlist fsmoore00 

Finished netlist restructuring (Real Time elapsed 0h:00m:01s; CPU Time elapsed 0h:00m:01s; Memory used current: 171MB peak: 171MB)



Clock Summary
******************

          Start                               Requested     Requested     Clock                                              Clock                   Clock
Level     Clock                               Frequency     Period        Type                                               Group                   Load 
----------------------------------------------------------------------------------------------------------------------------------------------------------
0 -       oscint00|osc_int_inferred_clock     2.1 MHz       480.769       inferred                                           Inferred_clkgroup_1     23   
1 .         div00|oscout_derived_clock        2.1 MHz       480.769       derived (from oscint00|osc_int_inferred_clock)     Inferred_clkgroup_1     20   
                                                                                                                                                          
0 -       fsmoore00|en0                       100.0 MHz     10.000        inferred                                           Inferred_clkgroup_0     13   
==========================================================================================================================================================



Clock Load Summary
***********************

                                    Clock     Source                          Clock Pin             Non-clock Pin         Non-clock Pin           
Clock                               Load      Pin                             Seq Example           Seq Example           Comb Example            
--------------------------------------------------------------------------------------------------------------------------------------------------
oscint00|osc_int_inferred_clock     23        FS00.D00.OSCInst0.OSC(OSCH)     FS00.D01.oscout.C     -                     -                       
div00|oscout_derived_clock          20        FS00.D01.oscout.Q[0](dffe)      FS03.E_act[0:7].C     -                     -                       
                                                                                                                                                  
fsmoore00|en0                       13        en0(port)                       FS03.E_sig[7].C       FS01.outcr[4:0].R     FS03.un1_enfsm.I[0](inv)
==================================================================================================================================================

@W: MT529 :"c:\users\braya\downloads\arquitectura de computadoras\09-project3erparcial\fsmoore00\contread00.vhdl":22:3:22:4|Found inferred clock fsmoore00|en0 which controls 13 sequential elements including FS01.outcr[4:0]. This clock has no specified timing constraint which may prevent conversion of gated or generated clocks and may adversely impact design performance. 
@W: MT529 :"c:\users\braya\downloads\arquitectura de computadoras\09-project3erparcial\fsmoore00\fsmoore0\source\div00.vhdl":20:4:20:5|Found inferred clock oscint00|osc_int_inferred_clock which controls 23 sequential elements including FS00.D01.sdiv[21:0]. This clock has no specified timing constraint which may prevent conversion of gated or generated clocks and may adversely impact design performance. 

ICG Latch Removal Summary:
Number of ICG latches removed: 0
Number of ICG latches not removed:	0


@S |Clock Optimization Summary



#### START OF PREMAP CLOCK OPTIMIZATION REPORT #####[

2 non-gated/non-generated clock tree(s) driving 31 clock pin(s) of sequential element(s)
1 gated/generated clock tree(s) driving 20 clock pin(s) of sequential element(s)
0 instances converted, 20 sequential instances remain driven by gated/generated clocks

================================ Non-Gated/Non-Generated Clocks =================================
Clock Tree ID     Driving Element           Drive Element Type     Fanout     Sample Instance    
-------------------------------------------------------------------------------------------------
@KP:ckid0_0       en0                       port                   8          FS03.E_sig[0]      
@KP:ckid0_3       FS00.D00.OSCInst0.OSC     OSCH                   23         FS00.D01.sdiv[21:0]
=================================================================================================
=============================================================== Gated/Generated Clocks ================================================================
Clock Tree ID     Driving Element          Drive Element Type     Unconverted Fanout     Sample Instance     Explanation                               
-------------------------------------------------------------------------------------------------------------------------------------------------------
@KP:ckid0_1       FS00.D01.oscout.Q[0]     dffe                   20                     FS03.var0           Derived clock on input (not legal for GCC)
=======================================================================================================================================================


##### END OF CLOCK OPTIMIZATION REPORT ######

@N: FX1143 |Skipping assigning INTERNAL_VREF to iobanks, because the table of mapping from pin to iobank is not initialized.
Finished Pre Mapping Phase.

Starting constraint checker (Real Time elapsed 0h:00m:01s; CPU Time elapsed 0h:00m:01s; Memory used current: 171MB peak: 171MB)


Finished constraint checker preprocessing (Real Time elapsed 0h:00m:01s; CPU Time elapsed 0h:00m:01s; Memory used current: 171MB peak: 171MB)


Finished constraint checker (Real Time elapsed 0h:00m:02s; CPU Time elapsed 0h:00m:01s; Memory used current: 172MB peak: 172MB)

Pre-mapping successful!

At Mapper Exit (Real Time elapsed 0h:00m:02s; CPU Time elapsed 0h:00m:01s; Memory used current: 91MB peak: 173MB)

Process took 0h:00m:02s realtime, 0h:00m:01s cputime
# Wed Jun  1 22:45:27 2022

###########################################################]
Map & Optimize Report

# Wed Jun  1 22:45:28 2022


Copyright (C) 1994-2020 Synopsys, Inc.
This Synopsys software and all associated documentation are proprietary to Synopsys, Inc.
and may only be used pursuant to the terms and conditions of a written license agreement
with Synopsys, Inc. All other use, reproduction, modification, or distribution of the
Synopsys software or the associated documentation is strictly prohibited.
Tool: Synplify Pro (R)
Build: Q-2020.03L-SP1
Install: C:\lscc\diamond\3.12\synpbase
OS: Windows 6.2

Hostname: DESKTOP-4OJJTR2

Implementation : fsmoore0
Synopsys Lattice Technology Mapper, Version map202003lat, Build 172R, Built Nov  2 2020 09:31:45, @


Mapper Startup Complete (Real Time elapsed 0h:00m:00s; CPU Time elapsed 0h:00m:00s; Memory used current: 117MB peak: 117MB)

@N: MF916 |Option synthesis_strategy=base is enabled. 
@N: MF248 |Running in 64-bit mode.
@N: MF666 |Clock conversion enabled. (Command "set_option -fix_gated_and_generated_clocks 1" in the project file.)

Design Input Complete (Real Time elapsed 0h:00m:00s; CPU Time elapsed 0h:00m:00s; Memory used current: 119MB peak: 129MB)


Mapper Initialization Complete (Real Time elapsed 0h:00m:00s; CPU Time elapsed 0h:00m:00s; Memory used current: 119MB peak: 129MB)


Start loading timing files (Real Time elapsed 0h:00m:00s; CPU Time elapsed 0h:00m:00s; Memory used current: 133MB peak: 133MB)


Finished loading timing files (Real Time elapsed 0h:00m:00s; CPU Time elapsed 0h:00m:00s; Memory used current: 135MB peak: 136MB)



Starting Optimization and Mapping (Real Time elapsed 0h:00m:00s; CPU Time elapsed 0h:00m:00s; Memory used current: 167MB peak: 167MB)


Available hyper_sources - for debug and ip models
	None Found

@W: FA239 :"c:\users\braya\downloads\arquitectura de computadoras\09-project3erparcial\fsmoore00\memrom00.vhdl":58:16:58:22|ROM prom\.outro_2[5:0] (in view: work.memrom00(memrom0)) mapped in logic. To map to a technology ROM, apply attribute syn_romstyle on this instance.
@W: FA239 :"c:\users\braya\downloads\arquitectura de computadoras\09-project3erparcial\fsmoore00\memrom00.vhdl":58:16:58:22|ROM prom\.outro_2[5:0] (in view: work.memrom00(memrom0)) mapped in logic. To map to a technology ROM, apply attribute syn_romstyle on this instance.
@N: MO106 :"c:\users\braya\downloads\arquitectura de computadoras\09-project3erparcial\fsmoore00\memrom00.vhdl":58:16:58:22|Found ROM prom\.outro_2[5:0] (in view: work.memrom00(memrom0)) with 32 words by 6 bits.

Finished RTL optimizations (Real Time elapsed 0h:00m:00s; CPU Time elapsed 0h:00m:00s; Memory used current: 172MB peak: 172MB)

@N: BN362 :"c:\users\braya\downloads\arquitectura de computadoras\09-project3erparcial\fsmoore00\fsm00.vhdl":22:3:22:6|Removing sequential instance E_act[0] (in view: work.fsm00(fsm0)) because it does not drive other instances.
@A: BN291 :"c:\users\braya\downloads\arquitectura de computadoras\09-project3erparcial\fsmoore00\fsm00.vhdl":22:3:22:6|Boundary register E_act[0] (in view: work.fsm00(fsm0)) is packed into a complex cell. To disable register packing, set syn_keep=1 on the net between the register and the complex cell. 
@N: BN362 :"c:\users\braya\downloads\arquitectura de computadoras\09-project3erparcial\fsmoore00\fsm00.vhdl":41:3:41:6|Removing sequential instance E_sig[0] (in view: work.fsm00(fsm0)) of type view:PrimLib.lat(prim) because it does not drive other instances.

Starting factoring (Real Time elapsed 0h:00m:00s; CPU Time elapsed 0h:00m:00s; Memory used current: 173MB peak: 173MB)


Finished factoring (Real Time elapsed 0h:00m:00s; CPU Time elapsed 0h:00m:00s; Memory used current: 173MB peak: 173MB)


Finished generic timing optimizations - Pass 1 (Real Time elapsed 0h:00m:01s; CPU Time elapsed 0h:00m:01s; Memory used current: 175MB peak: 175MB)


Starting Early Timing Optimization (Real Time elapsed 0h:00m:01s; CPU Time elapsed 0h:00m:01s; Memory used current: 176MB peak: 176MB)


Finished Early Timing Optimization (Real Time elapsed 0h:00m:01s; CPU Time elapsed 0h:00m:01s; Memory used current: 176MB peak: 176MB)


Finished generic timing optimizations - Pass 2 (Real Time elapsed 0h:00m:01s; CPU Time elapsed 0h:00m:01s; Memory used current: 176MB peak: 176MB)


Finished preparing to map (Real Time elapsed 0h:00m:01s; CPU Time elapsed 0h:00m:01s; Memory used current: 176MB peak: 176MB)


Finished technology mapping (Real Time elapsed 0h:00m:01s; CPU Time elapsed 0h:00m:01s; Memory used current: 180MB peak: 180MB)

Pass		 CPU time		Worst Slack		Luts / Registers
------------------------------------------------------------
   1		0h:00m:01s		   467.83ns		  97 /        42

Finished technology timing optimizations and critical path resynthesis (Real Time elapsed 0h:00m:01s; CPU Time elapsed 0h:00m:01s; Memory used current: 181MB peak: 181MB)

@N: FX164 |The option to pack registers in the IOB has not been specified. Please set syn_useioff attribute.  

Finished restoring hierarchy (Real Time elapsed 0h:00m:01s; CPU Time elapsed 0h:00m:01s; Memory used current: 181MB peak: 181MB)


Start Writing Netlists (Real Time elapsed 0h:00m:02s; CPU Time elapsed 0h:00m:02s; Memory used current: 146MB peak: 181MB)

Writing Analyst data base C:\Users\braya\Downloads\Arquitectura de computadoras\09-Project3erParcial\fsmoore00\fsmoore0\synwork\fsmoore00_fsmoore0_m.srm

Finished Writing Netlist Databases (Real Time elapsed 0h:00m:02s; CPU Time elapsed 0h:00m:02s; Memory used current: 181MB peak: 181MB)

Writing EDIF Netlist and constraint files
@N: FX1056 |Writing EDF file: C:\Users\braya\Downloads\Arquitectura de computadoras\09-Project3erParcial\fsmoore00\fsmoore0\fsmoore00_fsmoore0.edi
@N: BW106 |Synplicity Constraint File capacitance units using default value of 1pF 

Finished Writing EDIF Netlist and constraint files (Real Time elapsed 0h:00m:03s; CPU Time elapsed 0h:00m:02s; Memory used current: 185MB peak: 185MB)


Start final timing analysis (Real Time elapsed 0h:00m:03s; CPU Time elapsed 0h:00m:03s; Memory used current: 185MB peak: 186MB)

@W: MT420 |Found inferred clock fsmoore00|en0 with period 10.00ns. Please declare a user-defined clock on port en0.
@W: MT420 |Found inferred clock oscint00|osc_int_inferred_clock with period 480.77ns. Please declare a user-defined clock on net FS00.D00.sclk.
@N: MT615 |Found clock div00|oscout_derived_clock with period 480.77ns 


##### START OF TIMING REPORT #####[
# Timing report written on Wed Jun  1 22:45:32 2022
#


Top view:               fsmoore00
Requested Frequency:    2.1 MHz
Wire load mode:         top
Paths requested:        5
Constraint File(s):    
@N: MT320 |This timing report is an estimate of place and route data. For final timing results, use the FPGA vendor place and route report.

@N: MT322 |Clock constraints include only register-to-register paths associated with each individual clock.



Performance Summary
*******************


Worst slack in design: 467.485

                                    Requested     Estimated     Requested     Estimated                 Clock                                              Clock              
Starting Clock                      Frequency     Frequency     Period        Period        Slack       Type                                               Group              
------------------------------------------------------------------------------------------------------------------------------------------------------------------------------
div00|oscout_derived_clock          2.1 MHz       634.3 MHz     480.769       1.577         958.385     derived (from oscint00|osc_int_inferred_clock)     Inferred_clkgroup_1
fsmoore00|en0                       100.0 MHz     NA            10.000        NA            NA          inferred                                           Inferred_clkgroup_0
oscint00|osc_int_inferred_clock     2.1 MHz       75.3 MHz      480.769       13.284        467.485     inferred                                           Inferred_clkgroup_1
==============================================================================================================================================================================
Estimated period and frequency reported as NA means no slack depends directly on the clock waveform





Clock Relationships
*******************

Clocks                                                            |    rise  to  rise     |    fall  to  fall   |    rise  to  fall   |    fall  to  rise 
----------------------------------------------------------------------------------------------------------------------------------------------------------
Starting                         Ending                           |  constraint  slack    |  constraint  slack  |  constraint  slack  |  constraint  slack
----------------------------------------------------------------------------------------------------------------------------------------------------------
fsmoore00|en0                    div00|oscout_derived_clock       |  Diff grp    -        |  No paths    -      |  No paths    -      |  No paths    -    
oscint00|osc_int_inferred_clock  oscint00|osc_int_inferred_clock  |  480.769     467.485  |  No paths    -      |  No paths    -      |  No paths    -    
div00|oscout_derived_clock       fsmoore00|en0                    |  Diff grp    -        |  No paths    -      |  No paths    -      |  No paths    -    
div00|oscout_derived_clock       div00|oscout_derived_clock       |  480.769     958.385  |  No paths    -      |  No paths    -      |  No paths    -    
==========================================================================================================================================================
 Note: 'No paths' indicates there are no paths in the design for that pair of clock edges.
       'Diff grp' indicates that paths exist but the starting clock and ending clock are in different clock groups.



Interface Information 
*********************

No IO constraint found



====================================
Detailed Report for Clock: div00|oscout_derived_clock
====================================



Starting Points with Worst Slack
********************************

                  Starting                                                             Arrival            
Instance          Reference                      Type        Pin     Net               Time        Slack  
                  Clock                                                                                   
----------------------------------------------------------------------------------------------------------
FS01.outcr[1]     div00|oscout_derived_clock     FD1S3IX     Q       address0_c[1]     1.232       958.385
FS01.outcr[2]     div00|oscout_derived_clock     FD1S3IX     Q       address0_c[2]     1.228       958.389
FS01.outcr[4]     div00|oscout_derived_clock     FD1S3IX     Q       address0_c[4]     1.204       958.413
FS01.outcr[3]     div00|oscout_derived_clock     FD1S3IX     Q       address0_c[3]     1.236       958.686
FS01.outcr[0]     div00|oscout_derived_clock     FD1S3IX     Q       address0_c[0]     1.244       958.750
FS03.var0         div00|oscout_derived_clock     FD1S3DX     Q       var0              1.204       959.863
==========================================================================================================


Ending Points with Worst Slack
******************************

                  Starting                                                                Required            
Instance          Reference                      Type        Pin     Net                  Time         Slack  
                  Clock                                                                                       
--------------------------------------------------------------------------------------------------------------
FS02.outro[0]     div00|oscout_derived_clock     FD1S3DX     D       outro_2[0]           962.001      958.385
FS02.outro[4]     div00|oscout_derived_clock     FD1S3DX     D       outro_2[4]           961.627      958.626
FS02.outro[5]     div00|oscout_derived_clock     FD1S3DX     D       N_23_i               961.627      958.626
FS02.outro[2]     div00|oscout_derived_clock     FD1S3DX     D       N_16_i               961.627      958.686
FS02.outro[3]     div00|oscout_derived_clock     FD1S3DX     D       N_17_i               961.627      958.686
FS01.outcr[4]     div00|oscout_derived_clock     FD1S3IX     D       un2_outcr_axbxc4     961.627      958.750
FS02.outro[1]     div00|oscout_derived_clock     FD1S3DX     D       outro_2[1]           961.627      958.758
FS01.outcr[0]     div00|oscout_derived_clock     FD1S3IX     D       address0_c_i[0]      961.433      959.621
FS01.outcr[1]     div00|oscout_derived_clock     FD1S3IX     D       un2_outcr_axbxc1     961.627      959.767
FS01.outcr[2]     div00|oscout_derived_clock     FD1S3IX     D       un2_outcr_axbxc2     961.627      959.767
==============================================================================================================



Worst Path Information
***********************


Path information for path number 1: 
      Requested Period:                      961.538
    - Setup time:                            -0.462
    + Clock delay at ending point:           0.000 (ideal)
    = Required time:                         962.001

    - Propagation time:                      3.616
    - Clock delay at starting point:         0.000 (ideal)
    = Slack (non-critical) :                 958.385

    Number of logic level(s):                3
    Starting point:                          FS01.outcr[1] / Q
    Ending point:                            FS02.outro[0] / D
    The start point is clocked by            div00|oscout_derived_clock [rising] (rise=0.000 fall=240.385 period=480.769) on pin CK
    The end   point is clocked by            div00|oscout_derived_clock [rising] (rise=0.000 fall=240.385 period=480.769) on pin CK
    -Timing constraint applied as multi cycle path with factor 2 (from c:div00|oscout_derived_clock to c:div00|oscout_derived_clock)

Instance / Net                                 Pin      Pin               Arrival     No. of    
Name                              Type         Name     Dir     Delay     Time        Fan Out(s)
------------------------------------------------------------------------------------------------
FS01.outcr[1]                     FD1S3IX      Q        Out     1.232     1.232 r     -         
address0_c[1]                     Net          -        -       -         -           10        
FS02.prom\.outro_2_5_0_.m3        ORCALUT4     A        In      0.000     1.232 r     -         
FS02.prom\.outro_2_5_0_.m3        ORCALUT4     Z        Out     1.153     2.385 r     -         
N_4                               Net          -        -       -         -           3         
FS02.prom\.outro_2_5_0_.m9_am     ORCALUT4     A        In      0.000     2.385 r     -         
FS02.prom\.outro_2_5_0_.m9_am     ORCALUT4     Z        Out     1.017     3.401 f     -         
m9_am                             Net          -        -       -         -           1         
FS02.prom\.outro_2_5_0_.m9        PFUMX        BLUT     In      0.000     3.401 f     -         
FS02.prom\.outro_2_5_0_.m9        PFUMX        Z        Out     0.214     3.616 f     -         
outro_2[0]                        Net          -        -       -         -           1         
FS02.outro[0]                     FD1S3DX      D        In      0.000     3.616 f     -         
================================================================================================




====================================
Detailed Report for Clock: oscint00|osc_int_inferred_clock
====================================



Starting Points with Worst Slack
********************************

                      Starting                                                             Arrival            
Instance              Reference                           Type        Pin     Net          Time        Slack  
                      Clock                                                                                   
--------------------------------------------------------------------------------------------------------------
FS00.D01.sdiv[8]      oscint00|osc_int_inferred_clock     FD1S3IX     Q       sdiv[8]      1.108       467.485
FS00.D01.sdiv[9]      oscint00|osc_int_inferred_clock     FD1S3IX     Q       sdiv[9]      1.108       467.485
FS00.D01.sdiv[10]     oscint00|osc_int_inferred_clock     FD1S3IX     Q       sdiv[10]     1.108       467.485
FS00.D01.sdiv[11]     oscint00|osc_int_inferred_clock     FD1S3IX     Q       sdiv[11]     1.108       467.485
FS00.D01.sdiv[12]     oscint00|osc_int_inferred_clock     FD1S3IX     Q       sdiv[12]     1.148       467.517
FS00.D01.sdiv[13]     oscint00|osc_int_inferred_clock     FD1S3IX     Q       sdiv[13]     1.148       467.517
FS00.D01.sdiv[14]     oscint00|osc_int_inferred_clock     FD1S3IX     Q       sdiv[14]     1.148       467.517
FS00.D01.sdiv[15]     oscint00|osc_int_inferred_clock     FD1S3IX     Q       sdiv[15]     1.148       467.517
FS00.D01.sdiv[0]      oscint00|osc_int_inferred_clock     FD1S3IX     Q       sdiv[0]      1.044       467.549
FS00.D01.sdiv[1]      oscint00|osc_int_inferred_clock     FD1S3IX     Q       sdiv[1]      1.044       467.549
==============================================================================================================


Ending Points with Worst Slack
******************************

                      Starting                                                                Required            
Instance              Reference                           Type        Pin     Net             Time         Slack  
                      Clock                                                                                       
------------------------------------------------------------------------------------------------------------------
FS00.D01.sdiv[21]     oscint00|osc_int_inferred_clock     FD1S3IX     D       sdiv_11[21]     480.664      467.485
FS00.D01.sdiv[19]     oscint00|osc_int_inferred_clock     FD1S3IX     D       sdiv_11[19]     480.664      467.627
FS00.D01.sdiv[20]     oscint00|osc_int_inferred_clock     FD1S3IX     D       sdiv_11[20]     480.664      467.627
FS00.D01.sdiv[17]     oscint00|osc_int_inferred_clock     FD1S3IX     D       sdiv_11[17]     480.664      467.770
FS00.D01.sdiv[18]     oscint00|osc_int_inferred_clock     FD1S3IX     D       sdiv_11[18]     480.664      467.770
FS00.D01.sdiv[15]     oscint00|osc_int_inferred_clock     FD1S3IX     D       sdiv_11[15]     480.664      467.913
FS00.D01.sdiv[16]     oscint00|osc_int_inferred_clock     FD1S3IX     D       sdiv_11[16]     480.664      467.913
FS00.D01.sdiv[13]     oscint00|osc_int_inferred_clock     FD1S3IX     D       sdiv_11[13]     480.664      468.056
FS00.D01.sdiv[14]     oscint00|osc_int_inferred_clock     FD1S3IX     D       sdiv_11[14]     480.664      468.056
FS00.D01.sdiv[11]     oscint00|osc_int_inferred_clock     FD1S3IX     D       sdiv_11[11]     480.664      468.199
==================================================================================================================



Worst Path Information
***********************


Path information for path number 1: 
      Requested Period:                      480.769
    - Setup time:                            0.106
    + Clock delay at ending point:           0.000 (ideal)
    = Required time:                         480.664

    - Propagation time:                      13.179
    - Clock delay at starting point:         0.000 (ideal)
    = Slack (critical) :                     467.485

    Number of logic level(s):                19
    Starting point:                          FS00.D01.sdiv[8] / Q
    Ending point:                            FS00.D01.sdiv[21] / D
    The start point is clocked by            oscint00|osc_int_inferred_clock [rising] (rise=0.000 fall=240.385 period=480.769) on pin CK
    The end   point is clocked by            oscint00|osc_int_inferred_clock [rising] (rise=0.000 fall=240.385 period=480.769) on pin CK

Instance / Net                                      Pin      Pin               Arrival      No. of    
Name                                   Type         Name     Dir     Delay     Time         Fan Out(s)
------------------------------------------------------------------------------------------------------
FS00.D01.sdiv[8]                       FD1S3IX      Q        Out     1.108     1.108 r      -         
sdiv[8]                                Net          -        -       -         -            3         
FS00.D01.pdiv\.sdiv15lto19_i_a2_13     ORCALUT4     D        In      0.000     1.108 r      -         
FS00.D01.pdiv\.sdiv15lto19_i_a2_13     ORCALUT4     Z        Out     1.089     2.197 f      -         
N_3_13                                 Net          -        -       -         -            2         
FS00.D01.pdiv\.sdiv15lto19_i_a2_18     ORCALUT4     B        In      0.000     2.197 f      -         
FS00.D01.pdiv\.sdiv15lto19_i_a2_18     ORCALUT4     Z        Out     1.233     3.429 f      -         
N_3_19                                 Net          -        -       -         -            6         
FS00.D01.pdiv\.sdiv22lto19             ORCALUT4     A        In      0.000     3.429 f      -         
FS00.D01.pdiv\.sdiv22lto19             ORCALUT4     Z        Out     1.017     4.446 r      -         
sdiv22lt21                             Net          -        -       -         -            1         
FS00.D01.oscout_0_sqmuxa_2             ORCALUT4     B        In      0.000     4.446 r      -         
FS00.D01.oscout_0_sqmuxa_2             ORCALUT4     Z        Out     1.089     5.535 r      -         
oscout_0_sqmuxa_2                      Net          -        -       -         -            2         
FS00.D01.un1_sdiv69_2_0                ORCALUT4     A        In      0.000     5.535 r      -         
FS00.D01.un1_sdiv69_2_0                ORCALUT4     Z        Out     1.017     6.552 r      -         
un1_sdiv69_2_0                         Net          -        -       -         -            1         
FS00.D01.un1_sdiv69_4                  ORCALUT4     D        In      0.000     6.552 r      -         
FS00.D01.un1_sdiv69_4                  ORCALUT4     Z        Out     1.089     7.641 r      -         
un1_sdiv69_4                           Net          -        -       -         -            2         
FS00.D01.un1_sdiv69_i                  ORCALUT4     B        In      0.000     7.641 r      -         
FS00.D01.un1_sdiv69_i                  ORCALUT4     Z        Out     1.017     8.657 f      -         
un1_sdiv69_i                           Net          -        -       -         -            1         
FS00.D01.un1_sdiv_cry_0_0              CCU2D        B0       In      0.000     8.657 f      -         
FS00.D01.un1_sdiv_cry_0_0              CCU2D        COUT     Out     1.544     10.202 r     -         
un1_sdiv_cry_0                         Net          -        -       -         -            1         
FS00.D01.un1_sdiv_cry_1_0              CCU2D        CIN      In      0.000     10.202 r     -         
FS00.D01.un1_sdiv_cry_1_0              CCU2D        COUT     Out     0.143     10.345 r     -         
un1_sdiv_cry_2                         Net          -        -       -         -            1         
FS00.D01.un1_sdiv_cry_3_0              CCU2D        CIN      In      0.000     10.345 r     -         
FS00.D01.un1_sdiv_cry_3_0              CCU2D        COUT     Out     0.143     10.488 r     -         
un1_sdiv_cry_4                         Net          -        -       -         -            1         
FS00.D01.un1_sdiv_cry_5_0              CCU2D        CIN      In      0.000     10.488 r     -         
FS00.D01.un1_sdiv_cry_5_0              CCU2D        COUT     Out     0.143     10.630 r     -         
un1_sdiv_cry_6                         Net          -        -       -         -            1         
FS00.D01.un1_sdiv_cry_7_0              CCU2D        CIN      In      0.000     10.630 r     -         
FS00.D01.un1_sdiv_cry_7_0              CCU2D        COUT     Out     0.143     10.773 r     -         
un1_sdiv_cry_8                         Net          -        -       -         -            1         
FS00.D01.un1_sdiv_cry_9_0              CCU2D        CIN      In      0.000     10.773 r     -         
FS00.D01.un1_sdiv_cry_9_0              CCU2D        COUT     Out     0.143     10.916 r     -         
un1_sdiv_cry_10                        Net          -        -       -         -            1         
FS00.D01.un1_sdiv_cry_11_0             CCU2D        CIN      In      0.000     10.916 r     -         
FS00.D01.un1_sdiv_cry_11_0             CCU2D        COUT     Out     0.143     11.059 r     -         
un1_sdiv_cry_12                        Net          -        -       -         -            1         
FS00.D01.un1_sdiv_cry_13_0             CCU2D        CIN      In      0.000     11.059 r     -         
FS00.D01.un1_sdiv_cry_13_0             CCU2D        COUT     Out     0.143     11.201 r     -         
un1_sdiv_cry_14                        Net          -        -       -         -            1         
FS00.D01.un1_sdiv_cry_15_0             CCU2D        CIN      In      0.000     11.201 r     -         
FS00.D01.un1_sdiv_cry_15_0             CCU2D        COUT     Out     0.143     11.344 r     -         
un1_sdiv_cry_16                        Net          -        -       -         -            1         
FS00.D01.un1_sdiv_cry_17_0             CCU2D        CIN      In      0.000     11.344 r     -         
FS00.D01.un1_sdiv_cry_17_0             CCU2D        COUT     Out     0.143     11.487 r     -         
un1_sdiv_cry_18                        Net          -        -       -         -            1         
FS00.D01.un1_sdiv_cry_19_0             CCU2D        CIN      In      0.000     11.487 r     -         
FS00.D01.un1_sdiv_cry_19_0             CCU2D        COUT     Out     0.143     11.630 r     -         
un1_sdiv_cry_20                        Net          -        -       -         -            1         
FS00.D01.un1_sdiv_s_21_0               CCU2D        CIN      In      0.000     11.630 r     -         
FS00.D01.un1_sdiv_s_21_0               CCU2D        S0       Out     1.549     13.179 r     -         
sdiv_11[21]                            Net          -        -       -         -            1         
FS00.D01.sdiv[21]                      FD1S3IX      D        In      0.000     13.179 r     -         
======================================================================================================



##### END OF TIMING REPORT #####]

Timing exceptions that could not be applied

Finished final timing analysis (Real Time elapsed 0h:00m:03s; CPU Time elapsed 0h:00m:03s; Memory used current: 185MB peak: 186MB)


Finished timing report (Real Time elapsed 0h:00m:03s; CPU Time elapsed 0h:00m:03s; Memory used current: 185MB peak: 186MB)

---------------------------------------
Resource Usage Report
Part: lcmxo2_7000he-5

Register bits: 42 of 6864 (1%)
Latch bits:      7
PIC Latch:       0
I/O cells:       21


Details:
CCU2D:          12
FD1P3BX:        1
FD1P3DX:        6
FD1S1AY:        7
FD1S3AX:        1
FD1S3DX:        7
FD1S3IX:        27
GSR:            1
IB:             6
INV:            2
OB:             15
ORCALUT4:       94
OSCH:           1
PFUMX:          1
PUR:            1
VHI:            5
VLO:            6
Mapper successful!

At Mapper Exit (Real Time elapsed 0h:00m:04s; CPU Time elapsed 0h:00m:03s; Memory used current: 66MB peak: 186MB)

Process took 0h:00m:04s realtime, 0h:00m:03s cputime
# Wed Jun  1 22:45:32 2022

###########################################################]


Synthesis exit by 0.

edif2ngd  -l "MachXO2" -d LCMXO2-7000HE -path "C:/Users/braya/Downloads/Arquitectura de computadoras/09-Project3erParcial/fsmoore00/fsmoore0" -path "C:/Users/braya/Downloads/Arquitectura de computadoras/09-Project3erParcial/fsmoore00"   "C:/Users/braya/Downloads/Arquitectura de computadoras/09-Project3erParcial/fsmoore00/fsmoore0/fsmoore00_fsmoore0.edi" "fsmoore00_fsmoore0.ngo"   
edif2ngd:  version Diamond (64-bit) 3.12.0.240.2

Copyright (c) 1991-1994 by NeoCAD Inc. All rights reserved.
Copyright (c) 1995 AT&T Corp.   All rights reserved.
Copyright (c) 1995-2001 Lucent Technologies Inc.  All rights reserved.
Copyright (c) 2001 Agere Systems   All rights reserved.
Copyright (c) 2002-2020 Lattice Semiconductor Corporation,  All rights reserved.
Writing the design to fsmoore00_fsmoore0.ngo...

Total CPU Time: 0 secs  
Total REAL Time: 0 secs  
Peak Memory Usage: 10 MB


ngdbuild  -a "MachXO2" -d LCMXO2-7000HE  -p "C:/lscc/diamond/3.12/ispfpga/xo2c00/data"  -p "C:/Users/braya/Downloads/Arquitectura de computadoras/09-Project3erParcial/fsmoore00/fsmoore0" -p "C:/Users/braya/Downloads/Arquitectura de computadoras/09-Project3erParcial/fsmoore00"  "fsmoore00_fsmoore0.ngo" "fsmoore00_fsmoore0.ngd"  	
ngdbuild:  version Diamond (64-bit) 3.12.0.240.2

Copyright (c) 1991-1994 by NeoCAD Inc. All rights reserved.
Copyright (c) 1995 AT&T Corp.   All rights reserved.
Copyright (c) 1995-2001 Lucent Technologies Inc.  All rights reserved.
Copyright (c) 2001 Agere Systems   All rights reserved.
Copyright (c) 2002-2020 Lattice Semiconductor Corporation,  All rights reserved.
Reading 'fsmoore00_fsmoore0.ngo' ...
Loading NGL library 'C:/lscc/diamond/3.12/ispfpga/xo2c00a/data/xo2alib.ngl'...
Loading NGL library 'C:/lscc/diamond/3.12/ispfpga/xo2c00/data/xo2clib.ngl'...
Loading NGL library 'C:/lscc/diamond/3.12/ispfpga/mg5g00/data/mg5glib.ngl'...
Loading NGL library 'C:/lscc/diamond/3.12/ispfpga/or5g00/data/orc5glib.ngl'...


Running DRC...

    <postMsg mid="1166052" type="Warning" dynamic="2" navigation="1" arg0="logical" arg1="FS00/D00/OSCInst0_SEDSTDBY" arg2="FS00/D00/OSCInst0_SEDSTDBY"  />
    <postMsg mid="1163101" type="Warning" dynamic="1" navigation="0" arg0="1"  />

Design Results:
    192 blocks expanded
Complete the first expansion.
Writing 'fsmoore00_fsmoore0.ngd' ...
Total CPU Time: 0 secs 
Total REAL Time: 0 secs 
Peak Memory Usage: 18 MB


map -a "MachXO2" -p LCMXO2-7000HE -t TQFP144 -s 5 -oc Commercial   "fsmoore00_fsmoore0.ngd" -o "fsmoore00_fsmoore0_map.ncd" -pr "fsmoore00_fsmoore0.prf" -mp "fsmoore00_fsmoore0.mrp" -lpf "C:/Users/braya/Downloads/Arquitectura de computadoras/09-Project3erParcial/fsmoore00/fsmoore0/fsmoore00_fsmoore0_synplify.lpf" -lpf "C:/Users/braya/Downloads/Arquitectura de computadoras/09-Project3erParcial/fsmoore00/fsmoore00.lpf"  -c 0           
map:  version Diamond (64-bit) 3.12.0.240.2

Copyright (c) 1991-1994 by NeoCAD Inc. All rights reserved.
Copyright (c) 1995 AT&T Corp.   All rights reserved.
Copyright (c) 1995-2001 Lucent Technologies Inc.  All rights reserved.
Copyright (c) 2001 Agere Systems   All rights reserved.
Copyright (c) 2002-2020 Lattice Semiconductor Corporation,  All rights reserved.
   Process the file: fsmoore00_fsmoore0.ngd
   Picdevice="LCMXO2-7000HE"

   Pictype="TQFP144"

   Picspeed=5

   Remove unused logic

   Do not produce over sized NCDs.

Part used: LCMXO2-7000HETQFP144, Performance used: 5.

Loading device for application map from file 'xo2c7000.nph' in environment: C:/lscc/diamond/3.12/ispfpga.
Package Status:                     Final          Version 1.39.

Running general design DRC...

Removing unused logic...

Optimizing...

    <postMsg mid="51001030" type="Warning" dynamic="1" navigation="0" arg0="en0_c"  />



Design Summary:
   Number of registers:     49 out of  7209 (1%)
      PFU registers:           49 out of  6864 (1%)
      PIO registers:            0 out of   345 (0%)
   Number of SLICEs:        60 out of  3432 (2%)
      SLICEs as Logic/ROM:     60 out of  3432 (2%)
      SLICEs as RAM:            0 out of  2574 (0%)
      SLICEs as Carry:         12 out of  3432 (0%)
   Number of LUT4s:        120 out of  6864 (2%)
      Number used as logic LUTs:         96
      Number used as distributed RAM:     0
      Number used as ripple logic:       24
      Number used as shift registers:     0
   Number of PIO sites used: 21 + 4(JTAG) out of 115 (22%)
   Number of block RAMs:  0 out of 26 (0%)
   Number of GSRs:        1 out of 1 (100%)
   EFB used :        No
   JTAG used :       No
   Readback used :   No
   Oscillator used : Yes
   Startup used :    No
   POR :             On
   Bandgap :         On
   Number of Power Controller:  0 out of 1 (0%)
   Number of Dynamic Bank Controller (BCINRD):  0 out of 6 (0%)
   Number of Dynamic Bank Controller (BCLVDSO):  0 out of 1 (0%)
   Number of DCCA:  0 out of 8 (0%)
   Number of DCMA:  0 out of 2 (0%)
   Number of PLLs:  0 out of 2 (0%)
   Number of DQSDLLs:  0 out of 2 (0%)
   Number of CLKDIVC:  0 out of 4 (0%)
   Number of ECLKSYNCA:  0 out of 4 (0%)
   Number of ECLKBRIDGECS:  0 out of 2 (0%)
   Notes:-
      1. Total number of LUT4s = (Number of logic LUT4s) + 2*(Number of distributed RAMs) + 2*(Number of ripple logic)
      2. Number of logic LUT4s does not include count of distributed RAM and ripple logic.
   Number of clocks:  3
     Net clk0_c: 12 loads, 12 rising, 0 falling (Driver: FS00/D01/oscout )
     Net en0_c: 4 loads, 4 rising, 0 falling (Driver: PIO en0 )
     Net FS00/sclk: 13 loads, 13 rising, 0 falling (Driver: FS00/D00/OSCInst0 )
   Number of Clock Enables:  1
     Net FS03/var0: 4 loads, 4 LSLICEs
   Number of local set/reset loads for net en0_c merged into GSR:  14
   Number of LSRs:  2
     Net en0_c: 3 loads, 3 LSLICEs
     Net FS00/D01/un1_sdiv61_RNIOULJ: 12 loads, 12 LSLICEs
   Number of nets driven by tri-state buffers:  0
   Top 10 highest fanout non-clock nets:
     Net address0_c[0]: 12 loads
     Net FS00/D01/un1_sdiv61_RNIOULJ: 12 loads
     Net address0_c[3]: 11 loads
     Net address0_c[1]: 10 loads
     Net inxfsm0_c[0]: 10 loads
     Net inxfsm0_c[5]: 10 loads
     Net address0_c[2]: 9 loads
     Net inxfsm0_c[1]: 9 loads
     Net inxfsm0_c[2]: 9 loads
     Net FS03/E_act[6]: 8 loads
 

   Number of warnings:  1
   Number of errors:    0



Total CPU Time: 0 secs  
Total REAL Time: 0 secs  
Peak Memory Usage: 58 MB

Dumping design to file fsmoore00_fsmoore0_map.ncd.

mpartrce -p "fsmoore00_fsmoore0.p2t" -f "fsmoore00_fsmoore0.p3t" -tf "fsmoore00_fsmoore0.pt" "fsmoore00_fsmoore0_map.ncd" "fsmoore00_fsmoore0.ncd"

---- MParTrce Tool ----
Removing old design directory at request of -rem command line option to this program.
Running par. Please wait . . .

Lattice Place and Route Report for Design "fsmoore00_fsmoore0_map.ncd"
Wed Jun 01 22:45:39 2022

PAR: Place And Route Diamond (64-bit) 3.12.0.240.2.
Command Line: par -w -l 5 -i 6 -t 1 -c 0 -e 0 -gui -msgset "C:/Users/braya/Downloads/Arquitectura de computadoras/09-Project3erParcial/fsmoore00/promote.xml" -exp parUseNBR=1:parCDP=0:parCDR=0:parPathBased=OFF:parASE=1 fsmoore00_fsmoore0_map.ncd fsmoore00_fsmoore0.dir/5_1.ncd fsmoore00_fsmoore0.prf
Preference file: fsmoore00_fsmoore0.prf.
Placement level-cost: 5-1.
Routing Iterations: 6

Loading design for application par from file fsmoore00_fsmoore0_map.ncd.
Design name: fsmoore00
NCD version: 3.3
Vendor:      LATTICE
Device:      LCMXO2-7000HE
Package:     TQFP144
Performance: 5
Loading device for application par from file 'xo2c7000.nph' in environment: C:/lscc/diamond/3.12/ispfpga.
Package Status:                     Final          Version 1.39.
Performance Hardware Data Status:   Final          Version 34.4.
License checked out.


Ignore Preference Error(s):  True
Device utilization summary:

   PIO (prelim)   21+4(JTAG)/336     7% used
                  21+4(JTAG)/115     22% bonded

   SLICE             60/3432          1% used

   GSR                1/1           100% used
   OSC                1/1           100% used


Number of Signals: 184
Number of Connections: 479

Pin Constraint Summary:
   21 out of 21 pins locked (100% locked).

The following 2 signals are selected to use the primary clock routing resources:
    FS00/sclk (driver: FS00/D00/OSCInst0, clk load #: 13)
    clk0_c (driver: FS00/D01/SLICE_24, clk load #: 12)


The following 2 signals are selected to use the secondary clock routing resources:
    FS00/D01/un1_sdiv61_RNIOULJ (driver: FS00/D01/SLICE_33, clk load #: 0, sr load #: 12, ce load #: 0)
    en0_c (driver: en0, clk load #: 4, sr load #: 3, ce load #: 0)

    <postMsg mid="61061008" type="Warning" dynamic="5" navigation="0" arg0="en0_c" arg1="Secondary" arg2="en0" arg3="1" arg4="Secondary"  />
Signal en0_c is selected as Global Set/Reset.
Starting Placer Phase 0.

Finished Placer Phase 0.  REAL time: 0 secs 

Starting Placer Phase 1.
..................
Placer score = 31675.
Finished Placer Phase 1.  REAL time: 4 secs 

Starting Placer Phase 2.
.
Placer score =  31446
Finished Placer Phase 2.  REAL time: 4 secs 


------------------ Clock Report ------------------

Global Clock Resources:
  CLK_PIN    : 0 out of 8 (0%)
  General PIO: 1 out of 336 (0%)
  PLL        : 0 out of 2 (0%)
  DCM        : 0 out of 2 (0%)
  DCC        : 0 out of 8 (0%)

Global Clocks:
  PRIMARY "FS00/sclk" from OSC on comp "FS00/D00/OSCInst0" on site "OSC", clk load = 13
  PRIMARY "clk0_c" from Q0 on comp "FS00/D01/SLICE_24" on site "R2C19A", clk load = 12
  SECONDARY "FS00/D01/un1_sdiv61_RNIOULJ" from F0 on comp "FS00/D01/SLICE_33" on site "R21C18B", clk load = 0, ce load = 0, sr load = 12
  SECONDARY "en0_c" from comp "en0" on PIO site "1 (PL3A)", clk load = 4, ce load = 0, sr load = 3

  PRIMARY  : 2 out of 8 (25%)
  SECONDARY: 2 out of 8 (25%)

Edge Clocks:
  No edge clock selected.

--------------- End of Clock Report ---------------


I/O Usage Summary (final):
   21 + 4(JTAG) out of 336 (7.4%) PIO sites used.
   21 + 4(JTAG) out of 115 (21.7%) bonded PIO sites used.
   Number of PIO comps: 21; differential: 0.
   Number of Vref pins used: 0.

I/O Bank Usage Summary:
+----------+----------------+------------+-----------+
| I/O Bank | Usage          | Bank Vccio | Bank Vref |
+----------+----------------+------------+-----------+
| 0        | 0 / 28 (  0%)  | -          | -         |
| 1        | 11 / 29 ( 37%) | 2.5V       | -         |
| 2        | 4 / 29 ( 13%)  | 2.5V       | -         |
| 3        | 5 / 9 ( 55%)   | 2.5V       | -         |
| 4        | 0 / 10 (  0%)  | -          | -         |
| 5        | 1 / 10 ( 10%)  | 2.5V       | -         |
+----------+----------------+------------+-----------+

Total placer CPU time: 4 secs 

Dumping design to file fsmoore00_fsmoore0.dir/5_1.ncd.

0 connections routed; 479 unrouted.
Starting router resource preassignment

Completed router resource preassignment. Real time: 6 secs 

Start NBR router at 22:45:45 06/01/22

*****************************************************************
Info: NBR allows conflicts(one node used by more than one signal)
      in the earlier iterations. In each iteration, it tries to  
      solve the conflicts while keeping the critical connections 
      routed as short as possible. The routing process is said to
      be completed when no conflicts exist and all connections   
      are routed.                                                
Note: NBR uses a different method to calculate timing slacks. The
      worst slack and total negative slack may not be the same as
      that in TRCE report. You should always run TRCE to verify  
      your design.                                               
*****************************************************************

Start NBR special constraint process at 22:45:45 06/01/22

Start NBR section for initial routing at 22:45:45 06/01/22
Level 4, iteration 1
13(0.00%) conflicts; 0(0.00%) untouched conn; 0 (nbr) score; 
Estimated worst slack/total negative slack<setup>: 466.947ns/0.000ns; real time: 6 secs 

Info: Initial congestion level at 75% usage is 0
Info: Initial congestion area  at 75% usage is 0 (0.00%)

Start NBR section for normal routing at 22:45:45 06/01/22
Level 4, iteration 1
7(0.00%) conflicts; 0(0.00%) untouched conn; 0 (nbr) score; 
Estimated worst slack/total negative slack<setup>: 466.637ns/0.000ns; real time: 6 secs 
Level 4, iteration 2
3(0.00%) conflicts; 0(0.00%) untouched conn; 0 (nbr) score; 
Estimated worst slack/total negative slack<setup>: 466.637ns/0.000ns; real time: 6 secs 
Level 4, iteration 3
3(0.00%) conflicts; 0(0.00%) untouched conn; 0 (nbr) score; 
Estimated worst slack/total negative slack<setup>: 466.637ns/0.000ns; real time: 6 secs 
Level 4, iteration 4
1(0.00%) conflict; 0(0.00%) untouched conn; 0 (nbr) score; 
Estimated worst slack/total negative slack<setup>: 466.637ns/0.000ns; real time: 6 secs 
Level 4, iteration 5
1(0.00%) conflict; 0(0.00%) untouched conn; 0 (nbr) score; 
Estimated worst slack/total negative slack<setup>: 466.637ns/0.000ns; real time: 6 secs 
Level 4, iteration 6
0(0.00%) conflict; 0(0.00%) untouched conn; 0 (nbr) score; 
Estimated worst slack/total negative slack<setup>: 466.637ns/0.000ns; real time: 6 secs 

Start NBR section for setup/hold timing optimization with effort level 3 at 22:45:45 06/01/22

Start NBR section for re-routing at 22:45:45 06/01/22
Level 4, iteration 1
0(0.00%) conflict; 0(0.00%) untouched conn; 0 (nbr) score; 
Estimated worst slack/total negative slack<setup>: 466.637ns/0.000ns; real time: 6 secs 

Start NBR section for post-routing at 22:45:45 06/01/22

End NBR router with 0 unrouted connection

NBR Summary
-----------
  Number of unrouted connections : 0 (0.00%)
  Number of connections with timing violations : 0 (0.00%)
  Estimated worst slack<setup> : 466.637ns
  Timing score<setup> : 0
-----------
Notes: The timing info is calculated for SETUP only and all PAR_ADJs are ignored.



Total CPU time 6 secs 
Total REAL time: 7 secs 
Completely routed.
End of route.  479 routed (100.00%); 0 unrouted.

Hold time timing score: 0, hold timing errors: 0

Timing score: 0 

Dumping design to file fsmoore00_fsmoore0.dir/5_1.ncd.


PAR_SUMMARY::Run status = Completed
PAR_SUMMARY::Number of unrouted conns = 0
PAR_SUMMARY::Worst  slack<setup/<ns>> = 466.637
PAR_SUMMARY::Timing score<setup/<ns>> = 0.000
PAR_SUMMARY::Worst  slack<hold /<ns>> = 0.379
PAR_SUMMARY::Timing score<hold /<ns>> = 0.000
PAR_SUMMARY::Number of errors = 0

Total CPU  time to completion: 6 secs 
Total REAL time to completion: 7 secs 

par done!

Note: user must run 'Trace' for timing closure signoff.

Copyright (c) 1991-1994 by NeoCAD Inc. All rights reserved.
Copyright (c) 1995 AT&T Corp.   All rights reserved.
Copyright (c) 1995-2001 Lucent Technologies Inc.  All rights reserved.
Copyright (c) 2001 Agere Systems   All rights reserved.
Copyright (c) 2002-2020 Lattice Semiconductor Corporation,  All rights reserved.
Exiting par with exit code 0
Exiting mpartrce with exit code 0

trce -f "fsmoore00_fsmoore0.pt" -o "fsmoore00_fsmoore0.twr" "fsmoore00_fsmoore0.ncd" "fsmoore00_fsmoore0.prf"
trce:  version Diamond (64-bit) 3.12.0.240.2

Copyright (c) 1991-1994 by NeoCAD Inc. All rights reserved.
Copyright (c) 1995 AT&T Corp.   All rights reserved.
Copyright (c) 1995-2001 Lucent Technologies Inc.  All rights reserved.
Copyright (c) 2001 Agere Systems   All rights reserved.
Copyright (c) 2002-2020 Lattice Semiconductor Corporation,  All rights reserved.

Loading design for application trce from file fsmoore00_fsmoore0.ncd.
Design name: fsmoore00
NCD version: 3.3
Vendor:      LATTICE
Device:      LCMXO2-7000HE
Package:     TQFP144
Performance: 5
Loading device for application trce from file 'xo2c7000.nph' in environment: C:/lscc/diamond/3.12/ispfpga.
Package Status:                     Final          Version 1.39.
Performance Hardware Data Status:   Final          Version 34.4.
Setup and Hold Report

--------------------------------------------------------------------------------
Lattice TRACE Report - Setup, Version Diamond (64-bit) 3.12.0.240.2
Wed Jun 01 22:45:47 2022

Copyright (c) 1991-1994 by NeoCAD Inc. All rights reserved.
Copyright (c) 1995 AT&T Corp.   All rights reserved.
Copyright (c) 1995-2001 Lucent Technologies Inc.  All rights reserved.
Copyright (c) 2001 Agere Systems   All rights reserved.
Copyright (c) 2002-2020 Lattice Semiconductor Corporation,  All rights reserved.

Report Information
------------------
Command line:    trce -v 10 -gt -sethld -sp 5 -sphld m -o fsmoore00_fsmoore0.twr -gui -msgset C:/Users/braya/Downloads/Arquitectura de computadoras/09-Project3erParcial/fsmoore00/promote.xml fsmoore00_fsmoore0.ncd fsmoore00_fsmoore0.prf 
Design file:     fsmoore00_fsmoore0.ncd
Preference file: fsmoore00_fsmoore0.prf
Device,speed:    LCMXO2-7000HE,5
Report level:    verbose report, limited to 10 items per preference
--------------------------------------------------------------------------------

BLOCK ASYNCPATHS
BLOCK RESETPATHS
--------------------------------------------------------------------------------



Timing summary (Setup):
---------------

Timing errors: 0  Score: 0
Cumulative negative slack: 0

Constraints cover 5825 paths, 1 nets, and 402 connections (83.92% coverage)

--------------------------------------------------------------------------------
Lattice TRACE Report - Hold, Version Diamond (64-bit) 3.12.0.240.2
Wed Jun 01 22:45:47 2022

Copyright (c) 1991-1994 by NeoCAD Inc. All rights reserved.
Copyright (c) 1995 AT&T Corp.   All rights reserved.
Copyright (c) 1995-2001 Lucent Technologies Inc.  All rights reserved.
Copyright (c) 2001 Agere Systems   All rights reserved.
Copyright (c) 2002-2020 Lattice Semiconductor Corporation,  All rights reserved.

Report Information
------------------
Command line:    trce -v 10 -gt -sethld -sp 5 -sphld m -o fsmoore00_fsmoore0.twr -gui -msgset C:/Users/braya/Downloads/Arquitectura de computadoras/09-Project3erParcial/fsmoore00/promote.xml fsmoore00_fsmoore0.ncd fsmoore00_fsmoore0.prf 
Design file:     fsmoore00_fsmoore0.ncd
Preference file: fsmoore00_fsmoore0.prf
Device,speed:    LCMXO2-7000HE,m
Report level:    verbose report, limited to 10 items per preference
--------------------------------------------------------------------------------

BLOCK ASYNCPATHS
BLOCK RESETPATHS
--------------------------------------------------------------------------------



Timing summary (Hold):
---------------

Timing errors: 0  Score: 0
Cumulative negative slack: 0

Constraints cover 5825 paths, 1 nets, and 402 connections (83.92% coverage)



Timing summary (Setup and Hold):
---------------

Timing errors: 0 (setup), 0 (hold)
Score: 0 (setup), 0 (hold)
Cumulative negative slack: 0 (0+0)
--------------------------------------------------------------------------------

--------------------------------------------------------------------------------

Total CPU Time: 0 secs 
Total REAL Time: 0 secs 
Peak Memory Usage: 67 MB


tmcheck -par "fsmoore00_fsmoore0.par" 

bitgen -f "fsmoore00_fsmoore0.t2b" -w "fsmoore00_fsmoore0.ncd"  -jedec "fsmoore00_fsmoore0.prf"


BITGEN: Bitstream Generator Diamond (64-bit) 3.12.0.240.2
Copyright (c) 1991-1994 by NeoCAD Inc. All rights reserved.
Copyright (c) 1995 AT&T Corp.   All rights reserved.
Copyright (c) 1995-2001 Lucent Technologies Inc.  All rights reserved.
Copyright (c) 2001 Agere Systems   All rights reserved.
Copyright (c) 2002-2020 Lattice Semiconductor Corporation,  All rights reserved.


Loading design for application Bitgen from file fsmoore00_fsmoore0.ncd.
Design name: fsmoore00
NCD version: 3.3
Vendor:      LATTICE
Device:      LCMXO2-7000HE
Package:     TQFP144
Performance: 5
Loading device for application Bitgen from file 'xo2c7000.nph' in environment: C:/lscc/diamond/3.12/ispfpga.
Package Status:                     Final          Version 1.39.
Performance Hardware Data Status:   Final          Version 34.4.

Running DRC.
DRC detected 0 errors and 0 warnings.
Reading Preference File from fsmoore00_fsmoore0.prf.

Preference Summary:
+---------------------------------+---------------------------------+
|  Preference                     |  Current Setting                |
+---------------------------------+---------------------------------+
|                         RamCfg  |                        Reset**  |
+---------------------------------+---------------------------------+
|                     MCCLK_FREQ  |                         2.08**  |
+---------------------------------+---------------------------------+
|                  CONFIG_SECURE  |                          OFF**  |
+---------------------------------+---------------------------------+
|                          INBUF  |                           ON**  |
+---------------------------------+---------------------------------+
|                      JTAG_PORT  |                       ENABLE**  |
+---------------------------------+---------------------------------+
|                       SDM_PORT  |                      DISABLE**  |
+---------------------------------+---------------------------------+
|                 SLAVE_SPI_PORT  |                      DISABLE**  |
+---------------------------------+---------------------------------+
|                MASTER_SPI_PORT  |                      DISABLE**  |
+---------------------------------+---------------------------------+
|                       I2C_PORT  |                      DISABLE**  |
+---------------------------------+---------------------------------+
|        MUX_CONFIGURATION_PORTS  |                      DISABLE**  |
+---------------------------------+---------------------------------+
|                  CONFIGURATION  |                          CFG**  |
+---------------------------------+---------------------------------+
|                COMPRESS_CONFIG  |                           ON**  |
+---------------------------------+---------------------------------+
|                        MY_ASSP  |                          OFF**  |
+---------------------------------+---------------------------------+
|               ONE_TIME_PROGRAM  |                          OFF**  |
+---------------------------------+---------------------------------+
|                 ENABLE_TRANSFR  |                      DISABLE**  |
+---------------------------------+---------------------------------+
|                  SHAREDEBRINIT  |                      DISABLE**  |
+---------------------------------+---------------------------------+
|            BACKGROUND_RECONFIG  |                          OFF**  |
+---------------------------------+---------------------------------+
 *  Default setting.
 ** The specified setting matches the default setting.


Creating bit map...
 
Bitstream Status: Final           Version 1.95.
 
Saving bit stream in "fsmoore00_fsmoore0.jed".
 
===========
UFM Summary.
===========
UFM Size:        2046 Pages (128*2046 Bits).
UFM Utilization: General Purpose Flash Memory.
 
Available General Purpose Flash Memory: 2046 Pages (Page 0 to Page 2045).
Initialized UFM Pages:                     0 Page.
 
Total CPU Time: 3 secs 
Total REAL Time: 3 secs 
Peak Memory Usage: 289 MB
