Running in Lattice mode

Starting:    C:\lscc\diamond\3.12\synpbase\bin64\mbin\synbatch.exe
Install:     C:\lscc\diamond\3.12\synpbase
Hostname:    DESKTOP-4OJJTR2
Date:        Wed Mar  2 09:44:11 2022
Version:     Q-2020.03L-SP1

Arguments:   -product synplify_pro -batch mult4bit00_mult4bit0_synplify.tcl
ProductType: synplify_pro




log file: "C:\Users\braya\Downloads\Arquitectura de computadoras\06-projectDiamond-1erParc\05-mult4bit00\mult4bit0\mult4bit00_mult4bit0.srr"
Running: hdl_info_gen in foreground

Generating HDL info...

hdl_info_gen completed
# Wed Mar  2 09:44:14 2022

Return Code: 0
Run Time:00h:00m:02s
log file: "C:\Users\braya\Downloads\Arquitectura de computadoras\06-projectDiamond-1erParc\05-mult4bit00\mult4bit0\mult4bit00_mult4bit0.srr"
Running: mult4bit0 in foreground

Running proj_1|mult4bit0

Running Flow: compile (Compile) on proj_1|mult4bit0
# Wed Mar  2 09:44:14 2022

Running Flow: compile_flow (Compile Process) on proj_1|mult4bit0
# Wed Mar  2 09:44:14 2022

Running: compiler (Compile Input) on proj_1|mult4bit0
# Wed Mar  2 09:44:14 2022
Copied C:\Users\braya\Downloads\Arquitectura de computadoras\06-projectDiamond-1erParc\05-mult4bit00\mult4bit0\synwork\mult4bit00_mult4bit0_comp.srs to C:\Users\braya\Downloads\Arquitectura de computadoras\06-projectDiamond-1erParc\05-mult4bit00\mult4bit0\mult4bit00_mult4bit0.srs

compiler completed
# Wed Mar  2 09:44:19 2022

Return Code: 0
Run Time:00h:00m:05s

Running: multi_srs_gen (Multi-srs Generator) on proj_1|mult4bit0
# Wed Mar  2 09:44:19 2022

multi_srs_gen completed
# Wed Mar  2 09:44:20 2022

Return Code: 0
Run Time:00h:00m:01s
Copied C:\Users\braya\Downloads\Arquitectura de computadoras\06-projectDiamond-1erParc\05-mult4bit00\mult4bit0\synwork\mult4bit00_mult4bit0_mult.srs to C:\Users\braya\Downloads\Arquitectura de computadoras\06-projectDiamond-1erParc\05-mult4bit00\mult4bit0\mult4bit00_mult4bit0.srs
Copied C:\Users\braya\Downloads\Arquitectura de computadoras\06-projectDiamond-1erParc\05-mult4bit00\mult4bit0\mult4bit00_mult4bit0.srr to C:\Users\braya\Downloads\Arquitectura de computadoras\06-projectDiamond-1erParc\05-mult4bit00\mult4bit0\mult4bit00_mult4bit0.srf
Complete: Compile Process on proj_1|mult4bit0

Running: premap (Premap) on proj_1|mult4bit0
# Wed Mar  2 09:44:20 2022

premap completed
# Wed Mar  2 09:44:25 2022

Return Code: 0
Run Time:00h:00m:05s
Complete: Compile on proj_1|mult4bit0

Running Flow: map (Map) on proj_1|mult4bit0
# Wed Mar  2 09:44:25 2022

Running: fpga_mapper (Map & Optimize) on proj_1|mult4bit0
# Wed Mar  2 09:44:25 2022
Copied C:\Users\braya\Downloads\Arquitectura de computadoras\06-projectDiamond-1erParc\05-mult4bit00\mult4bit0\synwork\mult4bit00_mult4bit0_m.srm to C:\Users\braya\Downloads\Arquitectura de computadoras\06-projectDiamond-1erParc\05-mult4bit00\mult4bit0\mult4bit00_mult4bit0.srm

fpga_mapper completed
# Wed Mar  2 09:44:29 2022

Return Code: 0
Run Time:00h:00m:04s
Complete: Map on proj_1|mult4bit0
Copied C:\Users\braya\Downloads\Arquitectura de computadoras\06-projectDiamond-1erParc\05-mult4bit00\mult4bit0\mult4bit00_mult4bit0.srr to C:\Users\braya\Downloads\Arquitectura de computadoras\06-projectDiamond-1erParc\05-mult4bit00\mult4bit0\mult4bit00_mult4bit0.srf
Complete: Logic Synthesis on proj_1|mult4bit0
TCL script complete: "mult4bit00_mult4bit0_synplify.tcl"
exit status=0
exit status=0
Save changes for project:
C:\Users\braya\Downloads\Arquitectura de computadoras\06-projectDiamond-1erParc\05-mult4bit00\mult4bit0\proj_1.prj
batch mode default:no
