C:\lscc\diamond\3.12\synpbase\bin64\c_vhdl.exe  -osyn  C:\Users\Mau\Documents\Arqui\practicas\TercelParcial\05-pipeline00\pipeline0\synwork\pipeline00_pipeline0_hdl_.srs  -top  pipeline00  -prodtype  synplify_pro  -dspmac -fixsmult -infer_seqShift -nram -sdff_counter -divnmod -nostructver  -encrypt  -pro  -dmgen  C:\Users\Mau\Documents\Arqui\practicas\TercelParcial\05-pipeline00\pipeline0\dm  -lite -ui -fid2 -ram -sharing on -ll 2000 -autosm  -ignore_undefined_lib  -lib work C:\lscc\diamond\3.12\cae_library\synthesis\vhdl\machxo2.vhd -lib work C:\Users\Mau\Documents\Arqui\practicas\TercelParcial\05-pipeline00\pipeline0\source\div00.vhd -lib work C:\Users\Mau\Documents\Arqui\practicas\TercelParcial\05-pipeline00\pipeline0\source\osc00.vhd -lib work C:\Users\Mau\Documents\Arqui\practicas\TercelParcial\05-pipeline00\pipeline0\source\oscint00.vhd -lib work C:\Users\Mau\Documents\Arqui\practicas\TercelParcial\05-pipeline00\pipeline0\source\packageOsc00.vhd -lib work C:\Users\Mau\Documents\Arqui\practicas\TercelParcial\05-pipeline00\pc00.vhdl -lib work C:\Users\Mau\Documents\Arqui\practicas\TercelParcial\05-pipeline00\memEBR00.vhd -lib work C:\Users\Mau\Documents\Arqui\practicas\TercelParcial\05-pipeline00\fi00.vhdl -lib work C:\Users\Mau\Documents\Arqui\practicas\TercelParcial\05-pipeline00\di00.vhdl -lib work C:\Users\Mau\Documents\Arqui\practicas\TercelParcial\05-pipeline00\co00.vhdl -lib work C:\Users\Mau\Documents\Arqui\practicas\TercelParcial\05-pipeline00\fo00.vhdl -lib work C:\Users\Mau\Documents\Arqui\practicas\TercelParcial\05-pipeline00\eo00.vhdl -lib work C:\Users\Mau\Documents\Arqui\practicas\TercelParcial\05-pipeline00\wr00.vhdl -lib work C:\Users\Mau\Documents\Arqui\practicas\TercelParcial\05-pipeline00\fsmpipe02.vhdl -lib work C:\Users\Mau\Documents\Arqui\practicas\TercelParcial\05-pipeline00\packagepipeline00.vhdl -lib work C:\Users\Mau\Documents\Arqui\practicas\TercelParcial\05-pipeline00\pipeline00.vhdl  -log  C:\Users\Mau\Documents\Arqui\practicas\TercelParcial\05-pipeline00\pipeline0\syntax.log  -fileorder  C:\Users\Mau\Documents\Arqui\practicas\TercelParcial\05-pipeline00\pipeline0\syntmp\hdlorder.tcl  -jobname  "hdl_info_gen" 
relcom:..\..\..\..\..\..\..\..\..\lscc\diamond\3.12\synpbase\bin64\c_vhdl.exe -osyn ..\synwork\pipeline00_pipeline0_hdl_.srs -top pipeline00 -prodtype synplify_pro -dspmac -fixsmult -infer_seqShift -nram -sdff_counter -divnmod -nostructver -encrypt -pro -dmgen ..\dm -lite -ui -fid2 -ram -sharing on -ll 2000 -autosm -ignore_undefined_lib -lib work ..\..\..\..\..\..\..\..\..\lscc\diamond\3.12\cae_library\synthesis\vhdl\machxo2.vhd -lib work ..\source\div00.vhd -lib work ..\source\osc00.vhd -lib work ..\source\oscint00.vhd -lib work ..\source\packageOsc00.vhd -lib work ..\..\pc00.vhdl -lib work ..\..\memEBR00.vhd -lib work ..\..\fi00.vhdl -lib work ..\..\di00.vhdl -lib work ..\..\co00.vhdl -lib work ..\..\fo00.vhdl -lib work ..\..\eo00.vhdl -lib work ..\..\wr00.vhdl -lib work ..\..\fsmpipe02.vhdl -lib work ..\..\packagepipeline00.vhdl -lib work ..\..\pipeline00.vhdl -log ..\syntax.log -fileorder hdlorder.tcl -jobname "hdl_info_gen"
rc:0 success:1 runtime:1
file:..\synwork\pipeline00_pipeline0_hdl_.srs|io:o|time:0|size:-1|exec:0|csum:
file:..\..\..\..\..\..\..\..\..\lscc\diamond\3.12\cae_library\synthesis\vhdl\machxo2.vhd|io:i|time:1542259932|size:73964|exec:0|csum:CFF92E93E4FE354031DBB4E0E47DD4A6
file:..\source\div00.vhd|io:i|time:1637723652|size:2808|exec:0|csum:C73477387DDEDE11939013D016062291
file:..\source\osc00.vhd|io:i|time:1647262160|size:466|exec:0|csum:6CF1522849805C836C2BB2EC7E36589C
file:..\source\oscint00.vhd|io:i|time:1637723652|size:549|exec:0|csum:FB32D6AEA996E953A11C4EDF3EC5F86B
file:..\source\packageOsc00.vhd|io:i|time:1637723652|size:370|exec:0|csum:54A58A3E3B6CC0DCE1428F6EFF68EE4E
file:..\..\pc00.vhdl|io:i|time:1654531868|size:1314|exec:0|csum:3957A380DFF86A1CA18AB644D93E3D4C
file:..\..\memEBR00.vhd|io:i|time:1654827700|size:11047|exec:0|csum:8EAE673B417B1BD23D220B4FC51F2EB6
file:..\..\fi00.vhdl|io:i|time:1654534885|size:974|exec:0|csum:CA0C808555C7FAC56CA595B2DE35443F
file:..\..\di00.vhdl|io:i|time:1654534841|size:892|exec:0|csum:EC45F554DC3DD8B813369BB4D6E2FB4B
file:..\..\co00.vhdl|io:i|time:1654534938|size:892|exec:0|csum:EB0A0C5AE48786F6149DB714931DBC95
file:..\..\fo00.vhdl|io:i|time:1654534984|size:893|exec:0|csum:F8842EBFF019FA3F86D04D8051DDDACC
file:..\..\eo00.vhdl|io:i|time:1654535023|size:893|exec:0|csum:4780864229B8A0F11604C6E3D6954BFD
file:..\..\wr00.vhdl|io:i|time:1654535065|size:922|exec:0|csum:708800EFCE0CAEF7F88912ECF880202D
file:..\..\fsmpipe02.vhdl|io:i|time:1654535203|size:1880|exec:0|csum:E335A6F684D71BDF5C33C501A9FA6EA3
file:..\..\packagepipeline00.vhdl|io:i|time:1654815763|size:2294|exec:0|csum:0F3BA196E983A013D5AA321DA0E63E31
file:..\..\pipeline00.vhdl|io:i|time:1654815729|size:2401|exec:0|csum:480F8923A5E93E25825D467D738233BA
file:..\syntax.log|io:o|time:1654827710|size:1153|exec:0|csum:
file:..\..\..\..\..\..\..\..\..\lscc\diamond\3.12\synpbase\bin64\c_vhdl.exe|io:i|time:1603984722|size:6088192|exec:1|csum:65784030B81A37FDBF615E387BAB679B
