
Copyright (C) 1994-2020 Synopsys, Inc.
This Synopsys software and all associated documentation are proprietary to Synopsys, Inc.
and may only be used pursuant to the terms and conditions of a written license agreement
with Synopsys, Inc. All other use, reproduction, modification, or distribution of the
Synopsys software or the associated documentation is strictly prohibited.
Tool: Synplify Pro (R)
Build: Q-2020.03L-SP1
Install: C:\lscc\diamond\3.12\synpbase
OS: Windows 6.2

Hostname: DESKTOP-GREMORY

Implementation : mult4bit000
Synopsys HDL compiler and linker, Version comp202003synp2, Build 182R, Built Oct 29 2020 10:49:53, @

Modified Files: 40
FID:  path (prevtimestamp, timestamp)
20       C:\Users\Ivan\Desktop\7to Semestre\Arquitectura de Computadoras\mult8bit00\mult4bit00.vhdl (2020-11-05 10:50:41, N/A)
21       C:\Users\Ivan\Desktop\7to Semestre\Arquitectura de Computadoras\mult8bit00\mult4bit000\source\anda00.vhdl (2020-10-12 11:06:58, N/A)
22       C:\Users\Ivan\Desktop\7to Semestre\Arquitectura de Computadoras\mult8bit00\mult4bit000\source\fa00.vhdl (2020-10-13 09:49:50, N/A)
23       C:\Users\Ivan\Desktop\7to Semestre\Arquitectura de Computadoras\mult8bit00\mult4bit000\source\ha00.vhdl (2020-10-12 11:11:04, N/A)
24       C:\Users\Ivan\Desktop\7to Semestre\Arquitectura de Computadoras\mult8bit00\mult4bit000\source\ora00.vhdl (2020-10-13 09:49:00, N/A)
25       C:\Users\Ivan\Desktop\7to Semestre\Arquitectura de Computadoras\mult8bit00\mult4bit000\source\packagefa00.vhdl (2020-10-13 09:49:02, N/A)
26       C:\Users\Ivan\Desktop\7to Semestre\Arquitectura de Computadoras\mult8bit00\mult4bit000\source\packageha00.vhdl (2020-10-12 11:10:40, N/A)
27       C:\Users\Ivan\Desktop\7to Semestre\Arquitectura de Computadoras\mult8bit00\mult4bit000\source\xora00.vhdl (2020-10-12 11:06:16, N/A)
28       C:\Users\Ivan\Desktop\7to Semestre\Arquitectura de Computadoras\mult8bit00\packagemult4bit00.vhdl (2020-10-27 09:33:20, N/A)
9        C:\lscc\diamond\3.11_x64\cae_library\synthesis\vhdl\machxo2.vhd (2018-11-15 01:32:12, N/A)
10       C:\lscc\diamond\3.11_x64\synpbase\lib\cpld\lattice.vhd (2019-04-01 09:08:08, N/A)
11       C:\lscc\diamond\3.11_x64\synpbase\lib\vhd\arith.vhd (2019-04-01 09:07:44, N/A)
12       C:\lscc\diamond\3.11_x64\synpbase\lib\vhd\hyperents.vhd (2019-04-01 09:07:44, N/A)
13       C:\lscc\diamond\3.11_x64\synpbase\lib\vhd\location.map (2019-04-01 16:01:20, N/A)
14       C:\lscc\diamond\3.11_x64\synpbase\lib\vhd\numeric.vhd (2019-04-01 09:07:44, N/A)
15       C:\lscc\diamond\3.11_x64\synpbase\lib\vhd\snps_haps_pkg.vhd (2019-04-01 09:07:44, N/A)
16       C:\lscc\diamond\3.11_x64\synpbase\lib\vhd\std.vhd (2019-04-01 09:07:44, N/A)
17       C:\lscc\diamond\3.11_x64\synpbase\lib\vhd\std1164.vhd (2019-04-01 09:07:44, N/A)
18       C:\lscc\diamond\3.11_x64\synpbase\lib\vhd\umr_capim.vhd (2019-04-01 09:07:44, N/A)
19       C:\lscc\diamond\3.11_x64\synpbase\lib\vhd\unsigned.vhd (2019-04-01 09:07:44, N/A)
29       C:\lscc\diamond\3.12\cae_library\synthesis\vhdl\machxo2.vhd (N/A, 2018-11-14 23:32:12)
30       C:\lscc\diamond\3.12\synpbase\lib\cpld\lattice.vhd (N/A, 2020-10-29 09:20:44)
31       C:\lscc\diamond\3.12\synpbase\lib\vhd\arith.vhd (N/A, 2020-10-29 09:23:10)
32       C:\lscc\diamond\3.12\synpbase\lib\vhd\hyperents.vhd (N/A, 2020-10-29 09:23:10)
33       C:\lscc\diamond\3.12\synpbase\lib\vhd\location.map (N/A, 2020-11-02 16:26:20)
34       C:\lscc\diamond\3.12\synpbase\lib\vhd\numeric.vhd (N/A, 2020-10-29 09:23:10)
35       C:\lscc\diamond\3.12\synpbase\lib\vhd\snps_haps_pkg.vhd (N/A, 2020-10-29 09:23:10)
36       C:\lscc\diamond\3.12\synpbase\lib\vhd\std.vhd (N/A, 2020-10-29 09:23:10)
37       C:\lscc\diamond\3.12\synpbase\lib\vhd\std1164.vhd (N/A, 2020-10-29 09:23:10)
38       C:\lscc\diamond\3.12\synpbase\lib\vhd\umr_capim.vhd (N/A, 2020-10-29 09:23:10)
39       C:\lscc\diamond\3.12\synpbase\lib\vhd\unsigned.vhd (N/A, 2020-10-29 09:23:10)
40       F:\Materias\Arqui\Practica 11.- Multiplicador 8 bits\mult4bit00.vhdl (N/A, 2020-11-05 10:50:41)
41       F:\Materias\Arqui\Practica 11.- Multiplicador 8 bits\mult4bit000\source\anda00.vhdl (N/A, 2020-10-12 11:06:58)
42       F:\Materias\Arqui\Practica 11.- Multiplicador 8 bits\mult4bit000\source\fa00.vhdl (N/A, 2020-10-13 09:49:50)
43       F:\Materias\Arqui\Practica 11.- Multiplicador 8 bits\mult4bit000\source\ha00.vhdl (N/A, 2020-10-12 11:11:04)
44       F:\Materias\Arqui\Practica 11.- Multiplicador 8 bits\mult4bit000\source\ora00.vhdl (N/A, 2020-10-13 09:49:00)
45       F:\Materias\Arqui\Practica 11.- Multiplicador 8 bits\mult4bit000\source\packagefa00.vhdl (N/A, 2020-10-13 09:49:02)
46       F:\Materias\Arqui\Practica 11.- Multiplicador 8 bits\mult4bit000\source\packageha00.vhdl (N/A, 2020-10-12 11:10:40)
47       F:\Materias\Arqui\Practica 11.- Multiplicador 8 bits\mult4bit000\source\xora00.vhdl (N/A, 2020-10-12 11:06:16)
48       F:\Materias\Arqui\Practica 11.- Multiplicador 8 bits\packagemult4bit00.vhdl (N/A, 2020-10-27 09:33:20)

*******************************************************************
Modules that may have changed as a result of file changes: 6
MID:  lib.cell.view
0        work.anda00.anda0 may have changed because the following files changed:
                        F:\Materias\Arqui\Practica 11.- Multiplicador 8 bits\mult4bit00.vhdl (N/A, 2020-11-05 10:50:41) <-- (may instantiate this module)
                        F:\Materias\Arqui\Practica 11.- Multiplicador 8 bits\mult4bit000\source\anda00.vhdl (N/A, 2020-10-12 11:06:58) <-- (architecture and entity definition)
                        F:\Materias\Arqui\Practica 11.- Multiplicador 8 bits\mult4bit000\source\fa00.vhdl (N/A, 2020-10-13 09:49:50) <-- (may instantiate this module)
                        F:\Materias\Arqui\Practica 11.- Multiplicador 8 bits\mult4bit000\source\ha00.vhdl (N/A, 2020-10-12 11:11:04) <-- (may instantiate this module)
2        work.fa00.fa0 may have changed because the following files changed:
                        F:\Materias\Arqui\Practica 11.- Multiplicador 8 bits\mult4bit00.vhdl (N/A, 2020-11-05 10:50:41) <-- (may instantiate this module)
                        F:\Materias\Arqui\Practica 11.- Multiplicador 8 bits\mult4bit000\source\fa00.vhdl (N/A, 2020-10-13 09:49:50) <-- (architecture and entity definition)
4        work.ha00.ha0 may have changed because the following files changed:
                        F:\Materias\Arqui\Practica 11.- Multiplicador 8 bits\mult4bit00.vhdl (N/A, 2020-11-05 10:50:41) <-- (may instantiate this module)
                        F:\Materias\Arqui\Practica 11.- Multiplicador 8 bits\mult4bit000\source\fa00.vhdl (N/A, 2020-10-13 09:49:50) <-- (may instantiate this module)
                        F:\Materias\Arqui\Practica 11.- Multiplicador 8 bits\mult4bit000\source\ha00.vhdl (N/A, 2020-10-12 11:11:04) <-- (architecture and entity definition)
6        work.mult4bit00.mult4bit0 may have changed because the following files changed:
                        F:\Materias\Arqui\Practica 11.- Multiplicador 8 bits\mult4bit00.vhdl (N/A, 2020-11-05 10:50:41) <-- (architecture and entity definition)
8        work.ora00.ora0 may have changed because the following files changed:
                        F:\Materias\Arqui\Practica 11.- Multiplicador 8 bits\mult4bit00.vhdl (N/A, 2020-11-05 10:50:41) <-- (may instantiate this module)
                        F:\Materias\Arqui\Practica 11.- Multiplicador 8 bits\mult4bit000\source\fa00.vhdl (N/A, 2020-10-13 09:49:50) <-- (may instantiate this module)
                        F:\Materias\Arqui\Practica 11.- Multiplicador 8 bits\mult4bit000\source\ora00.vhdl (N/A, 2020-10-13 09:49:00) <-- (architecture and entity definition)
11       work.xora00.xora0 may have changed because the following files changed:
                        F:\Materias\Arqui\Practica 11.- Multiplicador 8 bits\mult4bit00.vhdl (N/A, 2020-11-05 10:50:41) <-- (may instantiate this module)
                        F:\Materias\Arqui\Practica 11.- Multiplicador 8 bits\mult4bit000\source\fa00.vhdl (N/A, 2020-10-13 09:49:50) <-- (may instantiate this module)
                        F:\Materias\Arqui\Practica 11.- Multiplicador 8 bits\mult4bit000\source\ha00.vhdl (N/A, 2020-10-12 11:11:04) <-- (may instantiate this module)
                        F:\Materias\Arqui\Practica 11.- Multiplicador 8 bits\mult4bit000\source\xora00.vhdl (N/A, 2020-10-12 11:06:16) <-- (architecture and entity definition)

*******************************************************************
Unmodified files: 0
FID:  path (timestamp)

*******************************************************************
Unchanged modules: 0
MID:  lib.cell.view
