
map -a "MachXO2" -p LCMXO2-7000HE -t TQFP144 -s 5 -oc Commercial   "pipeline00_pipeline0.ngd" -o "pipeline00_pipeline0_map.ncd" -pr "pipeline00_pipeline0.prf" -mp "pipeline00_pipeline0.mrp" -lpf "C:/Users/braya/Downloads/pipeline/05-pipeline00/pipeline0/pipeline00_pipeline0_synplify.lpf" -lpf "C:/Users/braya/Downloads/pipeline/05-pipeline00/pipeline00.lpf"  -c 0           
map:  version Diamond (64-bit) 3.12.0.240.2

Copyright (c) 1991-1994 by NeoCAD Inc. All rights reserved.
Copyright (c) 1995 AT&T Corp.   All rights reserved.
Copyright (c) 1995-2001 Lucent Technologies Inc.  All rights reserved.
Copyright (c) 2001 Agere Systems   All rights reserved.
Copyright (c) 2002-2020 Lattice Semiconductor Corporation,  All rights reserved.
   Process the file: pipeline00_pipeline0.ngd
   Picdevice="LCMXO2-7000HE"

   Pictype="TQFP144"

   Picspeed=5

   Remove unused logic

   Do not produce over sized NCDs.

Part used: LCMXO2-7000HETQFP144, Performance used: 5.

Loading device for application map from file 'xo2c7000.nph' in environment: C:/lscc/diamond/3.12/ispfpga.
Package Status:                     Final          Version 1.39.

Running general design DRC...

Removing unused logic...

Optimizing...

    <postMsg mid="51001030" type="Warning" dynamic="1" navigation="0" arg0="N_39_i"  />



Design Summary:
   Number of registers:    156 out of  7209 (2%)
      PFU registers:          144 out of  6864 (2%)
      PIO registers:           12 out of   345 (3%)
   Number of SLICEs:       109 out of  3432 (3%)
      SLICEs as Logic/ROM:    109 out of  3432 (3%)
      SLICEs as RAM:            0 out of  2574 (0%)
      SLICEs as Carry:         12 out of  3432 (0%)
   Number of LUT4s:        201 out of  6864 (3%)
      Number used as logic LUTs:        177
      Number used as distributed RAM:     0
      Number used as ripple logic:       24
      Number used as shift registers:     0
   Number of PIO sites used: 38 + 4(JTAG) out of 115 (37%)
   Number of block RAMs:  0 out of 26 (0%)
   Number of GSRs:        1 out of 1 (100%)
   EFB used :        No
   JTAG used :       No
   Readback used :   No
   Oscillator used : Yes
   Startup used :    No
   POR :             On
   Bandgap :         On
   Number of Power Controller:  0 out of 1 (0%)
   Number of Dynamic Bank Controller (BCINRD):  0 out of 6 (0%)
   Number of Dynamic Bank Controller (BCLVDSO):  0 out of 1 (0%)
   Number of DCCA:  0 out of 8 (0%)
   Number of DCMA:  0 out of 2 (0%)
   Number of PLLs:  0 out of 2 (0%)
   Number of DQSDLLs:  0 out of 2 (0%)
   Number of CLKDIVC:  0 out of 4 (0%)
   Number of ECLKSYNCA:  0 out of 4 (0%)
   Number of ECLKBRIDGECS:  0 out of 2 (0%)
   Notes:-
      1. Total number of LUT4s = (Number of logic LUT4s) + 2*(Number of distributed RAMs) + 2*(Number of ripple logic)
      2. Number of logic LUT4s does not include count of distributed RAM and ripple logic.
   Number of clocks:  10
     Net clk0_c: 82 loads, 82 rising, 0 falling (Driver: FSM00/C01/oscOut )
     Net FSM01/N_37_i: 1 loads, 1 rising, 0 falling (Driver: FSM01/un1_inr0s_24_i_a3_RNIUPQQ )
     Net FSM01/N_50_i: 1 loads, 1 rising, 0 falling (Driver: FSM01/un1_inr0s_24_i_a3_RNIRMQQ )
     Net FSM01/N_44_i: 1 loads, 1 rising, 0 falling (Driver: FSM01/un1_inr0s_24_i_a3_RNISNQQ )
     Net FSM01/N_52_i: 1 loads, 1 rising, 0 falling (Driver: FSM01/un1_inr0s_24_i_a3_RNITOQQ )
     Net FSM01/N_42_i: 1 loads, 1 rising, 0 falling (Driver: FSM01/un1_inr0s_24_i_a3_RNINIQQ )
     Net FSM01/N_40_i: 1 loads, 1 rising, 0 falling (Driver: FSM01/un1_inr0s_24_i_a3_RNIOJQQ )
     Net FSM01/N_35_i: 1 loads, 1 rising, 0 falling (Driver: FSM01/un1_inr0s_24_i_a3_RNIPKQQ )
     Net FSM01/N_33_i: 1 loads, 1 rising, 0 falling (Driver: FSM01/un1_inr0s_24_i_a3_RNIQLQQ )
     Net FSM00/clkaux: 13 loads, 13 rising, 0 falling (Driver: FSM00/C00/OSCInst0 )
   Number of Clock Enables:  11
     Net FSM07/un1_outzz_1_sqmuxa_0: 2 loads, 2 LSLICEs
     Net FSM06/un2_instate5s: 5 loads, 5 LSLICEs
     Net FSM05/un2_instate4s: 4 loads, 4 LSLICEs
     Net FSM05/un1_instate4s: 4 loads, 4 LSLICEs
     Net FSM04/un2_instate3s: 4 loads, 4 LSLICEs
     Net FSM04/un1_instate3s: 4 loads, 4 LSLICEs
     Net FSM03/un2_instate2s: 4 loads, 4 LSLICEs
     Net FSM03/un1_instate2s: 4 loads, 4 LSLICEs
     Net FSM02/un1_instate1s: 4 loads, 4 LSLICEs
     Net FSM02/un2_instate1s: 4 loads, 4 LSLICEs
     Net FSM01/un7_en0s: 4 loads, 4 LSLICEs
   Number of local set/reset loads for net N_39_i merged into GSR:  10
   Number of LSRs:  25
     Net outFlag00_c: 5 loads, 4 LSLICEs
     Net outFlag30_c: 5 loads, 4 LSLICEs
     Net outFlag20_c: 5 loads, 4 LSLICEs
     Net outFlag10_c: 5 loads, 4 LSLICEs
     Net statezz0_c[1]: 2 loads, 2 LSLICEs
     Net statezz0_c[2]: 2 loads, 2 LSLICEs
     Net outr5s_18: 8 loads, 1 LSLICEs
     Net FSM06/outFlag5sc_i: 1 loads, 1 LSLICEs
     Net FSM01/N_37_i: 1 loads, 1 LSLICEs
     Net FSM01/N_50_i: 1 loads, 1 LSLICEs
     Net FSM01/N_49_i: 2 loads, 2 LSLICEs
     Net FSM01/N_44_i: 1 loads, 1 LSLICEs
     Net FSM01/N_45_i: 2 loads, 2 LSLICEs
     Net FSM01/N_52_i: 1 loads, 1 LSLICEs
     Net FSM01/N_51_i: 2 loads, 2 LSLICEs
     Net FSM01/N_38_i: 2 loads, 2 LSLICEs
     Net FSM01/N_42_i: 1 loads, 1 LSLICEs
     Net FSM01/N_41_i: 2 loads, 2 LSLICEs
     Net FSM01/N_40_i: 1 loads, 1 LSLICEs
     Net FSM01/N_43_i: 2 loads, 2 LSLICEs
     Net FSM01/N_35_i: 1 loads, 1 LSLICEs
     Net FSM01/N_34_i: 2 loads, 2 LSLICEs
     Net FSM01/N_33_i: 1 loads, 1 LSLICEs
     Net FSM01/N_36_i: 2 loads, 2 LSLICEs
     Net FSM00/C01/oscOut_0_sqmuxa_1_0_i_a3_RNIN2NQA: 12 loads, 12 LSLICEs
   Number of nets driven by tri-state buffers:  0
   Top 10 highest fanout non-clock nets:
     Net statezz0_c[1]: 30 loads
     Net statezz0_c[2]: 30 loads
     Net outFlag10_c: 24 loads
     Net outFlag20_c: 24 loads
     Net outFlag30_c: 24 loads
     Net outFlag40_c: 22 loads
     Net statezz0_c[0]: 22 loads
     Net outFlag00_c: 21 loads
     Net FSM01/un1_inr0s_24_i_a3: 16 loads
     Net FSM00/C01/oscOut_0_sqmuxa_1_0_i_a3_RNIN2NQA: 13 loads
 

   Number of warnings:  1
   Number of errors:    0



Total CPU Time: 0 secs  
Total REAL Time: 0 secs  
Peak Memory Usage: 60 MB

Dumping design to file pipeline00_pipeline0_map.ncd.

mpartrce -p "pipeline00_pipeline0.p2t" -f "pipeline00_pipeline0.p3t" -tf "pipeline00_pipeline0.pt" "pipeline00_pipeline0_map.ncd" "pipeline00_pipeline0.ncd"

---- MParTrce Tool ----
Removing old design directory at request of -rem command line option to this program.
Running par. Please wait . . .

Lattice Place and Route Report for Design "pipeline00_pipeline0_map.ncd"
Wed Jun 15 22:19:42 2022

PAR: Place And Route Diamond (64-bit) 3.12.0.240.2.
Command Line: par -w -l 5 -i 6 -t 1 -c 0 -e 0 -gui -msgset C:/Users/braya/Downloads/pipeline/05-pipeline00/promote.xml -exp parUseNBR=1:parCDP=0:parCDR=0:parPathBased=OFF:parASE=1 pipeline00_pipeline0_map.ncd pipeline00_pipeline0.dir/5_1.ncd pipeline00_pipeline0.prf
Preference file: pipeline00_pipeline0.prf.
Placement level-cost: 5-1.
Routing Iterations: 6

Loading design for application par from file pipeline00_pipeline0_map.ncd.
Design name: pipeline00
NCD version: 3.3
Vendor:      LATTICE
Device:      LCMXO2-7000HE
Package:     TQFP144
Performance: 5
Loading device for application par from file 'xo2c7000.nph' in environment: C:/lscc/diamond/3.12/ispfpga.
Package Status:                     Final          Version 1.39.
Performance Hardware Data Status:   Final          Version 34.4.
License checked out.


Ignore Preference Error(s):  True
Device utilization summary:

   PIO (prelim)   38+4(JTAG)/336     13% used
                  38+4(JTAG)/115     37% bonded
   IOLOGIC           12/336           3% used

   SLICE            109/3432          3% used

   GSR                1/1           100% used
   OSC                1/1           100% used


Number of Signals: 381
Number of Connections: 980

Pin Constraint Summary:
   38 out of 38 pins locked (100% locked).

The following 2 signals are selected to use the primary clock routing resources:
    clk0_c (driver: FSM00/C01/SLICE_61, clk load #: 82)
    FSM00/clkaux (driver: FSM00/C00/OSCInst0, clk load #: 13)


The following 1 signal is selected to use the secondary clock routing resources:
    FSM00/C01/oscOut_0_sqmuxa_1_0_i_a3_RNIN2NQA (driver: FSM00/C01/SLICE_61, clk load #: 0, sr load #: 12, ce load #: 0)

Signal N_39_i is selected as Global Set/Reset.
Starting Placer Phase 0.
.........
Finished Placer Phase 0.  REAL time: 0 secs 

Starting Placer Phase 1.
..................
Placer score = 113860.
Finished Placer Phase 1.  REAL time: 4 secs 

Starting Placer Phase 2.
.
Placer score =  113261
Finished Placer Phase 2.  REAL time: 4 secs 


------------------ Clock Report ------------------

Global Clock Resources:
  CLK_PIN    : 0 out of 8 (0%)
  PLL        : 0 out of 2 (0%)
  DCM        : 0 out of 2 (0%)
  DCC        : 0 out of 8 (0%)

Global Clocks:
  PRIMARY "clk0_c" from Q0 on comp "FSM00/C01/SLICE_61" on site "R2C23C", clk load = 82
  PRIMARY "FSM00/clkaux" from OSC on comp "FSM00/C00/OSCInst0" on site "OSC", clk load = 13
  SECONDARY "FSM00/C01/oscOut_0_sqmuxa_1_0_i_a3_RNIN2NQA" from F1 on comp "FSM00/C01/SLICE_61" on site "R2C23C", clk load = 0, ce load = 0, sr load = 12

  PRIMARY  : 2 out of 8 (25%)
  SECONDARY: 1 out of 8 (12%)

Edge Clocks:
  No edge clock selected.

--------------- End of Clock Report ---------------


I/O Usage Summary (final):
   38 + 4(JTAG) out of 336 (12.5%) PIO sites used.
   38 + 4(JTAG) out of 115 (36.5%) bonded PIO sites used.
   Number of PIO comps: 38; differential: 0.
   Number of Vref pins used: 0.

I/O Bank Usage Summary:
+----------+----------------+------------+-----------+
| I/O Bank | Usage          | Bank Vccio | Bank Vref |
+----------+----------------+------------+-----------+
| 0        | 2 / 28 (  7%)  | 2.5V       | -         |
| 1        | 10 / 29 ( 34%) | 2.5V       | -         |
| 2        | 14 / 29 ( 48%) | 2.5V       | -         |
| 3        | 5 / 9 ( 55%)   | 2.5V       | -         |
| 4        | 6 / 10 ( 60%)  | 2.5V       | -         |
| 5        | 1 / 10 ( 10%)  | 2.5V       | -         |
+----------+----------------+------------+-----------+

Total placer CPU time: 4 secs 

Dumping design to file pipeline00_pipeline0.dir/5_1.ncd.

0 connections routed; 980 unrouted.
Starting router resource preassignment

    <postMsg mid="66011008" type="Warning" dynamic="1" navigation="0" arg0="&#xA;   Signal=FSM01/N_37_i loads=2 clock_loads=1&#xA;   Signal=FSM01/N_50_i loads=2 clock_loads=1&#xA;   Signal=FSM01/N_44_i loads=2 clock_loads=1&#xA;   Signal=FSM01/N_52_i loads=2 clock_loads=1&#xA;   Signal=FSM01/N_42_i loads=2 clock_loads=1&#xA;   Signal=FSM01/N_40_i loads=2 clock_loads=1&#xA;   Signal=FSM01/N_35_i loads=2 clock_loads=1&#xA;   Signal=FSM01/N_33_i loads=2 clock_loads=1"  />

Completed router resource preassignment. Real time: 7 secs 

Start NBR router at 22:19:49 06/15/22

*****************************************************************
Info: NBR allows conflicts(one node used by more than one signal)
      in the earlier iterations. In each iteration, it tries to  
      solve the conflicts while keeping the critical connections 
      routed as short as possible. The routing process is said to
      be completed when no conflicts exist and all connections   
      are routed.                                                
Note: NBR uses a different method to calculate timing slacks. The
      worst slack and total negative slack may not be the same as
      that in TRCE report. You should always run TRCE to verify  
      your design.                                               
*****************************************************************

Start NBR special constraint process at 22:19:49 06/15/22

Start NBR section for initial routing at 22:19:49 06/15/22
Level 4, iteration 1
40(0.01%) conflicts; 0(0.00%) untouched conn; 0 (nbr) score; 
Estimated worst slack/total negative slack<setup>: 465.696ns/0.000ns; real time: 7 secs 

Info: Initial congestion level at 75% usage is 0
Info: Initial congestion area  at 75% usage is 0 (0.00%)

Start NBR section for normal routing at 22:19:49 06/15/22
Level 4, iteration 1
20(0.01%) conflicts; 0(0.00%) untouched conn; 0 (nbr) score; 
Estimated worst slack/total negative slack<setup>: 465.624ns/0.000ns; real time: 7 secs 
Level 4, iteration 2
8(0.00%) conflicts; 0(0.00%) untouched conn; 0 (nbr) score; 
Estimated worst slack/total negative slack<setup>: 465.624ns/0.000ns; real time: 8 secs 
Level 4, iteration 3
4(0.00%) conflicts; 0(0.00%) untouched conn; 0 (nbr) score; 
Estimated worst slack/total negative slack<setup>: 465.624ns/0.000ns; real time: 8 secs 
Level 4, iteration 4
0(0.00%) conflict; 0(0.00%) untouched conn; 0 (nbr) score; 
Estimated worst slack/total negative slack<setup>: 465.624ns/0.000ns; real time: 8 secs 

Start NBR section for setup/hold timing optimization with effort level 3 at 22:19:50 06/15/22

Start NBR section for re-routing at 22:19:50 06/15/22
Level 4, iteration 1
0(0.00%) conflict; 0(0.00%) untouched conn; 0 (nbr) score; 
Estimated worst slack/total negative slack<setup>: 465.624ns/0.000ns; real time: 8 secs 

Start NBR section for post-routing at 22:19:50 06/15/22

End NBR router with 0 unrouted connection

NBR Summary
-----------
  Number of unrouted connections : 0 (0.00%)
  Number of connections with timing violations : 0 (0.00%)
  Estimated worst slack<setup> : 465.624ns
  Timing score<setup> : 0
-----------
Notes: The timing info is calculated for SETUP only and all PAR_ADJs are ignored.



    <postMsg mid="66011008" type="Warning" dynamic="1" navigation="0" arg0="&#xA;   Signal=FSM01/N_37_i loads=2 clock_loads=1&#xA;   Signal=FSM01/N_50_i loads=2 clock_loads=1&#xA;   Signal=FSM01/N_44_i loads=2 clock_loads=1&#xA;   Signal=FSM01/N_52_i loads=2 clock_loads=1&#xA;   Signal=FSM01/N_42_i loads=2 clock_loads=1&#xA;   Signal=FSM01/N_40_i loads=2 clock_loads=1&#xA;   Signal=FSM01/N_35_i loads=2 clock_loads=1&#xA;   Signal=FSM01/N_33_i loads=2 clock_loads=1"  />

Total CPU time 8 secs 
Total REAL time: 8 secs 
Completely routed.
End of route.  980 routed (100.00%); 0 unrouted.

Hold time timing score: 0, hold timing errors: 0

Timing score: 0 

Dumping design to file pipeline00_pipeline0.dir/5_1.ncd.


PAR_SUMMARY::Run status = Completed
PAR_SUMMARY::Number of unrouted conns = 0
PAR_SUMMARY::Worst  slack<setup/<ns>> = 465.624
PAR_SUMMARY::Timing score<setup/<ns>> = 0.000
PAR_SUMMARY::Worst  slack<hold /<ns>> = 0.379
PAR_SUMMARY::Timing score<hold /<ns>> = 0.000
PAR_SUMMARY::Number of errors = 0

Total CPU  time to completion: 8 secs 
Total REAL time to completion: 9 secs 

par done!

Note: user must run 'Trace' for timing closure signoff.

Copyright (c) 1991-1994 by NeoCAD Inc. All rights reserved.
Copyright (c) 1995 AT&T Corp.   All rights reserved.
Copyright (c) 1995-2001 Lucent Technologies Inc.  All rights reserved.
Copyright (c) 2001 Agere Systems   All rights reserved.
Copyright (c) 2002-2020 Lattice Semiconductor Corporation,  All rights reserved.
Exiting par with exit code 0
Exiting mpartrce with exit code 0

trce -f "pipeline00_pipeline0.pt" -o "pipeline00_pipeline0.twr" "pipeline00_pipeline0.ncd" "pipeline00_pipeline0.prf"
trce:  version Diamond (64-bit) 3.12.0.240.2

Copyright (c) 1991-1994 by NeoCAD Inc. All rights reserved.
Copyright (c) 1995 AT&T Corp.   All rights reserved.
Copyright (c) 1995-2001 Lucent Technologies Inc.  All rights reserved.
Copyright (c) 2001 Agere Systems   All rights reserved.
Copyright (c) 2002-2020 Lattice Semiconductor Corporation,  All rights reserved.

Loading design for application trce from file pipeline00_pipeline0.ncd.
Design name: pipeline00
NCD version: 3.3
Vendor:      LATTICE
Device:      LCMXO2-7000HE
Package:     TQFP144
Performance: 5
Loading device for application trce from file 'xo2c7000.nph' in environment: C:/lscc/diamond/3.12/ispfpga.
Package Status:                     Final          Version 1.39.
Performance Hardware Data Status:   Final          Version 34.4.
Setup and Hold Report

--------------------------------------------------------------------------------
Lattice TRACE Report - Setup, Version Diamond (64-bit) 3.12.0.240.2
Wed Jun 15 22:19:51 2022

Copyright (c) 1991-1994 by NeoCAD Inc. All rights reserved.
Copyright (c) 1995 AT&T Corp.   All rights reserved.
Copyright (c) 1995-2001 Lucent Technologies Inc.  All rights reserved.
Copyright (c) 2001 Agere Systems   All rights reserved.
Copyright (c) 2002-2020 Lattice Semiconductor Corporation,  All rights reserved.

Report Information
------------------
Command line:    trce -v 10 -gt -sethld -sp 5 -sphld m -o pipeline00_pipeline0.twr -gui -msgset C:/Users/braya/Downloads/pipeline/05-pipeline00/promote.xml pipeline00_pipeline0.ncd pipeline00_pipeline0.prf 
Design file:     pipeline00_pipeline0.ncd
Preference file: pipeline00_pipeline0.prf
Device,speed:    LCMXO2-7000HE,5
Report level:    verbose report, limited to 10 items per preference
--------------------------------------------------------------------------------

BLOCK ASYNCPATHS
BLOCK RESETPATHS
--------------------------------------------------------------------------------



Timing summary (Setup):
---------------

Timing errors: 0  Score: 0
Cumulative negative slack: 0

Constraints cover 6875 paths, 1 nets, and 793 connections (80.92% coverage)

--------------------------------------------------------------------------------
Lattice TRACE Report - Hold, Version Diamond (64-bit) 3.12.0.240.2
Wed Jun 15 22:19:51 2022

Copyright (c) 1991-1994 by NeoCAD Inc. All rights reserved.
Copyright (c) 1995 AT&T Corp.   All rights reserved.
Copyright (c) 1995-2001 Lucent Technologies Inc.  All rights reserved.
Copyright (c) 2001 Agere Systems   All rights reserved.
Copyright (c) 2002-2020 Lattice Semiconductor Corporation,  All rights reserved.

Report Information
------------------
Command line:    trce -v 10 -gt -sethld -sp 5 -sphld m -o pipeline00_pipeline0.twr -gui -msgset C:/Users/braya/Downloads/pipeline/05-pipeline00/promote.xml pipeline00_pipeline0.ncd pipeline00_pipeline0.prf 
Design file:     pipeline00_pipeline0.ncd
Preference file: pipeline00_pipeline0.prf
Device,speed:    LCMXO2-7000HE,m
Report level:    verbose report, limited to 10 items per preference
--------------------------------------------------------------------------------

BLOCK ASYNCPATHS
BLOCK RESETPATHS
--------------------------------------------------------------------------------



Timing summary (Hold):
---------------

Timing errors: 0  Score: 0
Cumulative negative slack: 0

Constraints cover 6875 paths, 1 nets, and 793 connections (80.92% coverage)



Timing summary (Setup and Hold):
---------------

Timing errors: 0 (setup), 0 (hold)
Score: 0 (setup), 0 (hold)
Cumulative negative slack: 0 (0+0)
--------------------------------------------------------------------------------

--------------------------------------------------------------------------------

Total CPU Time: 0 secs 
Total REAL Time: 0 secs 
Peak Memory Usage: 68 MB


tmcheck -par "pipeline00_pipeline0.par" 

bitgen -f "pipeline00_pipeline0.t2b" -w "pipeline00_pipeline0.ncd"  -jedec "pipeline00_pipeline0.prf"


BITGEN: Bitstream Generator Diamond (64-bit) 3.12.0.240.2
Copyright (c) 1991-1994 by NeoCAD Inc. All rights reserved.
Copyright (c) 1995 AT&T Corp.   All rights reserved.
Copyright (c) 1995-2001 Lucent Technologies Inc.  All rights reserved.
Copyright (c) 2001 Agere Systems   All rights reserved.
Copyright (c) 2002-2020 Lattice Semiconductor Corporation,  All rights reserved.


Loading design for application Bitgen from file pipeline00_pipeline0.ncd.
Design name: pipeline00
NCD version: 3.3
Vendor:      LATTICE
Device:      LCMXO2-7000HE
Package:     TQFP144
Performance: 5
Loading device for application Bitgen from file 'xo2c7000.nph' in environment: C:/lscc/diamond/3.12/ispfpga.
Package Status:                     Final          Version 1.39.
Performance Hardware Data Status:   Final          Version 34.4.

Running DRC.
DRC detected 0 errors and 0 warnings.
Reading Preference File from pipeline00_pipeline0.prf.

Preference Summary:
+---------------------------------+---------------------------------+
|  Preference                     |  Current Setting                |
+---------------------------------+---------------------------------+
|                         RamCfg  |                        Reset**  |
+---------------------------------+---------------------------------+
|                     MCCLK_FREQ  |                         2.08**  |
+---------------------------------+---------------------------------+
|                  CONFIG_SECURE  |                          OFF**  |
+---------------------------------+---------------------------------+
|                          INBUF  |                           ON**  |
+---------------------------------+---------------------------------+
|                      JTAG_PORT  |                       ENABLE**  |
+---------------------------------+---------------------------------+
|                       SDM_PORT  |                      DISABLE**  |
+---------------------------------+---------------------------------+
|                 SLAVE_SPI_PORT  |                      DISABLE**  |
+---------------------------------+---------------------------------+
|                MASTER_SPI_PORT  |                      DISABLE**  |
+---------------------------------+---------------------------------+
|                       I2C_PORT  |                      DISABLE**  |
+---------------------------------+---------------------------------+
|        MUX_CONFIGURATION_PORTS  |                      DISABLE**  |
+---------------------------------+---------------------------------+
|                  CONFIGURATION  |                          CFG**  |
+---------------------------------+---------------------------------+
|                COMPRESS_CONFIG  |                           ON**  |
+---------------------------------+---------------------------------+
|                        MY_ASSP  |                          OFF**  |
+---------------------------------+---------------------------------+
|               ONE_TIME_PROGRAM  |                          OFF**  |
+---------------------------------+---------------------------------+
|                 ENABLE_TRANSFR  |                      DISABLE**  |
+---------------------------------+---------------------------------+
|                  SHAREDEBRINIT  |                      DISABLE**  |
+---------------------------------+---------------------------------+
|            BACKGROUND_RECONFIG  |                          OFF**  |
+---------------------------------+---------------------------------+
 *  Default setting.
 ** The specified setting matches the default setting.


Creating bit map...
 
Bitstream Status: Final           Version 1.95.
 
Saving bit stream in "pipeline00_pipeline0.jed".
 
===========
UFM Summary.
===========
UFM Size:        2046 Pages (128*2046 Bits).
UFM Utilization: General Purpose Flash Memory.
 
Available General Purpose Flash Memory: 2046 Pages (Page 0 to Page 2045).
Initialized UFM Pages:                     0 Page.
 
Total CPU Time: 3 secs 
Total REAL Time: 4 secs 
Peak Memory Usage: 290 MB
