
synpwrap -msg -prj "divOsc00_divOsc00_synplify.tcl" -log "divOsc00_divOsc00.srf"
Copyright (C) 1992-2020 Lattice Semiconductor Corporation. All rights reserved.
Lattice Diamond Version 3.12.0.240.2
    <postMsg mid="2011000" type="Info"    dynamic="0" navigation="0"  />

==contents of divOsc00_divOsc00.srf
#Build: Synplify Pro (R) Q-2020.03L-SP1, Build 182R, Oct 29 2020
#install: C:\lscc\diamond\3.12\synpbase
#OS: Windows 8 6.2
#Hostname: DESKTOP-4OJJTR2

# Wed Mar 16 09:04:27 2022

#Implementation: divOsc00


Copyright (C) 1994-2020 Synopsys, Inc.
This Synopsys software and all associated documentation are proprietary to Synopsys, Inc.
and may only be used pursuant to the terms and conditions of a written license agreement
with Synopsys, Inc. All other use, reproduction, modification, or distribution of the
Synopsys software or the associated documentation is strictly prohibited.
Tool: Synplify Pro (R)
Build: Q-2020.03L-SP1
Install: C:\lscc\diamond\3.12\synpbase
OS: Windows 6.2

Hostname: DESKTOP-4OJJTR2

Implementation : divOsc00
Synopsys HDL Compiler, Version comp202003synp2, Build 182R, Built Oct 29 2020 10:49:53, @

@N|Running in 64-bit mode
###########################################################[

Copyright (C) 1994-2020 Synopsys, Inc.
This Synopsys software and all associated documentation are proprietary to Synopsys, Inc.
and may only be used pursuant to the terms and conditions of a written license agreement
with Synopsys, Inc. All other use, reproduction, modification, or distribution of the
Synopsys software or the associated documentation is strictly prohibited.
Tool: Synplify Pro (R)
Build: Q-2020.03L-SP1
Install: C:\lscc\diamond\3.12\synpbase
OS: Windows 6.2

Hostname: DESKTOP-4OJJTR2

Implementation : divOsc00
Synopsys VHDL Compiler, Version comp202003synp2, Build 182R, Built Oct 29 2020 10:49:53, @

@N|Running in 64-bit mode
@N:"C:\Users\braya\Downloads\Arquitectura de computadoras\06-projectDiamond-1erParc\12_13_divOsc00\divOsc00.vhd":10:7:10:14|Top entity is set to divOsc00.
Options changed - recompiling
VHDL syntax check successful!
Options changed - recompiling
@N: CD630 :"C:\Users\braya\Downloads\Arquitectura de computadoras\06-projectDiamond-1erParc\12_13_divOsc00\divOsc00.vhd":10:7:10:14|Synthesizing work.divosc00.divosc0.
@N: CD630 :"C:\Users\braya\Downloads\Arquitectura de computadoras\06-projectDiamond-1erParc\12_13_divOsc00\div00.vhd":9:7:9:11|Synthesizing work.div00.div0.
@N: CD364 :"C:\Users\braya\Downloads\Arquitectura de computadoras\06-projectDiamond-1erParc\12_13_divOsc00\div00.vhd":30:6:30:11|Removing redundant assignment.
@N: CD364 :"C:\Users\braya\Downloads\Arquitectura de computadoras\06-projectDiamond-1erParc\12_13_divOsc00\div00.vhd":39:6:39:11|Removing redundant assignment.
@N: CD364 :"C:\Users\braya\Downloads\Arquitectura de computadoras\06-projectDiamond-1erParc\12_13_divOsc00\div00.vhd":48:6:48:11|Removing redundant assignment.
@N: CD364 :"C:\Users\braya\Downloads\Arquitectura de computadoras\06-projectDiamond-1erParc\12_13_divOsc00\div00.vhd":57:6:57:11|Removing redundant assignment.
@N: CD364 :"C:\Users\braya\Downloads\Arquitectura de computadoras\06-projectDiamond-1erParc\12_13_divOsc00\div00.vhd":66:6:66:11|Removing redundant assignment.
@N: CD364 :"C:\Users\braya\Downloads\Arquitectura de computadoras\06-projectDiamond-1erParc\12_13_divOsc00\div00.vhd":75:6:75:11|Removing redundant assignment.
@N: CD364 :"C:\Users\braya\Downloads\Arquitectura de computadoras\06-projectDiamond-1erParc\12_13_divOsc00\div00.vhd":84:6:84:11|Removing redundant assignment.
@N: CD364 :"C:\Users\braya\Downloads\Arquitectura de computadoras\06-projectDiamond-1erParc\12_13_divOsc00\div00.vhd":93:6:93:11|Removing redundant assignment.
Post processing for work.div00.div0
Running optimization stage 1 on div00 .......
@N: CD630 :"C:\Users\braya\Downloads\Arquitectura de computadoras\06-projectDiamond-1erParc\12_13_divOsc00\osc00.vhd":8:7:8:11|Synthesizing work.osc00.osc0.
@W: CD276 :"C:\lscc\diamond\3.12\cae_library\synthesis\vhdl\machxo2.vhd":2297:8:2297:15|Map for port sedstdby of component osch not found
@N: CD630 :"C:\lscc\diamond\3.12\cae_library\synthesis\vhdl\machxo2.vhd":2291:10:2291:13|Synthesizing work.osch.syn_black_box.
Post processing for work.osch.syn_black_box
Post processing for work.osc00.osc0
Running optimization stage 1 on osc00 .......
Post processing for work.divosc00.divosc0
Running optimization stage 1 on divOsc00 .......
Running optimization stage 2 on osc00 .......
Running optimization stage 2 on div00 .......
Running optimization stage 2 on divOsc00 .......

For a summary of runtime and memory usage per design unit, please see file:
==========================================================
@L: C:\Users\braya\Downloads\Arquitectura de computadoras\06-projectDiamond-1erParc\12_13_divOsc00\divOsc00\synwork\layer0.rt.csv


At c_vhdl Exit (Real Time elapsed 0h:00m:01s; CPU Time elapsed 0h:00m:00s; Memory used current: 97MB peak: 100MB)

Process took 0h:00m:01s realtime, 0h:00m:01s cputime

Process completed successfully.
# Wed Mar 16 09:04:30 2022

###########################################################]
###########################################################[

Copyright (C) 1994-2020 Synopsys, Inc.
This Synopsys software and all associated documentation are proprietary to Synopsys, Inc.
and may only be used pursuant to the terms and conditions of a written license agreement
with Synopsys, Inc. All other use, reproduction, modification, or distribution of the
Synopsys software or the associated documentation is strictly prohibited.
Tool: Synplify Pro (R)
Build: Q-2020.03L-SP1
Install: C:\lscc\diamond\3.12\synpbase
OS: Windows 6.2

Hostname: DESKTOP-4OJJTR2

Implementation : divOsc00
Synopsys Synopsys Netlist Linker, Version comp202003synp2, Build 182R, Built Oct 29 2020 10:49:53, @

@N|Running in 64-bit mode
File C:\lscc\diamond\3.12\synpbase\bin64\syn_nfilter.exe changed - recompiling
File C:\Users\Natalia\Desktop\Practicas_Arqui_Comp-main (2)\Practicas_Arqui_Comp-main\Parcial01\12_13_divOsc00\divOsc00\synwork\layer0.srs changed - recompiling

At syn_nfilter Exit (Real Time elapsed 0h:00m:00s; CPU Time elapsed 0h:00m:00s; Memory used current: 90MB peak: 90MB)

Process took 0h:00m:01s realtime, 0h:00m:01s cputime

Process completed successfully.
# Wed Mar 16 09:04:30 2022

###########################################################]

For a summary of runtime and memory usage for all design units, please see file:
==========================================================
@L: C:\Users\braya\Downloads\Arquitectura de computadoras\06-projectDiamond-1erParc\12_13_divOsc00\divOsc00\synwork\divOsc00_divOsc00_comp.rt.csv

@END

At c_hdl Exit (Real Time elapsed 0h:00m:02s; CPU Time elapsed 0h:00m:01s; Memory used current: 29MB peak: 29MB)

Process took 0h:00m:02s realtime, 0h:00m:01s cputime

Process completed successfully.
# Wed Mar 16 09:04:30 2022

###########################################################]
###########################################################[

Copyright (C) 1994-2020 Synopsys, Inc.
This Synopsys software and all associated documentation are proprietary to Synopsys, Inc.
and may only be used pursuant to the terms and conditions of a written license agreement
with Synopsys, Inc. All other use, reproduction, modification, or distribution of the
Synopsys software or the associated documentation is strictly prohibited.
Tool: Synplify Pro (R)
Build: Q-2020.03L-SP1
Install: C:\lscc\diamond\3.12\synpbase
OS: Windows 6.2

Hostname: DESKTOP-4OJJTR2

Implementation : divOsc00
Synopsys Synopsys Netlist Linker, Version comp202003synp2, Build 182R, Built Oct 29 2020 10:49:53, @

@N|Running in 64-bit mode
File C:\lscc\diamond\3.12\synpbase\bin64\syn_nfilter.exe changed - recompiling
File C:\Users\Natalia\Desktop\Practicas_Arqui_Comp-main (2)\Practicas_Arqui_Comp-main\Parcial01\12_13_divOsc00\divOsc00\synwork\divOsc00_divOsc00_comp.srs changed - recompiling

At syn_nfilter Exit (Real Time elapsed 0h:00m:00s; CPU Time elapsed 0h:00m:00s; Memory used current: 90MB peak: 90MB)

Process took 0h:00m:01s realtime, 0h:00m:01s cputime

Process completed successfully.
# Wed Mar 16 09:04:32 2022

###########################################################]
Premap Report

# Wed Mar 16 09:04:32 2022


Copyright (C) 1994-2020 Synopsys, Inc.
This Synopsys software and all associated documentation are proprietary to Synopsys, Inc.
and may only be used pursuant to the terms and conditions of a written license agreement
with Synopsys, Inc. All other use, reproduction, modification, or distribution of the
Synopsys software or the associated documentation is strictly prohibited.
Tool: Synplify Pro (R)
Build: Q-2020.03L-SP1
Install: C:\lscc\diamond\3.12\synpbase
OS: Windows 6.2

Hostname: DESKTOP-4OJJTR2

Implementation : divOsc00
Synopsys Lattice Technology Pre-mapping, Version map202003lat, Build 172R, Built Nov  2 2020 09:31:45, @


Mapper Startup Complete (Real Time elapsed 0h:00m:00s; CPU Time elapsed 0h:00m:00s; Memory used current: 117MB peak: 117MB)

@A: MF827 |No constraint file specified.
@L: C:\Users\braya\Downloads\Arquitectura de computadoras\06-projectDiamond-1erParc\12_13_divOsc00\divOsc00\divOsc00_divOsc00_scck.rpt 
See clock summary report "C:\Users\braya\Downloads\Arquitectura de computadoras\06-projectDiamond-1erParc\12_13_divOsc00\divOsc00\divOsc00_divOsc00_scck.rpt"
@N: MF916 |Option synthesis_strategy=base is enabled. 
@N: MF248 |Running in 64-bit mode.
@N: MF666 |Clock conversion enabled. (Command "set_option -fix_gated_and_generated_clocks 1" in the project file.)

Design Input Complete (Real Time elapsed 0h:00m:00s; CPU Time elapsed 0h:00m:00s; Memory used current: 125MB peak: 128MB)


Mapper Initialization Complete (Real Time elapsed 0h:00m:00s; CPU Time elapsed 0h:00m:00s; Memory used current: 125MB peak: 128MB)


Start loading timing files (Real Time elapsed 0h:00m:00s; CPU Time elapsed 0h:00m:00s; Memory used current: 138MB peak: 138MB)


Finished loading timing files (Real Time elapsed 0h:00m:01s; CPU Time elapsed 0h:00m:00s; Memory used current: 138MB peak: 140MB)


Starting clock optimization phase (Real Time elapsed 0h:00m:01s; CPU Time elapsed 0h:00m:00s; Memory used current: 169MB peak: 169MB)


Finished clock optimization phase (Real Time elapsed 0h:00m:01s; CPU Time elapsed 0h:00m:00s; Memory used current: 170MB peak: 170MB)


Starting clock optimization report phase (Real Time elapsed 0h:00m:01s; CPU Time elapsed 0h:00m:00s; Memory used current: 170MB peak: 170MB)


Finished clock optimization report phase (Real Time elapsed 0h:00m:01s; CPU Time elapsed 0h:00m:00s; Memory used current: 170MB peak: 170MB)

@N: FX1184 |Applying syn_allowed_resources blockrams=26 on top level netlist divOsc00 

Finished netlist restructuring (Real Time elapsed 0h:00m:01s; CPU Time elapsed 0h:00m:00s; Memory used current: 170MB peak: 170MB)



Clock Summary
******************

          Start                             Requested     Requested     Clock        Clock                   Clock
Level     Clock                             Frequency     Period        Type         Group                   Load 
------------------------------------------------------------------------------------------------------------------
0 -       osc00|osc_int0_inferred_clock     2.1 MHz       480.769       inferred     Inferred_clkgroup_0     23   
==================================================================================================================



Clock Load Summary
***********************

                                  Clock     Source                     Clock Pin        Non-clock Pin     Non-clock Pin
Clock                             Load      Pin                        Seq Example      Seq Example       Comb Example 
-----------------------------------------------------------------------------------------------------------------------
osc00|osc_int0_inferred_clock     23        C00.OSCInst0.OSC(OSCH)     C01.oscOut.C     -                 -            
=======================================================================================================================

@W: MT529 :"c:\users\braya\downloads\arquitectura de computadoras\06-projectdiamond-1erparc\12_13_divosc00\div00.vhd":22:2:22:3|Found inferred clock osc00|osc_int0_inferred_clock which controls 23 sequential elements including C01.sdiv[21:0]. This clock has no specified timing constraint which may prevent conversion of gated or generated clocks and may adversely impact design performance. 

ICG Latch Removal Summary:
Number of ICG latches removed: 0
Number of ICG latches not removed:	0


@S |Clock Optimization Summary



#### START OF PREMAP CLOCK OPTIMIZATION REPORT #####[

1 non-gated/non-generated clock tree(s) driving 23 clock pin(s) of sequential element(s)
0 gated/generated clock tree(s) driving 0 clock pin(s) of sequential element(s)
0 instances converted, 0 sequential instances remain driven by gated/generated clocks

============================ Non-Gated/Non-Generated Clocks ============================
Clock Tree ID     Driving Element      Drive Element Type     Fanout     Sample Instance
----------------------------------------------------------------------------------------
@KP:ckid0_0       C00.OSCInst0.OSC     OSCH                   23         C01.sdiv[21:0] 
========================================================================================


##### END OF CLOCK OPTIMIZATION REPORT ######

@N: FX1143 |Skipping assigning INTERNAL_VREF to iobanks, because the table of mapping from pin to iobank is not initialized.
Finished Pre Mapping Phase.

Starting constraint checker (Real Time elapsed 0h:00m:01s; CPU Time elapsed 0h:00m:01s; Memory used current: 170MB peak: 170MB)


Finished constraint checker preprocessing (Real Time elapsed 0h:00m:02s; CPU Time elapsed 0h:00m:01s; Memory used current: 170MB peak: 171MB)


Finished constraint checker (Real Time elapsed 0h:00m:02s; CPU Time elapsed 0h:00m:01s; Memory used current: 171MB peak: 171MB)

Pre-mapping successful!

At Mapper Exit (Real Time elapsed 0h:00m:02s; CPU Time elapsed 0h:00m:01s; Memory used current: 91MB peak: 173MB)

Process took 0h:00m:02s realtime, 0h:00m:01s cputime
# Wed Mar 16 09:04:35 2022

###########################################################]
Map & Optimize Report

# Wed Mar 16 09:04:35 2022


Copyright (C) 1994-2020 Synopsys, Inc.
This Synopsys software and all associated documentation are proprietary to Synopsys, Inc.
and may only be used pursuant to the terms and conditions of a written license agreement
with Synopsys, Inc. All other use, reproduction, modification, or distribution of the
Synopsys software or the associated documentation is strictly prohibited.
Tool: Synplify Pro (R)
Build: Q-2020.03L-SP1
Install: C:\lscc\diamond\3.12\synpbase
OS: Windows 6.2

Hostname: DESKTOP-4OJJTR2

Implementation : divOsc00
Synopsys Lattice Technology Mapper, Version map202003lat, Build 172R, Built Nov  2 2020 09:31:45, @


Mapper Startup Complete (Real Time elapsed 0h:00m:00s; CPU Time elapsed 0h:00m:00s; Memory used current: 117MB peak: 117MB)

@N: MF916 |Option synthesis_strategy=base is enabled. 
@N: MF248 |Running in 64-bit mode.
@N: MF666 |Clock conversion enabled. (Command "set_option -fix_gated_and_generated_clocks 1" in the project file.)

Design Input Complete (Real Time elapsed 0h:00m:00s; CPU Time elapsed 0h:00m:00s; Memory used current: 121MB peak: 129MB)


Mapper Initialization Complete (Real Time elapsed 0h:00m:00s; CPU Time elapsed 0h:00m:00s; Memory used current: 121MB peak: 129MB)


Start loading timing files (Real Time elapsed 0h:00m:00s; CPU Time elapsed 0h:00m:00s; Memory used current: 134MB peak: 134MB)


Finished loading timing files (Real Time elapsed 0h:00m:00s; CPU Time elapsed 0h:00m:00s; Memory used current: 135MB peak: 137MB)



Starting Optimization and Mapping (Real Time elapsed 0h:00m:00s; CPU Time elapsed 0h:00m:00s; Memory used current: 167MB peak: 167MB)


Available hyper_sources - for debug and ip models
	None Found


Finished RTL optimizations (Real Time elapsed 0h:00m:00s; CPU Time elapsed 0h:00m:00s; Memory used current: 171MB peak: 171MB)


Starting factoring (Real Time elapsed 0h:00m:00s; CPU Time elapsed 0h:00m:00s; Memory used current: 172MB peak: 172MB)


Finished factoring (Real Time elapsed 0h:00m:00s; CPU Time elapsed 0h:00m:00s; Memory used current: 172MB peak: 173MB)


Finished generic timing optimizations - Pass 1 (Real Time elapsed 0h:00m:01s; CPU Time elapsed 0h:00m:01s; Memory used current: 174MB peak: 174MB)


Starting Early Timing Optimization (Real Time elapsed 0h:00m:01s; CPU Time elapsed 0h:00m:01s; Memory used current: 175MB peak: 175MB)


Finished Early Timing Optimization (Real Time elapsed 0h:00m:01s; CPU Time elapsed 0h:00m:01s; Memory used current: 175MB peak: 175MB)


Finished generic timing optimizations - Pass 2 (Real Time elapsed 0h:00m:01s; CPU Time elapsed 0h:00m:01s; Memory used current: 175MB peak: 175MB)


Finished preparing to map (Real Time elapsed 0h:00m:01s; CPU Time elapsed 0h:00m:01s; Memory used current: 175MB peak: 175MB)


Finished technology mapping (Real Time elapsed 0h:00m:01s; CPU Time elapsed 0h:00m:01s; Memory used current: 179MB peak: 179MB)

Pass		 CPU time		Worst Slack		Luts / Registers
------------------------------------------------------------
   1		0h:00m:01s		   467.61ns		  44 /        23

Finished technology timing optimizations and critical path resynthesis (Real Time elapsed 0h:00m:01s; CPU Time elapsed 0h:00m:01s; Memory used current: 179MB peak: 179MB)

@N: FX164 |The option to pack registers in the IOB has not been specified. Please set syn_useioff attribute.  

Finished restoring hierarchy (Real Time elapsed 0h:00m:01s; CPU Time elapsed 0h:00m:01s; Memory used current: 180MB peak: 180MB)


Start Writing Netlists (Real Time elapsed 0h:00m:01s; CPU Time elapsed 0h:00m:01s; Memory used current: 143MB peak: 180MB)

Writing Analyst data base C:\Users\braya\Downloads\Arquitectura de computadoras\06-projectDiamond-1erParc\12_13_divOsc00\divOsc00\synwork\divOsc00_divOsc00_m.srm

Finished Writing Netlist Databases (Real Time elapsed 0h:00m:02s; CPU Time elapsed 0h:00m:02s; Memory used current: 179MB peak: 180MB)

Writing EDIF Netlist and constraint files
@N: FX1056 |Writing EDF file: C:\Users\braya\Downloads\Arquitectura de computadoras\06-projectDiamond-1erParc\12_13_divOsc00\divOsc00\divOsc00_divOsc00.edi
@N: BW106 |Synplicity Constraint File capacitance units using default value of 1pF 

Finished Writing EDIF Netlist and constraint files (Real Time elapsed 0h:00m:02s; CPU Time elapsed 0h:00m:02s; Memory used current: 184MB peak: 184MB)


Start final timing analysis (Real Time elapsed 0h:00m:02s; CPU Time elapsed 0h:00m:02s; Memory used current: 183MB peak: 185MB)

@W: MT420 |Found inferred clock osc00|osc_int0_inferred_clock with period 480.77ns. Please declare a user-defined clock on net C00.clkaux.


##### START OF TIMING REPORT #####[
# Timing report written on Wed Mar 16 09:04:38 2022
#


Top view:               divOsc00
Requested Frequency:    2.1 MHz
Wire load mode:         top
Paths requested:        5
Constraint File(s):    
@N: MT320 |This timing report is an estimate of place and route data. For final timing results, use the FPGA vendor place and route report.

@N: MT322 |Clock constraints include only register-to-register paths associated with each individual clock.



Performance Summary
*******************


Worst slack in design: 466.444

                                  Requested     Estimated     Requested     Estimated                 Clock        Clock              
Starting Clock                    Frequency     Frequency     Period        Period        Slack       Type         Group              
--------------------------------------------------------------------------------------------------------------------------------------
osc00|osc_int0_inferred_clock     2.1 MHz       69.8 MHz      480.769       14.325        466.444     inferred     Inferred_clkgroup_0
======================================================================================================================================





Clock Relationships
*******************

Clocks                                                        |    rise  to  rise     |    fall  to  fall   |    rise  to  fall   |    fall  to  rise 
------------------------------------------------------------------------------------------------------------------------------------------------------
Starting                       Ending                         |  constraint  slack    |  constraint  slack  |  constraint  slack  |  constraint  slack
------------------------------------------------------------------------------------------------------------------------------------------------------
osc00|osc_int0_inferred_clock  osc00|osc_int0_inferred_clock  |  480.769     466.444  |  No paths    -      |  No paths    -      |  No paths    -    
======================================================================================================================================================
 Note: 'No paths' indicates there are no paths in the design for that pair of clock edges.
       'Diff grp' indicates that paths exist but the starting clock and ending clock are in different clock groups.



Interface Information 
*********************

No IO constraint found



====================================
Detailed Report for Clock: osc00|osc_int0_inferred_clock
====================================



Starting Points with Worst Slack
********************************

                Starting                                                          Arrival            
Instance        Reference                         Type        Pin     Net         Time        Slack  
                Clock                                                                                
-----------------------------------------------------------------------------------------------------
C01.sdiv[0]     osc00|osc_int0_inferred_clock     FD1S3IX     Q       sdiv[0]     1.044       466.444
C01.sdiv[1]     osc00|osc_int0_inferred_clock     FD1S3IX     Q       sdiv[1]     1.044       466.444
C01.sdiv[2]     osc00|osc_int0_inferred_clock     FD1S3IX     Q       sdiv[2]     1.044       466.444
C01.sdiv[3]     osc00|osc_int0_inferred_clock     FD1S3IX     Q       sdiv[3]     1.044       466.444
C01.sdiv[4]     osc00|osc_int0_inferred_clock     FD1S3IX     Q       sdiv[4]     1.044       466.444
C01.sdiv[5]     osc00|osc_int0_inferred_clock     FD1S3IX     Q       sdiv[5]     1.044       466.444
C01.sdiv[6]     osc00|osc_int0_inferred_clock     FD1S3IX     Q       sdiv[6]     1.044       466.444
C01.sdiv[7]     osc00|osc_int0_inferred_clock     FD1S3IX     Q       sdiv[7]     1.044       466.444
C01.sdiv[8]     osc00|osc_int0_inferred_clock     FD1S3IX     Q       sdiv[8]     1.044       466.444
C01.sdiv[9]     osc00|osc_int0_inferred_clock     FD1S3IX     Q       sdiv[9]     1.044       466.444
=====================================================================================================


Ending Points with Worst Slack
******************************

                 Starting                                                              Required            
Instance         Reference                         Type        Pin     Net             Time         Slack  
                 Clock                                                                                     
-----------------------------------------------------------------------------------------------------------
C01.sdiv[21]     osc00|osc_int0_inferred_clock     FD1S3IX     D       sdiv_11[21]     480.664      466.444
C01.sdiv[19]     osc00|osc_int0_inferred_clock     FD1S3IX     D       sdiv_11[19]     480.664      466.587
C01.sdiv[20]     osc00|osc_int0_inferred_clock     FD1S3IX     D       sdiv_11[20]     480.664      466.587
C01.sdiv[17]     osc00|osc_int0_inferred_clock     FD1S3IX     D       sdiv_11[17]     480.664      466.729
C01.sdiv[18]     osc00|osc_int0_inferred_clock     FD1S3IX     D       sdiv_11[18]     480.664      466.729
C01.sdiv[15]     osc00|osc_int0_inferred_clock     FD1S3IX     D       sdiv_11[15]     480.664      466.872
C01.sdiv[16]     osc00|osc_int0_inferred_clock     FD1S3IX     D       sdiv_11[16]     480.664      466.872
C01.sdiv[13]     osc00|osc_int0_inferred_clock     FD1S3IX     D       sdiv_11[13]     480.664      467.015
C01.sdiv[14]     osc00|osc_int0_inferred_clock     FD1S3IX     D       sdiv_11[14]     480.664      467.015
C01.sdiv[11]     osc00|osc_int0_inferred_clock     FD1S3IX     D       sdiv_11[11]     480.664      467.158
===========================================================================================================



Worst Path Information
***********************


Path information for path number 1: 
      Requested Period:                      480.769
    - Setup time:                            0.106
    + Clock delay at ending point:           0.000 (ideal)
    = Required time:                         480.664

    - Propagation time:                      14.220
    - Clock delay at starting point:         0.000 (ideal)
    = Slack (critical) :                     466.444

    Number of logic level(s):                20
    Starting point:                          C01.sdiv[0] / Q
    Ending point:                            C01.sdiv[21] / D
    The start point is clocked by            osc00|osc_int0_inferred_clock [rising] (rise=0.000 fall=240.385 period=480.769) on pin CK
    The end   point is clocked by            osc00|osc_int0_inferred_clock [rising] (rise=0.000 fall=240.385 period=480.769) on pin CK

Instance / Net                                         Pin      Pin               Arrival      No. of    
Name                                      Type         Name     Dir     Delay     Time         Fan Out(s)
---------------------------------------------------------------------------------------------------------
C01.sdiv[0]                               FD1S3IX      Q        Out     1.044     1.044 r      -         
sdiv[0]                                   Net          -        -       -         -            2         
C01.pdiv\.oscout60lto21_i_a2_1_7          ORCALUT4     A        In      0.000     1.044 r      -         
C01.pdiv\.oscout60lto21_i_a2_1_7          ORCALUT4     Z        Out     1.017     2.061 f      -         
oscout60lto21_i_a2_1_7                    Net          -        -       -         -            1         
C01.pdiv\.oscout60lto21_i_a2_1            ORCALUT4     C        In      0.000     2.061 f      -         
C01.pdiv\.oscout60lto21_i_a2_1            ORCALUT4     Z        Out     1.193     3.253 f      -         
N_76                                      Net          -        -       -         -            4         
C01.pdiv\.oscout28lto21_i_a2_0            ORCALUT4     D        In      0.000     3.253 f      -         
C01.pdiv\.oscout28lto21_i_a2_0            ORCALUT4     Z        Out     1.153     4.406 f      -         
N_78                                      Net          -        -       -         -            3         
C01.oscOut_0_sqmuxa_1_0_i_a2              ORCALUT4     C        In      0.000     4.406 f      -         
C01.oscOut_0_sqmuxa_1_0_i_a2              ORCALUT4     Z        Out     1.153     5.559 f      -         
N_87                                      Net          -        -       -         -            3         
C01.pdiv\.oscout12lto21_i_a3              ORCALUT4     C        In      0.000     5.559 f      -         
C01.pdiv\.oscout12lto21_i_a3              ORCALUT4     Z        Out     1.017     6.576 f      -         
N_66                                      Net          -        -       -         -            1         
C01.pdiv\.oscout12lto21_i_a3_RNIEMSE1     ORCALUT4     C        In      0.000     6.576 f      -         
C01.pdiv\.oscout12lto21_i_a3_RNIEMSE1     ORCALUT4     Z        Out     1.017     7.593 r      -         
un1_oscout73_i_i_o2_4                     Net          -        -       -         -            1         
C01.pdiv\.oscout52lto21_i_a3_RNI5PECC     ORCALUT4     C        In      0.000     7.593 r      -         
C01.pdiv\.oscout52lto21_i_a3_RNI5PECC     ORCALUT4     Z        Out     1.089     8.681 r      -         
N_14                                      Net          -        -       -         -            2         
C01.un1_sdiv_cry_0_0_RNO                  ORCALUT4     A        In      0.000     8.681 r      -         
C01.un1_sdiv_cry_0_0_RNO                  ORCALUT4     Z        Out     1.017     9.698 f      -         
N_5_i                                     Net          -        -       -         -            1         
C01.un1_sdiv_cry_0_0                      CCU2D        B0       In      0.000     9.698 f      -         
C01.un1_sdiv_cry_0_0                      CCU2D        COUT     Out     1.544     11.243 r     -         
un1_sdiv_cry_0                            Net          -        -       -         -            1         
C01.un1_sdiv_cry_1_0                      CCU2D        CIN      In      0.000     11.243 r     -         
C01.un1_sdiv_cry_1_0                      CCU2D        COUT     Out     0.143     11.386 r     -         
un1_sdiv_cry_2                            Net          -        -       -         -            1         
C01.un1_sdiv_cry_3_0                      CCU2D        CIN      In      0.000     11.386 r     -         
C01.un1_sdiv_cry_3_0                      CCU2D        COUT     Out     0.143     11.528 r     -         
un1_sdiv_cry_4                            Net          -        -       -         -            1         
C01.un1_sdiv_cry_5_0                      CCU2D        CIN      In      0.000     11.528 r     -         
C01.un1_sdiv_cry_5_0                      CCU2D        COUT     Out     0.143     11.671 r     -         
un1_sdiv_cry_6                            Net          -        -       -         -            1         
C01.un1_sdiv_cry_7_0                      CCU2D        CIN      In      0.000     11.671 r     -         
C01.un1_sdiv_cry_7_0                      CCU2D        COUT     Out     0.143     11.814 r     -         
un1_sdiv_cry_8                            Net          -        -       -         -            1         
C01.un1_sdiv_cry_9_0                      CCU2D        CIN      In      0.000     11.814 r     -         
C01.un1_sdiv_cry_9_0                      CCU2D        COUT     Out     0.143     11.957 r     -         
un1_sdiv_cry_10                           Net          -        -       -         -            1         
C01.un1_sdiv_cry_11_0                     CCU2D        CIN      In      0.000     11.957 r     -         
C01.un1_sdiv_cry_11_0                     CCU2D        COUT     Out     0.143     12.100 r     -         
un1_sdiv_cry_12                           Net          -        -       -         -            1         
C01.un1_sdiv_cry_13_0                     CCU2D        CIN      In      0.000     12.100 r     -         
C01.un1_sdiv_cry_13_0                     CCU2D        COUT     Out     0.143     12.242 r     -         
un1_sdiv_cry_14                           Net          -        -       -         -            1         
C01.un1_sdiv_cry_15_0                     CCU2D        CIN      In      0.000     12.242 r     -         
C01.un1_sdiv_cry_15_0                     CCU2D        COUT     Out     0.143     12.385 r     -         
un1_sdiv_cry_16                           Net          -        -       -         -            1         
C01.un1_sdiv_cry_17_0                     CCU2D        CIN      In      0.000     12.385 r     -         
C01.un1_sdiv_cry_17_0                     CCU2D        COUT     Out     0.143     12.528 r     -         
un1_sdiv_cry_18                           Net          -        -       -         -            1         
C01.un1_sdiv_cry_19_0                     CCU2D        CIN      In      0.000     12.528 r     -         
C01.un1_sdiv_cry_19_0                     CCU2D        COUT     Out     0.143     12.671 r     -         
un1_sdiv_cry_20                           Net          -        -       -         -            1         
C01.un1_sdiv_s_21_0                       CCU2D        CIN      In      0.000     12.671 r     -         
C01.un1_sdiv_s_21_0                       CCU2D        S0       Out     1.549     14.220 r     -         
sdiv_11[21]                               Net          -        -       -         -            1         
C01.sdiv[21]                              FD1S3IX      D        In      0.000     14.220 r     -         
=========================================================================================================



##### END OF TIMING REPORT #####]

Timing exceptions that could not be applied

Finished final timing analysis (Real Time elapsed 0h:00m:02s; CPU Time elapsed 0h:00m:02s; Memory used current: 184MB peak: 185MB)


Finished timing report (Real Time elapsed 0h:00m:02s; CPU Time elapsed 0h:00m:02s; Memory used current: 184MB peak: 185MB)

---------------------------------------
Resource Usage Report
Part: lcmxo2_7000he-4

Register bits: 23 of 6864 (0%)
PIC Latch:       0
I/O cells:       6


Details:
CCU2D:          12
FD1S3AX:        1
FD1S3IX:        22
GSR:            1
IB:             5
OB:             1
ORCALUT4:       44
OSCH:           1
PUR:            1
VHI:            2
VLO:            3
Mapper successful!

At Mapper Exit (Real Time elapsed 0h:00m:03s; CPU Time elapsed 0h:00m:03s; Memory used current: 64MB peak: 185MB)

Process took 0h:00m:03s realtime, 0h:00m:03s cputime
# Wed Mar 16 09:04:38 2022

###########################################################]


Synthesis exit by 0.

edif2ngd  -l "MachXO2" -d LCMXO2-7000HE -path "C:/Users/braya/Downloads/Arquitectura de computadoras/06-projectDiamond-1erParc/12_13_divOsc00/divOsc00" -path "C:/Users/braya/Downloads/Arquitectura de computadoras/06-projectDiamond-1erParc/12_13_divOsc00"   "C:/Users/braya/Downloads/Arquitectura de computadoras/06-projectDiamond-1erParc/12_13_divOsc00/divOsc00/divOsc00_divOsc00.edi" "divOsc00_divOsc00.ngo"   
edif2ngd:  version Diamond (64-bit) 3.12.0.240.2

Copyright (c) 1991-1994 by NeoCAD Inc. All rights reserved.
Copyright (c) 1995 AT&T Corp.   All rights reserved.
Copyright (c) 1995-2001 Lucent Technologies Inc.  All rights reserved.
Copyright (c) 2001 Agere Systems   All rights reserved.
Copyright (c) 2002-2020 Lattice Semiconductor Corporation,  All rights reserved.
Writing the design to divOsc00_divOsc00.ngo...

Total CPU Time: 0 secs  
Total REAL Time: 0 secs  
Peak Memory Usage: 10 MB


ngdbuild  -a "MachXO2" -d LCMXO2-7000HE  -p "C:/lscc/diamond/3.12/ispfpga/xo2c00/data"  -p "C:/Users/braya/Downloads/Arquitectura de computadoras/06-projectDiamond-1erParc/12_13_divOsc00/divOsc00" -p "C:/Users/braya/Downloads/Arquitectura de computadoras/06-projectDiamond-1erParc/12_13_divOsc00"  "divOsc00_divOsc00.ngo" "divOsc00_divOsc00.ngd"  	
ngdbuild:  version Diamond (64-bit) 3.12.0.240.2

Copyright (c) 1991-1994 by NeoCAD Inc. All rights reserved.
Copyright (c) 1995 AT&T Corp.   All rights reserved.
Copyright (c) 1995-2001 Lucent Technologies Inc.  All rights reserved.
Copyright (c) 2001 Agere Systems   All rights reserved.
Copyright (c) 2002-2020 Lattice Semiconductor Corporation,  All rights reserved.
Reading 'divOsc00_divOsc00.ngo' ...
Loading NGL library 'C:/lscc/diamond/3.12/ispfpga/xo2c00a/data/xo2alib.ngl'...
Loading NGL library 'C:/lscc/diamond/3.12/ispfpga/xo2c00/data/xo2clib.ngl'...
Loading NGL library 'C:/lscc/diamond/3.12/ispfpga/mg5g00/data/mg5glib.ngl'...
Loading NGL library 'C:/lscc/diamond/3.12/ispfpga/or5g00/data/orc5glib.ngl'...


Running DRC...

    <postMsg mid="1166052" type="Warning" dynamic="2" navigation="1" arg0="logical" arg1="C00/OSCInst0_SEDSTDBY" arg2="C00/OSCInst0_SEDSTDBY"  />
    <postMsg mid="1163101" type="Warning" dynamic="1" navigation="0" arg0="1"  />

Design Results:
     92 blocks expanded
Complete the first expansion.
Writing 'divOsc00_divOsc00.ngd' ...
Total CPU Time: 0 secs 
Total REAL Time: 0 secs 
Peak Memory Usage: 17 MB


map -a "MachXO2" -p LCMXO2-7000HE -t TQFP144 -s 4 -oc Industrial   "divOsc00_divOsc00.ngd" -o "divOsc00_divOsc00_map.ncd" -pr "divOsc00_divOsc00.prf" -mp "divOsc00_divOsc00.mrp" -lpf "C:/Users/braya/Downloads/Arquitectura de computadoras/06-projectDiamond-1erParc/12_13_divOsc00/divOsc00/divOsc00_divOsc00_synplify.lpf" -lpf "C:/Users/braya/Downloads/Arquitectura de computadoras/06-projectDiamond-1erParc/12_13_divOsc00/divOsc00.lpf"  -c 0           
map:  version Diamond (64-bit) 3.12.0.240.2

Copyright (c) 1991-1994 by NeoCAD Inc. All rights reserved.
Copyright (c) 1995 AT&T Corp.   All rights reserved.
Copyright (c) 1995-2001 Lucent Technologies Inc.  All rights reserved.
Copyright (c) 2001 Agere Systems   All rights reserved.
Copyright (c) 2002-2020 Lattice Semiconductor Corporation,  All rights reserved.
   Process the file: divOsc00_divOsc00.ngd
   Picdevice="LCMXO2-7000HE"

   Pictype="TQFP144"

   Picspeed=4

   Remove unused logic

   Do not produce over sized NCDs.

Part used: LCMXO2-7000HETQFP144, Performance used: 4.

Loading device for application map from file 'xo2c7000.nph' in environment: C:/lscc/diamond/3.12/ispfpga.
Package Status:                     Final          Version 1.39.

Running general design DRC...

Removing unused logic...

Optimizing...




Design Summary:
   Number of registers:     23 out of  7209 (0%)
      PFU registers:           23 out of  6864 (0%)
      PIO registers:            0 out of   345 (0%)
   Number of SLICEs:        34 out of  3432 (1%)
      SLICEs as Logic/ROM:     34 out of  3432 (1%)
      SLICEs as RAM:            0 out of  2574 (0%)
      SLICEs as Carry:         12 out of  3432 (0%)
   Number of LUT4s:         68 out of  6864 (1%)
      Number used as logic LUTs:         44
      Number used as distributed RAM:     0
      Number used as ripple logic:       24
      Number used as shift registers:     0
   Number of PIO sites used: 6 + 4(JTAG) out of 115 (9%)
   Number of block RAMs:  0 out of 26 (0%)
   Number of GSRs:        0 out of 1 (0%)
   EFB used :        No
   JTAG used :       No
   Readback used :   No
   Oscillator used : Yes
   Startup used :    No
   POR :             On
   Bandgap :         On
   Number of Power Controller:  0 out of 1 (0%)
   Number of Dynamic Bank Controller (BCINRD):  0 out of 6 (0%)
   Number of Dynamic Bank Controller (BCLVDSO):  0 out of 1 (0%)
   Number of DCCA:  0 out of 8 (0%)
   Number of DCMA:  0 out of 2 (0%)
   Number of PLLs:  0 out of 2 (0%)
   Number of DQSDLLs:  0 out of 2 (0%)
   Number of CLKDIVC:  0 out of 4 (0%)
   Number of ECLKSYNCA:  0 out of 4 (0%)
   Number of ECLKBRIDGECS:  0 out of 2 (0%)
   Notes:-
      1. Total number of LUT4s = (Number of logic LUT4s) + 2*(Number of distributed RAMs) + 2*(Number of ripple logic)
      2. Number of logic LUT4s does not include count of distributed RAM and ripple logic.
   Number of clocks:  1
     Net clkaux: 13 loads, 13 rising, 0 falling (Driver: C00/OSCInst0 )
   Number of Clock Enables:  0
   Number of LSRs:  1
     Net C01/oscOut_0_sqmuxa_1_0_i_a3_RNIRP1HD: 12 loads, 12 LSLICEs
   Number of nets driven by tri-state buffers:  0
   Top 10 highest fanout non-clock nets:
     Net C01/oscOut_0_sqmuxa_1_0_i_a3_RNIRP1HD: 13 loads
     Net cdiv_c[0]: 9 loads
     Net cdiv_c[1]: 9 loads
     Net cdiv_c[2]: 9 loads
     Net C01/N_75: 6 loads
     Net C01/sdiv[15]: 6 loads
     Net C01/sdiv[21]: 6 loads
     Net C01/N_79: 5 loads
     Net C01/sdiv[13]: 5 loads
     Net C01/sdiv[18]: 5 loads
 

   Number of warnings:  0
   Number of errors:    0



Total CPU Time: 0 secs  
Total REAL Time: 0 secs  
Peak Memory Usage: 57 MB

Dumping design to file divOsc00_divOsc00_map.ncd.

mpartrce -p "divOsc00_divOsc00.p2t" -f "divOsc00_divOsc00.p3t" -tf "divOsc00_divOsc00.pt" "divOsc00_divOsc00_map.ncd" "divOsc00_divOsc00.ncd"

---- MParTrce Tool ----
Removing old design directory at request of -rem command line option to this program.
Running par. Please wait . . .

Lattice Place and Route Report for Design "divOsc00_divOsc00_map.ncd"
Wed Mar 16 09:04:44 2022

PAR: Place And Route Diamond (64-bit) 3.12.0.240.2.
Command Line: par -w -l 5 -i 6 -t 1 -c 0 -e 0 -gui -msgset "C:/Users/braya/Downloads/Arquitectura de computadoras/06-projectDiamond-1erParc/12_13_divOsc00/promote.xml" -exp parUseNBR=1:parCDP=0:parCDR=0:parPathBased=OFF:parASE=1 divOsc00_divOsc00_map.ncd divOsc00_divOsc00.dir/5_1.ncd divOsc00_divOsc00.prf
Preference file: divOsc00_divOsc00.prf.
Placement level-cost: 5-1.
Routing Iterations: 6

Loading design for application par from file divOsc00_divOsc00_map.ncd.
Design name: divOsc00
NCD version: 3.3
Vendor:      LATTICE
Device:      LCMXO2-7000HE
Package:     TQFP144
Performance: 4
Loading device for application par from file 'xo2c7000.nph' in environment: C:/lscc/diamond/3.12/ispfpga.
Package Status:                     Final          Version 1.39.
Performance Hardware Data Status:   Final          Version 34.4.
License checked out.


Ignore Preference Error(s):  True
Device utilization summary:

   PIO (prelim)    6+4(JTAG)/336     3% used
                   6+4(JTAG)/115     9% bonded

   SLICE             34/3432         <1% used

   OSC                1/1           100% used


Number of Signals: 106
Number of Connections: 237

Pin Constraint Summary:
   6 out of 6 pins locked (100% locked).

The following 1 signal is selected to use the primary clock routing resources:
    clkaux (driver: C00/OSCInst0, clk load #: 13)


The following 1 signal is selected to use the secondary clock routing resources:
    C01/oscOut_0_sqmuxa_1_0_i_a3_RNIRP1HD (driver: C01/SLICE_12, clk load #: 0, sr load #: 12, ce load #: 0)

No signal is selected as Global Set/Reset.
Starting Placer Phase 0.

Finished Placer Phase 0.  REAL time: 3 secs 

Starting Placer Phase 1.
.................
Placer score = 11363.
Finished Placer Phase 1.  REAL time: 6 secs 

Starting Placer Phase 2.
.
Placer score =  11306
Finished Placer Phase 2.  REAL time: 6 secs 


------------------ Clock Report ------------------

Global Clock Resources:
  CLK_PIN    : 0 out of 8 (0%)
  PLL        : 0 out of 2 (0%)
  DCM        : 0 out of 2 (0%)
  DCC        : 0 out of 8 (0%)

Global Clocks:
  PRIMARY "clkaux" from OSC on comp "C00/OSCInst0" on site "OSC", clk load = 13
  SECONDARY "C01/oscOut_0_sqmuxa_1_0_i_a3_RNIRP1HD" from F1 on comp "C01/SLICE_12" on site "R14C18A", clk load = 0, ce load = 0, sr load = 12

  PRIMARY  : 1 out of 8 (12%)
  SECONDARY: 1 out of 8 (12%)

Edge Clocks:
  No edge clock selected.

--------------- End of Clock Report ---------------


I/O Usage Summary (final):
   6 + 4(JTAG) out of 336 (3.0%) PIO sites used.
   6 + 4(JTAG) out of 115 (8.7%) bonded PIO sites used.
   Number of PIO comps: 6; differential: 0.
   Number of Vref pins used: 0.

I/O Bank Usage Summary:
+----------+---------------+------------+-----------+
| I/O Bank | Usage         | Bank Vccio | Bank Vref |
+----------+---------------+------------+-----------+
| 0        | 1 / 28 (  3%) | 2.5V       | -         |
| 1        | 1 / 29 (  3%) | 2.5V       | -         |
| 2        | 0 / 29 (  0%) | -          | -         |
| 3        | 0 / 9 (  0%)  | -          | -         |
| 4        | 4 / 10 ( 40%) | 2.5V       | -         |
| 5        | 0 / 10 (  0%) | -          | -         |
+----------+---------------+------------+-----------+

Total placer CPU time: 4 secs 

Dumping design to file divOsc00_divOsc00.dir/5_1.ncd.

0 connections routed; 237 unrouted.
Starting router resource preassignment

Completed router resource preassignment. Real time: 8 secs 

Start NBR router at 09:04:52 03/16/22

*****************************************************************
Info: NBR allows conflicts(one node used by more than one signal)
      in the earlier iterations. In each iteration, it tries to  
      solve the conflicts while keeping the critical connections 
      routed as short as possible. The routing process is said to
      be completed when no conflicts exist and all connections   
      are routed.                                                
Note: NBR uses a different method to calculate timing slacks. The
      worst slack and total negative slack may not be the same as
      that in TRCE report. You should always run TRCE to verify  
      your design.                                               
*****************************************************************

Start NBR special constraint process at 09:04:52 03/16/22

Start NBR section for initial routing at 09:04:52 03/16/22
Level 4, iteration 1
3(0.00%) conflicts; 0(0.00%) untouched conn; 0 (nbr) score; 
Estimated worst slack/total negative slack<setup>: 464.900ns/0.000ns; real time: 8 secs 

Info: Initial congestion level at 75% usage is 0
Info: Initial congestion area  at 75% usage is 0 (0.00%)

Start NBR section for normal routing at 09:04:52 03/16/22
Level 4, iteration 1
1(0.00%) conflict; 0(0.00%) untouched conn; 0 (nbr) score; 
Estimated worst slack/total negative slack<setup>: 464.386ns/0.000ns; real time: 8 secs 
Level 4, iteration 2
0(0.00%) conflict; 0(0.00%) untouched conn; 0 (nbr) score; 
Estimated worst slack/total negative slack<setup>: 464.386ns/0.000ns; real time: 8 secs 

Start NBR section for setup/hold timing optimization with effort level 3 at 09:04:52 03/16/22

Start NBR section for re-routing at 09:04:52 03/16/22
Level 4, iteration 1
0(0.00%) conflict; 0(0.00%) untouched conn; 0 (nbr) score; 
Estimated worst slack/total negative slack<setup>: 464.386ns/0.000ns; real time: 8 secs 

Start NBR section for post-routing at 09:04:52 03/16/22

End NBR router with 0 unrouted connection

NBR Summary
-----------
  Number of unrouted connections : 0 (0.00%)
  Number of connections with timing violations : 0 (0.00%)
  Estimated worst slack<setup> : 464.386ns
  Timing score<setup> : 0
-----------
Notes: The timing info is calculated for SETUP only and all PAR_ADJs are ignored.



Total CPU time 6 secs 
Total REAL time: 9 secs 
Completely routed.
End of route.  237 routed (100.00%); 0 unrouted.

Hold time timing score: 0, hold timing errors: 0

Timing score: 0 

Dumping design to file divOsc00_divOsc00.dir/5_1.ncd.


PAR_SUMMARY::Run status = Completed
PAR_SUMMARY::Number of unrouted conns = 0
PAR_SUMMARY::Worst  slack<setup/<ns>> = 464.386
PAR_SUMMARY::Timing score<setup/<ns>> = 0.000
PAR_SUMMARY::Worst  slack<hold /<ns>> = 0.372
PAR_SUMMARY::Timing score<hold /<ns>> = 0.000
PAR_SUMMARY::Number of errors = 0

Total CPU  time to completion: 6 secs 
Total REAL time to completion: 9 secs 

par done!

Note: user must run 'Trace' for timing closure signoff.

Copyright (c) 1991-1994 by NeoCAD Inc. All rights reserved.
Copyright (c) 1995 AT&T Corp.   All rights reserved.
Copyright (c) 1995-2001 Lucent Technologies Inc.  All rights reserved.
Copyright (c) 2001 Agere Systems   All rights reserved.
Copyright (c) 2002-2020 Lattice Semiconductor Corporation,  All rights reserved.
Exiting par with exit code 0
Exiting mpartrce with exit code 0

trce -f "divOsc00_divOsc00.pt" -o "divOsc00_divOsc00.twr" "divOsc00_divOsc00.ncd" "divOsc00_divOsc00.prf"
trce:  version Diamond (64-bit) 3.12.0.240.2

Copyright (c) 1991-1994 by NeoCAD Inc. All rights reserved.
Copyright (c) 1995 AT&T Corp.   All rights reserved.
Copyright (c) 1995-2001 Lucent Technologies Inc.  All rights reserved.
Copyright (c) 2001 Agere Systems   All rights reserved.
Copyright (c) 2002-2020 Lattice Semiconductor Corporation,  All rights reserved.

Loading design for application trce from file divosc00_divosc00.ncd.
Design name: divOsc00
NCD version: 3.3
Vendor:      LATTICE
Device:      LCMXO2-7000HE
Package:     TQFP144
Performance: 4
Loading device for application trce from file 'xo2c7000.nph' in environment: C:/lscc/diamond/3.12/ispfpga.
Package Status:                     Final          Version 1.39.
Performance Hardware Data Status:   Final          Version 34.4.
Setup and Hold Report

--------------------------------------------------------------------------------
Lattice TRACE Report - Setup, Version Diamond (64-bit) 3.12.0.240.2
Wed Mar 16 09:04:54 2022

Copyright (c) 1991-1994 by NeoCAD Inc. All rights reserved.
Copyright (c) 1995 AT&T Corp.   All rights reserved.
Copyright (c) 1995-2001 Lucent Technologies Inc.  All rights reserved.
Copyright (c) 2001 Agere Systems   All rights reserved.
Copyright (c) 2002-2020 Lattice Semiconductor Corporation,  All rights reserved.

Report Information
------------------
Command line:    trce -v 10 -gt -sethld -sp 4 -sphld m -o divOsc00_divOsc00.twr -gui -msgset C:/Users/braya/Downloads/Arquitectura de computadoras/06-projectDiamond-1erParc/12_13_divOsc00/promote.xml divOsc00_divOsc00.ncd divOsc00_divOsc00.prf 
Design file:     divosc00_divosc00.ncd
Preference file: divosc00_divosc00.prf
Device,speed:    LCMXO2-7000HE,4
Report level:    verbose report, limited to 10 items per preference
--------------------------------------------------------------------------------

BLOCK ASYNCPATHS
BLOCK RESETPATHS
--------------------------------------------------------------------------------



Timing summary (Setup):
---------------

Timing errors: 0  Score: 0
Cumulative negative slack: 0

Constraints cover 6875 paths, 1 nets, and 182 connections (76.79% coverage)

--------------------------------------------------------------------------------
Lattice TRACE Report - Hold, Version Diamond (64-bit) 3.12.0.240.2
Wed Mar 16 09:04:54 2022

Copyright (c) 1991-1994 by NeoCAD Inc. All rights reserved.
Copyright (c) 1995 AT&T Corp.   All rights reserved.
Copyright (c) 1995-2001 Lucent Technologies Inc.  All rights reserved.
Copyright (c) 2001 Agere Systems   All rights reserved.
Copyright (c) 2002-2020 Lattice Semiconductor Corporation,  All rights reserved.

Report Information
------------------
Command line:    trce -v 10 -gt -sethld -sp 4 -sphld m -o divOsc00_divOsc00.twr -gui -msgset C:/Users/braya/Downloads/Arquitectura de computadoras/06-projectDiamond-1erParc/12_13_divOsc00/promote.xml divOsc00_divOsc00.ncd divOsc00_divOsc00.prf 
Design file:     divosc00_divosc00.ncd
Preference file: divosc00_divosc00.prf
Device,speed:    LCMXO2-7000HE,m
Report level:    verbose report, limited to 10 items per preference
--------------------------------------------------------------------------------

BLOCK ASYNCPATHS
BLOCK RESETPATHS
--------------------------------------------------------------------------------



Timing summary (Hold):
---------------

Timing errors: 0  Score: 0
Cumulative negative slack: 0

Constraints cover 6875 paths, 1 nets, and 182 connections (76.79% coverage)



Timing summary (Setup and Hold):
---------------

Timing errors: 0 (setup), 0 (hold)
Score: 0 (setup), 0 (hold)
Cumulative negative slack: 0 (0+0)
--------------------------------------------------------------------------------

--------------------------------------------------------------------------------

Total CPU Time: 0 secs 
Total REAL Time: 0 secs 
Peak Memory Usage: 66 MB


tmcheck -par "divOsc00_divOsc00.par" 

bitgen -f "divOsc00_divOsc00.t2b" -w "divOsc00_divOsc00.ncd"  -jedec "divOsc00_divOsc00.prf"


BITGEN: Bitstream Generator Diamond (64-bit) 3.12.0.240.2
Copyright (c) 1991-1994 by NeoCAD Inc. All rights reserved.
Copyright (c) 1995 AT&T Corp.   All rights reserved.
Copyright (c) 1995-2001 Lucent Technologies Inc.  All rights reserved.
Copyright (c) 2001 Agere Systems   All rights reserved.
Copyright (c) 2002-2020 Lattice Semiconductor Corporation,  All rights reserved.


Loading design for application Bitgen from file divOsc00_divOsc00.ncd.
Design name: divOsc00
NCD version: 3.3
Vendor:      LATTICE
Device:      LCMXO2-7000HE
Package:     TQFP144
Performance: 4
Loading device for application Bitgen from file 'xo2c7000.nph' in environment: C:/lscc/diamond/3.12/ispfpga.
Package Status:                     Final          Version 1.39.
Performance Hardware Data Status:   Final          Version 34.4.

Running DRC.
DRC detected 0 errors and 0 warnings.
Reading Preference File from divOsc00_divOsc00.prf.

Preference Summary:
+---------------------------------+---------------------------------+
|  Preference                     |  Current Setting                |
+---------------------------------+---------------------------------+
|                         RamCfg  |                        Reset**  |
+---------------------------------+---------------------------------+
|                     MCCLK_FREQ  |                         2.08**  |
+---------------------------------+---------------------------------+
|                  CONFIG_SECURE  |                          OFF**  |
+---------------------------------+---------------------------------+
|                          INBUF  |                           ON**  |
+---------------------------------+---------------------------------+
|                      JTAG_PORT  |                       ENABLE**  |
+---------------------------------+---------------------------------+
|                       SDM_PORT  |                      DISABLE**  |
+---------------------------------+---------------------------------+
|                 SLAVE_SPI_PORT  |                      DISABLE**  |
+---------------------------------+---------------------------------+
|                MASTER_SPI_PORT  |                      DISABLE**  |
+---------------------------------+---------------------------------+
|                       I2C_PORT  |                      DISABLE**  |
+---------------------------------+---------------------------------+
|        MUX_CONFIGURATION_PORTS  |                      DISABLE**  |
+---------------------------------+---------------------------------+
|                  CONFIGURATION  |                          CFG**  |
+---------------------------------+---------------------------------+
|                COMPRESS_CONFIG  |                           ON**  |
+---------------------------------+---------------------------------+
|                        MY_ASSP  |                          OFF**  |
+---------------------------------+---------------------------------+
|               ONE_TIME_PROGRAM  |                          OFF**  |
+---------------------------------+---------------------------------+
|                 ENABLE_TRANSFR  |                      DISABLE**  |
+---------------------------------+---------------------------------+
|                  SHAREDEBRINIT  |                      DISABLE**  |
+---------------------------------+---------------------------------+
|            BACKGROUND_RECONFIG  |                          OFF**  |
+---------------------------------+---------------------------------+
 *  Default setting.
 ** The specified setting matches the default setting.


Creating bit map...
 
Bitstream Status: Final           Version 1.95.
 
Saving bit stream in "divOsc00_divOsc00.jed".
 
===========
UFM Summary.
===========
UFM Size:        2046 Pages (128*2046 Bits).
UFM Utilization: General Purpose Flash Memory.
 
Available General Purpose Flash Memory: 2046 Pages (Page 0 to Page 2045).
Initialized UFM Pages:                     0 Page.
 
Total CPU Time: 3 secs 
Total REAL Time: 4 secs 
Peak Memory Usage: 289 MB
