Resource Usage Report
Part: lcmxo2_7000he-5

Register bits: 148 of 6864 (2%)
Latch bits:      8
PIC Latch:       0
I/O cells:       38

Details:
CCU2D:          12
FD1P3AX:        43
FD1P3DX:        8
FD1P3IX:        32
FD1S1D:         8
FD1S3AX:        7
FD1S3AY:        1
FD1S3BX:        8
FD1S3DX:        9
FD1S3IX:        28
GSR:            1
IB:             14
OB:             24
OFS1P3DX:       1
OFS1P3IX:       11
ORCALUT4:       169
OSCH:           1
PUR:            1
VHI:            9
VLO:            10
