Running in Lattice mode

Starting:    C:\lscc\diamond\3.12\synpbase\bin64\mbin\synbatch.exe
Install:     C:\lscc\diamond\3.12\synpbase
Hostname:    DESKTOP-4OJJTR2
Date:        Sun Mar 20 12:49:36 2022
Version:     Q-2020.03L-SP1

Arguments:   -product synplify_pro -batch barrelrRL00_barrelrRL0_synplify.tcl
ProductType: synplify_pro




log file: "C:\Users\braya\Downloads\06-proyectDiamond-1erParc\22-barrelrRL00\barrelrRL0\barrelrRL00_barrelrRL0.srr"
Running: hdl_info_gen in foreground

Generating HDL info...

hdl_info_gen completed
# Sun Mar 20 12:49:37 2022

Return Code: 0
Run Time:00h:00m:01s
log file: "C:\Users\braya\Downloads\06-proyectDiamond-1erParc\22-barrelrRL00\barrelrRL0\barrelrRL00_barrelrRL0.srr"
Running: barrelrRL0 in foreground

Running proj_1|barrelrRL0

Running Flow: compile (Compile) on proj_1|barrelrRL0
# Sun Mar 20 12:49:37 2022

Running Flow: compile_flow (Compile Process) on proj_1|barrelrRL0
# Sun Mar 20 12:49:37 2022

Running: compiler (Compile Input) on proj_1|barrelrRL0
# Sun Mar 20 12:49:37 2022
Copied C:\Users\braya\Downloads\06-proyectDiamond-1erParc\22-barrelrRL00\barrelrRL0\synwork\barrelrRL00_barrelrRL0_comp.srs to C:\Users\braya\Downloads\06-proyectDiamond-1erParc\22-barrelrRL00\barrelrRL0\barrelrRL00_barrelrRL0.srs

compiler completed
# Sun Mar 20 12:49:41 2022

Return Code: 0
Run Time:00h:00m:04s

Running: multi_srs_gen (Multi-srs Generator) on proj_1|barrelrRL0
# Sun Mar 20 12:49:41 2022

multi_srs_gen completed
# Sun Mar 20 12:49:41 2022

Return Code: 0
Run Time:00h:00m:00s
Copied C:\Users\braya\Downloads\06-proyectDiamond-1erParc\22-barrelrRL00\barrelrRL0\synwork\barrelrRL00_barrelrRL0_mult.srs to C:\Users\braya\Downloads\06-proyectDiamond-1erParc\22-barrelrRL00\barrelrRL0\barrelrRL00_barrelrRL0.srs
Copied C:\Users\braya\Downloads\06-proyectDiamond-1erParc\22-barrelrRL00\barrelrRL0\barrelrRL00_barrelrRL0.srr to C:\Users\braya\Downloads\06-proyectDiamond-1erParc\22-barrelrRL00\barrelrRL0\barrelrRL00_barrelrRL0.srf
Complete: Compile Process on proj_1|barrelrRL0

Running: premap (Premap) on proj_1|barrelrRL0
# Sun Mar 20 12:49:41 2022

premap completed with warnings
# Sun Mar 20 12:49:44 2022

Return Code: 1
Run Time:00h:00m:03s
Complete: Compile on proj_1|barrelrRL0

Running Flow: map (Map) on proj_1|barrelrRL0
# Sun Mar 20 12:49:44 2022

Running: fpga_mapper (Map & Optimize) on proj_1|barrelrRL0
# Sun Mar 20 12:49:44 2022
Copied C:\Users\braya\Downloads\06-proyectDiamond-1erParc\22-barrelrRL00\barrelrRL0\synwork\barrelrRL00_barrelrRL0_m.srm to C:\Users\braya\Downloads\06-proyectDiamond-1erParc\22-barrelrRL00\barrelrRL0\barrelrRL00_barrelrRL0.srm

fpga_mapper completed with warnings
# Sun Mar 20 12:49:48 2022

Return Code: 1
Run Time:00h:00m:04s
Complete: Map on proj_1|barrelrRL0
Copied C:\Users\braya\Downloads\06-proyectDiamond-1erParc\22-barrelrRL00\barrelrRL0\barrelrRL00_barrelrRL0.srr to C:\Users\braya\Downloads\06-proyectDiamond-1erParc\22-barrelrRL00\barrelrRL0\barrelrRL00_barrelrRL0.srf
Complete: Logic Synthesis on proj_1|barrelrRL0
TCL script complete: "barrelrRL00_barrelrRL0_synplify.tcl"
exit status=0
exit status=0
Save changes for project:
C:\Users\braya\Downloads\06-proyectDiamond-1erParc\22-barrelrRL00\barrelrRL0\proj_1.prj
batch mode default:no
