Running in Lattice mode

Starting:    C:\lscc\diamond\3.12\synpbase\bin64\mbin\synbatch.exe
Install:     C:\lscc\diamond\3.12\synpbase
Hostname:    DESKTOP-4OJJTR2
Date:        Thu Mar  3 09:37:23 2022
Version:     Q-2020.03L-SP1

Arguments:   -product synplify_pro -batch oscint00_oscint0_synplify.tcl
ProductType: synplify_pro




log file: "C:\Users\braya\Downloads\Arquitectura de computadoras\06-projectDiamond-1erParc\07-oscint00\oscint0\oscint00_oscint0.srr"
Running: hdl_info_gen in foreground

Generating HDL info...

hdl_info_gen completed
# Thu Mar  3 09:37:25 2022

Return Code: 0
Run Time:00h:00m:01s
log file: "C:\Users\braya\Downloads\Arquitectura de computadoras\06-projectDiamond-1erParc\07-oscint00\oscint0\oscint00_oscint0.srr"
Running: oscint0 in foreground

Running proj_1|oscint0

Running Flow: compile (Compile) on proj_1|oscint0
# Thu Mar  3 09:37:25 2022

Running Flow: compile_flow (Compile Process) on proj_1|oscint0
# Thu Mar  3 09:37:25 2022

Running: compiler (Compile Input) on proj_1|oscint0
# Thu Mar  3 09:37:25 2022
Copied C:\Users\braya\Downloads\Arquitectura de computadoras\06-projectDiamond-1erParc\07-oscint00\oscint0\synwork\oscint00_oscint0_comp.srs to C:\Users\braya\Downloads\Arquitectura de computadoras\06-projectDiamond-1erParc\07-oscint00\oscint0\oscint00_oscint0.srs

compiler completed
# Thu Mar  3 09:37:30 2022

Return Code: 0
Run Time:00h:00m:05s

Running: multi_srs_gen (Multi-srs Generator) on proj_1|oscint0
# Thu Mar  3 09:37:30 2022

multi_srs_gen completed
# Thu Mar  3 09:37:30 2022

Return Code: 0
Run Time:00h:00m:00s
Copied C:\Users\braya\Downloads\Arquitectura de computadoras\06-projectDiamond-1erParc\07-oscint00\oscint0\synwork\oscint00_oscint0_mult.srs to C:\Users\braya\Downloads\Arquitectura de computadoras\06-projectDiamond-1erParc\07-oscint00\oscint0\oscint00_oscint0.srs
Copied C:\Users\braya\Downloads\Arquitectura de computadoras\06-projectDiamond-1erParc\07-oscint00\oscint0\oscint00_oscint0.srr to C:\Users\braya\Downloads\Arquitectura de computadoras\06-projectDiamond-1erParc\07-oscint00\oscint0\oscint00_oscint0.srf
Complete: Compile Process on proj_1|oscint0

Running: premap (Premap) on proj_1|oscint0
# Thu Mar  3 09:37:30 2022

premap completed
# Thu Mar  3 09:37:34 2022

Return Code: 0
Run Time:00h:00m:04s
Complete: Compile on proj_1|oscint0

Running Flow: map (Map) on proj_1|oscint0
# Thu Mar  3 09:37:34 2022

Running: fpga_mapper (Map & Optimize) on proj_1|oscint0
# Thu Mar  3 09:37:34 2022
Copied C:\Users\braya\Downloads\Arquitectura de computadoras\06-projectDiamond-1erParc\07-oscint00\oscint0\synwork\oscint00_oscint0_m.srm to C:\Users\braya\Downloads\Arquitectura de computadoras\06-projectDiamond-1erParc\07-oscint00\oscint0\oscint00_oscint0.srm

fpga_mapper completed
# Thu Mar  3 09:37:38 2022

Return Code: 0
Run Time:00h:00m:04s
Complete: Map on proj_1|oscint0
Copied C:\Users\braya\Downloads\Arquitectura de computadoras\06-projectDiamond-1erParc\07-oscint00\oscint0\oscint00_oscint0.srr to C:\Users\braya\Downloads\Arquitectura de computadoras\06-projectDiamond-1erParc\07-oscint00\oscint0\oscint00_oscint0.srf
Complete: Logic Synthesis on proj_1|oscint0
TCL script complete: "oscint00_oscint0_synplify.tcl"
exit status=0
exit status=0
Save changes for project:
C:\Users\braya\Downloads\Arquitectura de computadoras\06-projectDiamond-1erParc\07-oscint00\oscint0\proj_1.prj
batch mode default:no
