
Copyright (C) 1994-2020 Synopsys, Inc.
This Synopsys software and all associated documentation are proprietary to Synopsys, Inc.
and may only be used pursuant to the terms and conditions of a written license agreement
with Synopsys, Inc. All other use, reproduction, modification, or distribution of the
Synopsys software or the associated documentation is strictly prohibited.
Tool: Synplify Pro (R)
Build: Q-2020.03L-SP1
Install: C:\lscc\diamond\3.12\synpbase
OS: Windows 6.2

Hostname: DESKTOP-4OJJTR2

Implementation : fsmoore0
Synopsys HDL compiler and linker, Version comp202003synp2, Build 182R, Built Oct 29 2020 10:49:53, @

Modified Files: 2
FID:  path (prevtimestamp, timestamp)
20       C:\Users\braya\Downloads\Arquitectura de computadoras\09-Project3erParcial\fsmoore00\contRead00.vhdl (2022-06-01 09:11:38, 2022-06-01 22:39:37)
21       C:\Users\braya\Downloads\Arquitectura de computadoras\09-Project3erParcial\fsmoore00\fsm00.vhdl (2022-06-01 21:59:38, 2022-06-01 22:39:37)

*******************************************************************
Modules that may have changed as a result of file changes: 2
MID:  lib.cell.view
0        work.contread00.contread0 may have changed because the following files changed:
                        C:\Users\braya\Downloads\Arquitectura de computadoras\09-Project3erParcial\fsmoore00\contRead00.vhdl (2022-06-01 09:11:38, 2022-06-01 22:39:37) <-- (architecture and entity definition)
4        work.fsm00.fsm0 may have changed because the following files changed:
                        C:\Users\braya\Downloads\Arquitectura de computadoras\09-Project3erParcial\fsmoore00\fsm00.vhdl (2022-06-01 21:59:38, 2022-06-01 22:39:37) <-- (architecture and entity definition)

*******************************************************************
Unmodified files: 18
FID:  path (timestamp)
22       C:\Users\braya\Downloads\Arquitectura de computadoras\09-Project3erParcial\fsmoore00\fsmoore00.vhdl (2022-06-01 09:07:08)
23       C:\Users\braya\Downloads\Arquitectura de computadoras\09-Project3erParcial\fsmoore00\fsmoore0\source\div00.vhdl (2022-03-10 15:11:00)
24       C:\Users\braya\Downloads\Arquitectura de computadoras\09-Project3erParcial\fsmoore00\fsmoore0\source\osc00.vhdl (2022-03-10 15:11:00)
25       C:\Users\braya\Downloads\Arquitectura de computadoras\09-Project3erParcial\fsmoore00\fsmoore0\source\oscint00.vhdl (2022-03-10 15:11:00)
26       C:\Users\braya\Downloads\Arquitectura de computadoras\09-Project3erParcial\fsmoore00\fsmoore0\source\packageosc00.vhdl (2022-03-10 15:11:00)
27       C:\Users\braya\Downloads\Arquitectura de computadoras\09-Project3erParcial\fsmoore00\memrom00.vhdl (2022-06-01 21:52:15)
28       C:\Users\braya\Downloads\Arquitectura de computadoras\09-Project3erParcial\fsmoore00\packagefsm00.vhdl (2022-06-01 09:11:38)
0        C:\lscc\diamond\3.12\cae_library\synthesis\vhdl\machxo2.vhd (2018-11-15 00:32:12)
1        C:\lscc\diamond\3.12\synpbase\lib\cpld\lattice.vhd (2020-10-29 10:20:44)
2        C:\lscc\diamond\3.12\synpbase\lib\vhd\arith.vhd (2020-10-29 10:23:10)
3        C:\lscc\diamond\3.12\synpbase\lib\vhd\hyperents.vhd (2020-10-29 10:23:10)
4        C:\lscc\diamond\3.12\synpbase\lib\vhd\location.map (2020-11-02 17:26:20)
5        C:\lscc\diamond\3.12\synpbase\lib\vhd\numeric.vhd (2020-10-29 10:23:10)
6        C:\lscc\diamond\3.12\synpbase\lib\vhd\snps_haps_pkg.vhd (2020-10-29 10:23:10)
7        C:\lscc\diamond\3.12\synpbase\lib\vhd\std.vhd (2020-10-29 10:23:10)
8        C:\lscc\diamond\3.12\synpbase\lib\vhd\std1164.vhd (2020-10-29 10:23:10)
9        C:\lscc\diamond\3.12\synpbase\lib\vhd\umr_capim.vhd (2020-10-29 10:23:10)
10       C:\lscc\diamond\3.12\synpbase\lib\vhd\unsigned.vhd (2020-10-29 10:23:10)

*******************************************************************
Unchanged modules: 10
MID:  lib.cell.view
2        work.div00.div0
3        work.div00.vhdl
6        work.fsmoore00.fsmoore0
7        work.fsmoore00.vhdl
8        work.memrom00.memrom0
9        work.memrom00.vhdl
10       work.osc00.osc0
11       work.osc00.vhdl
12       work.oscint00.oscint0
13       work.oscint00.vhdl
