
Copyright (C) 1994-2020 Synopsys, Inc.
This Synopsys software and all associated documentation are proprietary to Synopsys, Inc.
and may only be used pursuant to the terms and conditions of a written license agreement
with Synopsys, Inc. All other use, reproduction, modification, or distribution of the
Synopsys software or the associated documentation is strictly prohibited.
Tool: Synplify Pro (R)
Build: Q-2020.03L-SP1
Install: C:\lscc\diamond\3.12\synpbase
OS: Windows 6.2

Hostname: DESKTOP-4OJJTR2

Implementation : mult4bit0
Synopsys HDL compiler and linker, Version comp202003synp2, Build 182R, Built Oct 29 2020 10:49:53, @

Modified Files: 20
FID:  path (prevtimestamp, timestamp)
0        C:\Users\braya\Downloads\Arquitectura de computadoras\06-projectDiamond-1erParc\05-mult4bit00\mult4bit00.vhdl (N/A, 2022-03-02 09:42:07)
1        C:\Users\braya\Downloads\Arquitectura de computadoras\06-projectDiamond-1erParc\05-mult4bit00\mult4bit0\source\and00.vhdl (N/A, 2022-02-17 08:59:19)
2        C:\Users\braya\Downloads\Arquitectura de computadoras\06-projectDiamond-1erParc\05-mult4bit00\mult4bit0\source\fa00.vhdl (N/A, 2022-02-21 09:47:04)
3        C:\Users\braya\Downloads\Arquitectura de computadoras\06-projectDiamond-1erParc\05-mult4bit00\mult4bit0\source\ha00.vhdl (N/A, 2022-02-17 09:13:53)
4        C:\Users\braya\Downloads\Arquitectura de computadoras\06-projectDiamond-1erParc\05-mult4bit00\mult4bit0\source\or00.vhdl (N/A, 2022-02-17 09:38:58)
5        C:\Users\braya\Downloads\Arquitectura de computadoras\06-projectDiamond-1erParc\05-mult4bit00\mult4bit0\source\packagefa00.vhdl (N/A, 2022-02-17 09:49:44)
6        C:\Users\braya\Downloads\Arquitectura de computadoras\06-projectDiamond-1erParc\05-mult4bit00\mult4bit0\source\packageha00.vhdl (N/A, 2022-02-17 09:04:05)
7        C:\Users\braya\Downloads\Arquitectura de computadoras\06-projectDiamond-1erParc\05-mult4bit00\mult4bit0\source\xor00.vhdl (N/A, 2022-02-17 08:54:26)
8        C:\Users\braya\Downloads\Arquitectura de computadoras\06-projectDiamond-1erParc\05-mult4bit00\packagemult4bit00.vhdl (N/A, 2022-02-28 09:24:00)
9        C:\lscc\diamond\3.12\cae_library\synthesis\vhdl\machxo2.vhd (N/A, 2018-11-15 00:32:12)
10       C:\lscc\diamond\3.12\synpbase\lib\cpld\lattice.vhd (N/A, 2020-10-29 10:20:44)
11       C:\lscc\diamond\3.12\synpbase\lib\vhd\arith.vhd (N/A, 2020-10-29 10:23:10)
12       C:\lscc\diamond\3.12\synpbase\lib\vhd\hyperents.vhd (N/A, 2020-10-29 10:23:10)
13       C:\lscc\diamond\3.12\synpbase\lib\vhd\location.map (N/A, 2020-11-02 17:26:20)
14       C:\lscc\diamond\3.12\synpbase\lib\vhd\numeric.vhd (N/A, 2020-10-29 10:23:10)
15       C:\lscc\diamond\3.12\synpbase\lib\vhd\snps_haps_pkg.vhd (N/A, 2020-10-29 10:23:10)
16       C:\lscc\diamond\3.12\synpbase\lib\vhd\std.vhd (N/A, 2020-10-29 10:23:10)
17       C:\lscc\diamond\3.12\synpbase\lib\vhd\std1164.vhd (N/A, 2020-10-29 10:23:10)
18       C:\lscc\diamond\3.12\synpbase\lib\vhd\umr_capim.vhd (N/A, 2020-10-29 10:23:10)
19       C:\lscc\diamond\3.12\synpbase\lib\vhd\unsigned.vhd (N/A, 2020-10-29 10:23:10)

*******************************************************************
Modules that may have changed as a result of file changes: 6
MID:  lib.cell.view
0        work.and00.and0 may have changed because the following files changed:
                        C:\Users\braya\Downloads\Arquitectura de computadoras\06-projectDiamond-1erParc\05-mult4bit00\mult4bit00.vhdl (N/A, 2022-03-02 09:42:07) <-- (may instantiate this module)
                        C:\Users\braya\Downloads\Arquitectura de computadoras\06-projectDiamond-1erParc\05-mult4bit00\mult4bit0\source\and00.vhdl (N/A, 2022-02-17 08:59:19) <-- (architecture and entity definition)
                        C:\Users\braya\Downloads\Arquitectura de computadoras\06-projectDiamond-1erParc\05-mult4bit00\mult4bit0\source\fa00.vhdl (N/A, 2022-02-21 09:47:04) <-- (may instantiate this module)
                        C:\Users\braya\Downloads\Arquitectura de computadoras\06-projectDiamond-1erParc\05-mult4bit00\mult4bit0\source\ha00.vhdl (N/A, 2022-02-17 09:13:53) <-- (may instantiate this module)
2        work.fa00.fa0 may have changed because the following files changed:
                        C:\Users\braya\Downloads\Arquitectura de computadoras\06-projectDiamond-1erParc\05-mult4bit00\mult4bit00.vhdl (N/A, 2022-03-02 09:42:07) <-- (may instantiate this module)
                        C:\Users\braya\Downloads\Arquitectura de computadoras\06-projectDiamond-1erParc\05-mult4bit00\mult4bit0\source\fa00.vhdl (N/A, 2022-02-21 09:47:04) <-- (architecture and entity definition)
4        work.ha00.ha0 may have changed because the following files changed:
                        C:\Users\braya\Downloads\Arquitectura de computadoras\06-projectDiamond-1erParc\05-mult4bit00\mult4bit00.vhdl (N/A, 2022-03-02 09:42:07) <-- (may instantiate this module)
                        C:\Users\braya\Downloads\Arquitectura de computadoras\06-projectDiamond-1erParc\05-mult4bit00\mult4bit0\source\fa00.vhdl (N/A, 2022-02-21 09:47:04) <-- (may instantiate this module)
                        C:\Users\braya\Downloads\Arquitectura de computadoras\06-projectDiamond-1erParc\05-mult4bit00\mult4bit0\source\ha00.vhdl (N/A, 2022-02-17 09:13:53) <-- (architecture and entity definition)
6        work.mult4bit00.mult4bit0 may have changed because the following files changed:
                        C:\Users\braya\Downloads\Arquitectura de computadoras\06-projectDiamond-1erParc\05-mult4bit00\mult4bit00.vhdl (N/A, 2022-03-02 09:42:07) <-- (architecture and entity definition)
8        work.or00.or0 may have changed because the following files changed:
                        C:\Users\braya\Downloads\Arquitectura de computadoras\06-projectDiamond-1erParc\05-mult4bit00\mult4bit00.vhdl (N/A, 2022-03-02 09:42:07) <-- (may instantiate this module)
                        C:\Users\braya\Downloads\Arquitectura de computadoras\06-projectDiamond-1erParc\05-mult4bit00\mult4bit0\source\fa00.vhdl (N/A, 2022-02-21 09:47:04) <-- (may instantiate this module)
                        C:\Users\braya\Downloads\Arquitectura de computadoras\06-projectDiamond-1erParc\05-mult4bit00\mult4bit0\source\or00.vhdl (N/A, 2022-02-17 09:38:58) <-- (architecture and entity definition)
11       work.xor00.xor0 may have changed because the following files changed:
                        C:\Users\braya\Downloads\Arquitectura de computadoras\06-projectDiamond-1erParc\05-mult4bit00\mult4bit00.vhdl (N/A, 2022-03-02 09:42:07) <-- (may instantiate this module)
                        C:\Users\braya\Downloads\Arquitectura de computadoras\06-projectDiamond-1erParc\05-mult4bit00\mult4bit0\source\fa00.vhdl (N/A, 2022-02-21 09:47:04) <-- (may instantiate this module)
                        C:\Users\braya\Downloads\Arquitectura de computadoras\06-projectDiamond-1erParc\05-mult4bit00\mult4bit0\source\ha00.vhdl (N/A, 2022-02-17 09:13:53) <-- (may instantiate this module)
                        C:\Users\braya\Downloads\Arquitectura de computadoras\06-projectDiamond-1erParc\05-mult4bit00\mult4bit0\source\xor00.vhdl (N/A, 2022-02-17 08:54:26) <-- (architecture and entity definition)

*******************************************************************
Unmodified files: 0
FID:  path (timestamp)

*******************************************************************
Unchanged modules: 0
MID:  lib.cell.view
