
Copyright (C) 1994-2020 Synopsys, Inc.
This Synopsys software and all associated documentation are proprietary to Synopsys, Inc.
and may only be used pursuant to the terms and conditions of a written license agreement
with Synopsys, Inc. All other use, reproduction, modification, or distribution of the
Synopsys software or the associated documentation is strictly prohibited.
Tool: Synplify Pro (R)
Build: Q-2020.03L-SP1
Install: C:\lscc\diamond\3.12\synpbase
OS: Windows 6.2

Hostname: LENEMTC330

Implementation : osc0
Synopsys HDL compiler and linker, Version comp202003synp2, Build 182R, Built Oct 29 2020 10:49:53, @

Modified Files: 4
FID:  path (prevtimestamp, timestamp)
0        C:\Users\Emanuel\Documents\ESCOM\7 SEPTIMO SEMESTRE\Arquitectura de computadoras\1erP\06-proyectDiamond-1erParc\08osc00\div00.vhdl (2022-03-09 09:25:37, 2022-03-10 09:17:33)
1        C:\Users\Emanuel\Documents\ESCOM\7 SEPTIMO SEMESTRE\Arquitectura de computadoras\1erP\06-proyectDiamond-1erParc\08osc00\osc00.vhdl (2022-03-09 09:39:31, 2022-03-10 09:18:25)
2        C:\Users\Emanuel\Documents\ESCOM\7 SEPTIMO SEMESTRE\Arquitectura de computadoras\1erP\06-proyectDiamond-1erParc\08osc00\oscint00.vhdl (2022-03-09 08:59:23, 2022-03-10 09:16:30)
3        C:\Users\Emanuel\Documents\ESCOM\7 SEPTIMO SEMESTRE\Arquitectura de computadoras\1erP\06-proyectDiamond-1erParc\08osc00\packageosc00.vhdl (2022-03-09 09:32:01, 2022-03-10 09:17:58)

*******************************************************************
Modules that may have changed as a result of file changes: 3
MID:  lib.cell.view
0        work.div00.div0 may have changed because the following files changed:
                        C:\Users\Emanuel\Documents\ESCOM\7 SEPTIMO SEMESTRE\Arquitectura de computadoras\1erP\06-proyectDiamond-1erParc\08osc00\div00.vhdl (2022-03-09 09:25:37, 2022-03-10 09:17:33) <-- (architecture and entity definition)
                        C:\Users\Emanuel\Documents\ESCOM\7 SEPTIMO SEMESTRE\Arquitectura de computadoras\1erP\06-proyectDiamond-1erParc\08osc00\osc00.vhdl (2022-03-09 09:39:31, 2022-03-10 09:18:25) <-- (may instantiate this module)
2        work.osc00.osc0 may have changed because the following files changed:
                        C:\Users\Emanuel\Documents\ESCOM\7 SEPTIMO SEMESTRE\Arquitectura de computadoras\1erP\06-proyectDiamond-1erParc\08osc00\osc00.vhdl (2022-03-09 09:39:31, 2022-03-10 09:18:25) <-- (architecture and entity definition)
4        work.oscint00.oscint0 may have changed because the following files changed:
                        C:\Users\Emanuel\Documents\ESCOM\7 SEPTIMO SEMESTRE\Arquitectura de computadoras\1erP\06-proyectDiamond-1erParc\08osc00\osc00.vhdl (2022-03-09 09:39:31, 2022-03-10 09:18:25) <-- (may instantiate this module)
                        C:\Users\Emanuel\Documents\ESCOM\7 SEPTIMO SEMESTRE\Arquitectura de computadoras\1erP\06-proyectDiamond-1erParc\08osc00\oscint00.vhdl (2022-03-09 08:59:23, 2022-03-10 09:16:30) <-- (architecture and entity definition)

*******************************************************************
Unmodified files: 11
FID:  path (timestamp)
4        C:\lscc\diamond\3.12\cae_library\synthesis\vhdl\machxo2.vhd (2018-11-15 00:32:12)
5        C:\lscc\diamond\3.12\synpbase\lib\cpld\lattice.vhd (2020-10-29 10:20:44)
6        C:\lscc\diamond\3.12\synpbase\lib\vhd\arith.vhd (2020-10-29 10:23:10)
7        C:\lscc\diamond\3.12\synpbase\lib\vhd\hyperents.vhd (2020-10-29 10:23:10)
8        C:\lscc\diamond\3.12\synpbase\lib\vhd\location.map (2020-11-02 17:26:20)
9        C:\lscc\diamond\3.12\synpbase\lib\vhd\numeric.vhd (2020-10-29 10:23:10)
10       C:\lscc\diamond\3.12\synpbase\lib\vhd\snps_haps_pkg.vhd (2020-10-29 10:23:10)
11       C:\lscc\diamond\3.12\synpbase\lib\vhd\std.vhd (2020-10-29 10:23:10)
12       C:\lscc\diamond\3.12\synpbase\lib\vhd\std1164.vhd (2020-10-29 10:23:10)
13       C:\lscc\diamond\3.12\synpbase\lib\vhd\umr_capim.vhd (2020-10-29 10:23:10)
14       C:\lscc\diamond\3.12\synpbase\lib\vhd\unsigned.vhd (2020-10-29 10:23:10)

*******************************************************************
Unchanged modules: 0
MID:  lib.cell.view
