
Copyright (C) 1994-2020 Synopsys, Inc.
This Synopsys software and all associated documentation are proprietary to Synopsys, Inc.
and may only be used pursuant to the terms and conditions of a written license agreement
with Synopsys, Inc. All other use, reproduction, modification, or distribution of the
Synopsys software or the associated documentation is strictly prohibited.
Tool: Synplify Pro (R)
Build: Q-2020.03L-SP1
Install: C:\lscc\diamond\3.12\synpbase
OS: Windows 6.2

Hostname: DESKTOP-4OJJTR2

Implementation : barrelrLR0
Synopsys HDL compiler and linker, Version comp202003synp2, Build 182R, Built Oct 29 2020 10:49:53, @

Modified Files: 3
FID:  path (prevtimestamp, timestamp)
0        C:\Users\braya\Downloads\06-proyectDiamond-1erParc\23-barrelrLR00\barrelrLR.vhdl (2022-03-24 10:44:24, 2022-03-24 10:52:36)
1        C:\Users\braya\Downloads\06-proyectDiamond-1erParc\23-barrelrLR00\barrelrLR00.vhdl (2022-03-24 10:44:25, 2022-03-24 10:52:37)
6        C:\Users\braya\Downloads\06-proyectDiamond-1erParc\23-barrelrLR00\packagebarrelrLR00.vhdl (2022-03-24 10:44:25, 2022-03-24 10:52:37)

*******************************************************************
Modules that may have changed as a result of file changes: 5
MID:  lib.cell.view
0        work.barrelrlr.barrel may have changed because the following files changed:
                        C:\Users\braya\Downloads\06-proyectDiamond-1erParc\23-barrelrLR00\barrelrLR.vhdl (2022-03-24 10:44:24, 2022-03-24 10:52:36) <-- (architecture and entity definition)
                        C:\Users\braya\Downloads\06-proyectDiamond-1erParc\23-barrelrLR00\barrelrLR00.vhdl (2022-03-24 10:44:25, 2022-03-24 10:52:37) <-- (may instantiate this module)
2        work.barrelrlr00.barrelrlr0 may have changed because the following files changed:
                        C:\Users\braya\Downloads\06-proyectDiamond-1erParc\23-barrelrLR00\barrelrLR00.vhdl (2022-03-24 10:44:25, 2022-03-24 10:52:37) <-- (architecture and entity definition)
4        work.div00.div0 may have changed because the following files changed:
                        C:\Users\braya\Downloads\06-proyectDiamond-1erParc\23-barrelrLR00\barrelrLR00.vhdl (2022-03-24 10:44:25, 2022-03-24 10:52:37) <-- (may instantiate this module)
6        work.osc00.osc0 may have changed because the following files changed:
                        C:\Users\braya\Downloads\06-proyectDiamond-1erParc\23-barrelrLR00\barrelrLR00.vhdl (2022-03-24 10:44:25, 2022-03-24 10:52:37) <-- (may instantiate this module)
8        work.oscint00.oscint0 may have changed because the following files changed:
                        C:\Users\braya\Downloads\06-proyectDiamond-1erParc\23-barrelrLR00\barrelrLR00.vhdl (2022-03-24 10:44:25, 2022-03-24 10:52:37) <-- (may instantiate this module)

*******************************************************************
Unmodified files: 15
FID:  path (timestamp)
2        C:\Users\braya\Downloads\06-proyectDiamond-1erParc\23-barrelrLR00\barrelrLR0\source\div00.vhdl (2022-03-10 15:11:00)
3        C:\Users\braya\Downloads\06-proyectDiamond-1erParc\23-barrelrLR00\barrelrLR0\source\osc00.vhdl (2022-03-10 15:11:00)
4        C:\Users\braya\Downloads\06-proyectDiamond-1erParc\23-barrelrLR00\barrelrLR0\source\oscint00.vhdl (2022-03-10 15:11:00)
5        C:\Users\braya\Downloads\06-proyectDiamond-1erParc\23-barrelrLR00\barrelrLR0\source\packageosc00.vhdl (2022-03-10 15:11:00)
7        C:\lscc\diamond\3.12\cae_library\synthesis\vhdl\machxo2.vhd (2018-11-15 00:32:12)
8        C:\lscc\diamond\3.12\synpbase\lib\cpld\lattice.vhd (2020-10-29 10:20:44)
9        C:\lscc\diamond\3.12\synpbase\lib\vhd\arith.vhd (2020-10-29 10:23:10)
10       C:\lscc\diamond\3.12\synpbase\lib\vhd\hyperents.vhd (2020-10-29 10:23:10)
11       C:\lscc\diamond\3.12\synpbase\lib\vhd\location.map (2020-11-02 17:26:20)
12       C:\lscc\diamond\3.12\synpbase\lib\vhd\numeric.vhd (2020-10-29 10:23:10)
13       C:\lscc\diamond\3.12\synpbase\lib\vhd\snps_haps_pkg.vhd (2020-10-29 10:23:10)
14       C:\lscc\diamond\3.12\synpbase\lib\vhd\std.vhd (2020-10-29 10:23:10)
15       C:\lscc\diamond\3.12\synpbase\lib\vhd\std1164.vhd (2020-10-29 10:23:10)
16       C:\lscc\diamond\3.12\synpbase\lib\vhd\umr_capim.vhd (2020-10-29 10:23:10)
17       C:\lscc\diamond\3.12\synpbase\lib\vhd\unsigned.vhd (2020-10-29 10:23:10)

*******************************************************************
Unchanged modules: 0
MID:  lib.cell.view
