Running in Lattice mode

Starting:    C:\lscc\diamond\3.12\synpbase\bin64\mbin\synbatch.exe
Install:     C:\lscc\diamond\3.12\synpbase
Hostname:    DESKTOP-4OJJTR2
Date:        Wed Feb 16 09:10:34 2022
Version:     Q-2020.03L-SP1

Arguments:   -product synplify_pro -batch mux00_mux0_synplify.tcl
ProductType: synplify_pro




log file: "C:\Users\braya\Downloads\Arquitectura de computadoras\06-projectDiamond-1erParc\02-mux00\mux0\mux00_mux0.srr"
Running: hdl_info_gen in foreground

Generating HDL info...

hdl_info_gen completed
# Wed Feb 16 09:10:36 2022

Return Code: 0
Run Time:00h:00m:01s
log file: "C:\Users\braya\Downloads\Arquitectura de computadoras\06-projectDiamond-1erParc\02-mux00\mux0\mux00_mux0.srr"
Running: mux0 in foreground

Running proj_1|mux0

Running Flow: compile (Compile) on proj_1|mux0
# Wed Feb 16 09:10:37 2022

Running Flow: compile_flow (Compile Process) on proj_1|mux0
# Wed Feb 16 09:10:37 2022

Running: compiler (Compile Input) on proj_1|mux0
# Wed Feb 16 09:10:37 2022
Copied C:\Users\braya\Downloads\Arquitectura de computadoras\06-projectDiamond-1erParc\02-mux00\mux0\synwork\mux00_mux0_comp.srs to C:\Users\braya\Downloads\Arquitectura de computadoras\06-projectDiamond-1erParc\02-mux00\mux0\mux00_mux0.srs

compiler completed
# Wed Feb 16 09:10:40 2022

Return Code: 0
Run Time:00h:00m:03s

Running: multi_srs_gen (Multi-srs Generator) on proj_1|mux0
# Wed Feb 16 09:10:40 2022

multi_srs_gen completed
# Wed Feb 16 09:10:41 2022

Return Code: 0
Run Time:00h:00m:01s
Copied C:\Users\braya\Downloads\Arquitectura de computadoras\06-projectDiamond-1erParc\02-mux00\mux0\synwork\mux00_mux0_mult.srs to C:\Users\braya\Downloads\Arquitectura de computadoras\06-projectDiamond-1erParc\02-mux00\mux0\mux00_mux0.srs
Copied C:\Users\braya\Downloads\Arquitectura de computadoras\06-projectDiamond-1erParc\02-mux00\mux0\mux00_mux0.srr to C:\Users\braya\Downloads\Arquitectura de computadoras\06-projectDiamond-1erParc\02-mux00\mux0\mux00_mux0.srf
Complete: Compile Process on proj_1|mux0

Running: premap (Premap) on proj_1|mux0
# Wed Feb 16 09:10:41 2022

premap completed
# Wed Feb 16 09:10:43 2022

Return Code: 0
Run Time:00h:00m:02s
Complete: Compile on proj_1|mux0

Running Flow: map (Map) on proj_1|mux0
# Wed Feb 16 09:10:43 2022

Running: fpga_mapper (Map & Optimize) on proj_1|mux0
# Wed Feb 16 09:10:43 2022
Copied C:\Users\braya\Downloads\Arquitectura de computadoras\06-projectDiamond-1erParc\02-mux00\mux0\synwork\mux00_mux0_m.srm to C:\Users\braya\Downloads\Arquitectura de computadoras\06-projectDiamond-1erParc\02-mux00\mux0\mux00_mux0.srm

fpga_mapper completed
# Wed Feb 16 09:10:47 2022

Return Code: 0
Run Time:00h:00m:04s
Complete: Map on proj_1|mux0
Copied C:\Users\braya\Downloads\Arquitectura de computadoras\06-projectDiamond-1erParc\02-mux00\mux0\mux00_mux0.srr to C:\Users\braya\Downloads\Arquitectura de computadoras\06-projectDiamond-1erParc\02-mux00\mux0\mux00_mux0.srf
Complete: Logic Synthesis on proj_1|mux0
TCL script complete: "mux00_mux0_synplify.tcl"
exit status=0
exit status=0
Save changes for project:
C:\Users\braya\Downloads\Arquitectura de computadoras\06-projectDiamond-1erParc\02-mux00\mux0\proj_1.prj
batch mode default:no
